<?xml version="1.0" encoding="utf-8"?>
<!DOCTYPE coverage SYSTEM "http://cobertura.sourceforge.net/xml/coverage-04.dtd">
<coverage line-rate="0.250585480093677" branch-rate="1" lines-covered="107" lines-valid="427" branches-covered="0" branches-valid="0" complexity="119" version="0" timestamp="1684696570">
  <sources />
  <packages>
    <package name="ProceduralMapGenerationAssembly" line-rate="0.252358490566038" branch-rate="1" complexity="117">
      <classes>
        <class name="Assets.SRC.ProceduralMapGeneration.Assets.SRC.ProceduralMapGeneration.Assets.SRC.ProceduralMapGeneration.PathFinding.NewPathFinding" filename="C:/git/Unity.DungeonCrawler/DungeonCrawler/Assets/SRC/ProceduralMapGeneration/PathFinding/NewPathFinding/FindEnds.cs" line-rate="1" branch-rate="1" complexity="NaN">
          <methods>
            <method name="FindEnds" signature="(UnityEngine.Vector3[])" line-rate="1" branch-rate="1" complexity="NaN">
              <lines>
                <line number="27" hits="2" branch="false" />
                <line number="28" hits="2" branch="false" />
                <line number="33" hits="2" branch="false" />
                <line number="34" hits="2" branch="false" />
              </lines>
            </method>
          </methods>
          <lines>
            <line number="27" hits="2" branch="false" />
            <line number="28" hits="2" branch="false" />
            <line number="33" hits="2" branch="false" />
            <line number="34" hits="2" branch="false" />
          </lines>
        </class>
        <class name="Assets.SRC.ProceduralMapGeneration.Assets.SRC.ProceduralMapGeneration.Assets.SRC.ProceduralMapGeneration.PathFinding.NewPathFinding" filename="C:/git/Unity.DungeonCrawler/DungeonCrawler/Assets/SRC/ProceduralMapGeneration/PathFinding/NewPathFinding/Findpath.cs" line-rate="0.107142857142857" branch-rate="1" complexity="NaN">
          <methods>
            <method name="Findpath" signature="(System.Collections.Generic.List[NewNode], UnityEngine.Vector3[])" line-rate="0.107142857142857" branch-rate="1" complexity="NaN">
              <lines>
                <line number="31" hits="4" branch="false" />
                <line number="32" hits="8" branch="false" />
                <line number="33" hits="6" branch="false" />
                <line number="35" hits="0" branch="false" />
                <line number="36" hits="0" branch="false" />
                <line number="38" hits="0" branch="false" />
                <line number="39" hits="0" branch="false" />
                <line number="40" hits="0" branch="false" />
                <line number="42" hits="0" branch="false" />
                <line number="43" hits="0" branch="false" />
                <line number="45" hits="0" branch="false" />
                <line number="46" hits="0" branch="false" />
                <line number="47" hits="0" branch="false" />
                <line number="48" hits="0" branch="false" />
                <line number="49" hits="0" branch="false" />
                <line number="50" hits="0" branch="false" />
                <line number="52" hits="0" branch="false" />
                <line number="53" hits="0" branch="false" />
                <line number="54" hits="0" branch="false" />
                <line number="55" hits="0" branch="false" />
                <line number="56" hits="0" branch="false" />
                <line number="58" hits="0" branch="false" />
                <line number="60" hits="0" branch="false" />
                <line number="61" hits="0" branch="false" />
                <line number="62" hits="0" branch="false" />
                <line number="63" hits="0" branch="false" />
                <line number="65" hits="0" branch="false" />
                <line number="66" hits="0" branch="false" />
              </lines>
            </method>
          </methods>
          <lines>
            <line number="31" hits="4" branch="false" />
            <line number="32" hits="8" branch="false" />
            <line number="33" hits="6" branch="false" />
            <line number="35" hits="0" branch="false" />
            <line number="36" hits="0" branch="false" />
            <line number="38" hits="0" branch="false" />
            <line number="39" hits="0" branch="false" />
            <line number="40" hits="0" branch="false" />
            <line number="42" hits="0" branch="false" />
            <line number="43" hits="0" branch="false" />
            <line number="45" hits="0" branch="false" />
            <line number="46" hits="0" branch="false" />
            <line number="47" hits="0" branch="false" />
            <line number="48" hits="0" branch="false" />
            <line number="49" hits="0" branch="false" />
            <line number="50" hits="0" branch="false" />
            <line number="52" hits="0" branch="false" />
            <line number="53" hits="0" branch="false" />
            <line number="54" hits="0" branch="false" />
            <line number="55" hits="0" branch="false" />
            <line number="56" hits="0" branch="false" />
            <line number="58" hits="0" branch="false" />
            <line number="60" hits="0" branch="false" />
            <line number="61" hits="0" branch="false" />
            <line number="62" hits="0" branch="false" />
            <line number="63" hits="0" branch="false" />
            <line number="65" hits="0" branch="false" />
            <line number="66" hits="0" branch="false" />
          </lines>
        </class>
        <class name="Assets.SRC.ProceduralMapGeneration.Assets.SRC.ProceduralMapGeneration.Assets.SRC.ProceduralMapGeneration.PathFinding.NewPathFinding" filename="C:/git/Unity.DungeonCrawler/DungeonCrawler/Assets/SRC/ProceduralMapGeneration/PathFinding/NewPathFinding/GetNextNode.cs" line-rate="0" branch-rate="1" complexity="NaN">
          <methods>
            <method name="GetNextNode" signature="(Assets.SRC.ProceduralMapGeneration.Assets.SRC.ProceduralMapGeneration.Assets.SRC.ProceduralMapGeneration.PathFinding.NewNode)" line-rate="0" branch-rate="1" complexity="NaN">
              <lines>
                <line number="25" hits="0" branch="false" />
                <line number="26" hits="0" branch="false" />
                <line number="27" hits="0" branch="false" />
                <line number="28" hits="0" branch="false" />
                <line number="30" hits="0" branch="false" />
                <line number="31" hits="0" branch="false" />
                <line number="32" hits="0" branch="false" />
                <line number="33" hits="0" branch="false" />
                <line number="34" hits="0" branch="false" />
                <line number="35" hits="0" branch="false" />
                <line number="36" hits="0" branch="false" />
                <line number="37" hits="0" branch="false" />
                <line number="39" hits="0" branch="false" />
                <line number="40" hits="0" branch="false" />
                <line number="41" hits="0" branch="false" />
              </lines>
            </method>
          </methods>
          <lines>
            <line number="25" hits="0" branch="false" />
            <line number="26" hits="0" branch="false" />
            <line number="27" hits="0" branch="false" />
            <line number="28" hits="0" branch="false" />
            <line number="30" hits="0" branch="false" />
            <line number="31" hits="0" branch="false" />
            <line number="32" hits="0" branch="false" />
            <line number="33" hits="0" branch="false" />
            <line number="34" hits="0" branch="false" />
            <line number="35" hits="0" branch="false" />
            <line number="36" hits="0" branch="false" />
            <line number="37" hits="0" branch="false" />
            <line number="39" hits="0" branch="false" />
            <line number="40" hits="0" branch="false" />
            <line number="41" hits="0" branch="false" />
          </lines>
        </class>
        <class name="Assets.SRC.ProceduralMapGeneration.Assets.SRC.ProceduralMapGeneration.Assets.SRC.ProceduralMapGeneration.PathFinding.NewPathFinding" filename="C:/git/Unity.DungeonCrawler/DungeonCrawler/Assets/SRC/ProceduralMapGeneration/PathFinding/NewPathFinding/NodeGridCreator.cs" line-rate="0" branch-rate="1" complexity="NaN">
          <methods>
            <method name="NodeGridCreator" signature="(UnityEngine.Vector3[], UnityEngine.Vector3[], System.Single)" line-rate="0" branch-rate="1" complexity="NaN">
              <lines>
                <line number="30" hits="0" branch="false" />
                <line number="31" hits="0" branch="false" />
                <line number="37" hits="0" branch="false" />
                <line number="38" hits="0" branch="false" />
                <line number="39" hits="0" branch="false" />
                <line number="40" hits="0" branch="false" />
                <line number="41" hits="0" branch="false" />
                <line number="42" hits="0" branch="false" />
                <line number="43" hits="0" branch="false" />
                <line number="44" hits="0" branch="false" />
                <line number="45" hits="0" branch="false" />
                <line number="46" hits="0" branch="false" />
                <line number="48" hits="0" branch="false" />
                <line number="49" hits="0" branch="false" />
              </lines>
            </method>
            <method name="NodeGridCreator" signature="(UnityEngine.Vector3[], System.Single)" line-rate="0" branch-rate="1" complexity="NaN">
              <lines>
                <line number="58" hits="0" branch="false" />
                <line number="59" hits="0" branch="false" />
                <line number="61" hits="0" branch="false" />
                <line number="63" hits="0" branch="false" />
                <line number="64" hits="0" branch="false" />
                <line number="65" hits="0" branch="false" />
                <line number="66" hits="0" branch="false" />
                <line number="67" hits="0" branch="false" />
                <line number="68" hits="0" branch="false" />
                <line number="69" hits="0" branch="false" />
                <line number="71" hits="0" branch="false" />
                <line number="72" hits="0" branch="false" />
                <line number="74" hits="0" branch="false" />
                <line number="75" hits="0" branch="false" />
              </lines>
            </method>
          </methods>
          <lines>
            <line number="30" hits="0" branch="false" />
            <line number="31" hits="0" branch="false" />
            <line number="37" hits="0" branch="false" />
            <line number="38" hits="0" branch="false" />
            <line number="39" hits="0" branch="false" />
            <line number="40" hits="0" branch="false" />
            <line number="41" hits="0" branch="false" />
            <line number="42" hits="0" branch="false" />
            <line number="43" hits="0" branch="false" />
            <line number="44" hits="0" branch="false" />
            <line number="45" hits="0" branch="false" />
            <line number="46" hits="0" branch="false" />
            <line number="48" hits="0" branch="false" />
            <line number="49" hits="0" branch="false" />
            <line number="58" hits="0" branch="false" />
            <line number="59" hits="0" branch="false" />
            <line number="61" hits="0" branch="false" />
            <line number="63" hits="0" branch="false" />
            <line number="64" hits="0" branch="false" />
            <line number="65" hits="0" branch="false" />
            <line number="66" hits="0" branch="false" />
            <line number="67" hits="0" branch="false" />
            <line number="68" hits="0" branch="false" />
            <line number="69" hits="0" branch="false" />
            <line number="71" hits="0" branch="false" />
            <line number="72" hits="0" branch="false" />
            <line number="74" hits="0" branch="false" />
            <line number="75" hits="0" branch="false" />
          </lines>
        </class>
        <class name="Assets.SRC.ProceduralMapGeneration.Assets.SRC.ProceduralMapGeneration.Assets.SRC.ProceduralMapGeneration.PathFinding.NewPathFinding" filename="C:/git/Unity.DungeonCrawler/DungeonCrawler/Assets/SRC/ProceduralMapGeneration/PathFinding/NewPathFinding/SetNodeNeighbors.cs" line-rate="0" branch-rate="1" complexity="NaN">
          <methods>
            <method name="SetNodeNeighbors" signature="(System.Collections.Generic.List[NewNode], System.Single)" line-rate="0" branch-rate="1" complexity="NaN">
              <lines>
                <line number="29" hits="0" branch="false" />
                <line number="42" hits="0" branch="false" />
                <line number="43" hits="0" branch="false" />
                <line number="44" hits="0" branch="false" />
                <line number="45" hits="0" branch="false" />
                <line number="46" hits="0" branch="false" />
                <line number="47" hits="0" branch="false" />
                <line number="48" hits="0" branch="false" />
                <line number="50" hits="0" branch="false" />
                <line number="54" hits="0" branch="false" />
                <line number="55" hits="0" branch="false" />
                <line number="56" hits="0" branch="false" />
                <line number="57" hits="0" branch="false" />
                <line number="59" hits="0" branch="false" />
                <line number="63" hits="0" branch="false" />
                <line number="64" hits="0" branch="false" />
                <line number="65" hits="0" branch="false" />
                <line number="66" hits="0" branch="false" />
                <line number="68" hits="0" branch="false" />
                <line number="72" hits="0" branch="false" />
                <line number="73" hits="0" branch="false" />
                <line number="74" hits="0" branch="false" />
                <line number="75" hits="0" branch="false" />
                <line number="77" hits="0" branch="false" />
                <line number="81" hits="0" branch="false" />
                <line number="82" hits="0" branch="false" />
                <line number="83" hits="0" branch="false" />
                <line number="84" hits="0" branch="false" />
                <line number="86" hits="0" branch="false" />
                <line number="90" hits="0" branch="false" />
                <line number="91" hits="0" branch="false" />
                <line number="92" hits="0" branch="false" />
                <line number="93" hits="0" branch="false" />
                <line number="95" hits="0" branch="false" />
                <line number="99" hits="0" branch="false" />
                <line number="100" hits="0" branch="false" />
                <line number="101" hits="0" branch="false" />
                <line number="102" hits="0" branch="false" />
                <line number="103" hits="0" branch="false" />
                <line number="104" hits="0" branch="false" />
                <line number="105" hits="0" branch="false" />
                <line number="106" hits="0" branch="false" />
                <line number="107" hits="0" branch="false" />
                <line number="108" hits="0" branch="false" />
              </lines>
            </method>
          </methods>
          <lines>
            <line number="29" hits="0" branch="false" />
            <line number="42" hits="0" branch="false" />
            <line number="43" hits="0" branch="false" />
            <line number="44" hits="0" branch="false" />
            <line number="45" hits="0" branch="false" />
            <line number="46" hits="0" branch="false" />
            <line number="47" hits="0" branch="false" />
            <line number="48" hits="0" branch="false" />
            <line number="50" hits="0" branch="false" />
            <line number="54" hits="0" branch="false" />
            <line number="55" hits="0" branch="false" />
            <line number="56" hits="0" branch="false" />
            <line number="57" hits="0" branch="false" />
            <line number="59" hits="0" branch="false" />
            <line number="63" hits="0" branch="false" />
            <line number="64" hits="0" branch="false" />
            <line number="65" hits="0" branch="false" />
            <line number="66" hits="0" branch="false" />
            <line number="68" hits="0" branch="false" />
            <line number="72" hits="0" branch="false" />
            <line number="73" hits="0" branch="false" />
            <line number="74" hits="0" branch="false" />
            <line number="75" hits="0" branch="false" />
            <line number="77" hits="0" branch="false" />
            <line number="81" hits="0" branch="false" />
            <line number="82" hits="0" branch="false" />
            <line number="83" hits="0" branch="false" />
            <line number="84" hits="0" branch="false" />
            <line number="86" hits="0" branch="false" />
            <line number="90" hits="0" branch="false" />
            <line number="91" hits="0" branch="false" />
            <line number="92" hits="0" branch="false" />
            <line number="93" hits="0" branch="false" />
            <line number="95" hits="0" branch="false" />
            <line number="99" hits="0" branch="false" />
            <line number="100" hits="0" branch="false" />
            <line number="101" hits="0" branch="false" />
            <line number="102" hits="0" branch="false" />
            <line number="103" hits="0" branch="false" />
            <line number="104" hits="0" branch="false" />
            <line number="105" hits="0" branch="false" />
            <line number="106" hits="0" branch="false" />
            <line number="107" hits="0" branch="false" />
            <line number="108" hits="0" branch="false" />
          </lines>
        </class>
        <class name="Assets.SRC.ProceduralMapGeneration.Assets.SRC.ProceduralMapGeneration.Assets.SRC.ProceduralMapGeneration.PathFinding.NewPathFinding" filename="C:/git/Unity.DungeonCrawler/DungeonCrawler/Assets/SRC/ProceduralMapGeneration/PathFinding/NewPathFinding/Variables.cs" line-rate="0" branch-rate="1" complexity="1">
          <methods>
            <method name="NewPathFinding" signature="()" line-rate="0" branch-rate="1" complexity="1">
              <lines>
                <line number="21" hits="0" branch="false" />
                <line number="22" hits="0" branch="false" />
              </lines>
            </method>
          </methods>
          <lines>
            <line number="21" hits="0" branch="false" />
            <line number="22" hits="0" branch="false" />
          </lines>
        </class>
        <class name="Assets.SRC.ProceduralMapGeneration.Assets.SRC.ProceduralMapGeneration.Assets.SRC.ProceduralMapGeneration.PathFinding.PathMapBuilder" filename="C:/git/Unity.DungeonCrawler/DungeonCrawler/Assets/SRC/ProceduralMapGeneration/PathFinding/PathMapBuilder/PathMapBuilder.cs" line-rate="0" branch-rate="1" complexity="1">
          <methods>
            <method name="CreateMap" signature="(System.Int32, System.Single, UnityEngine.Transform, Assets.SRC.ProceduralMapGeneration.Assets.SRC.ProceduralMapGeneration.ScriptableObjects.DirectionalTilesScriptableObject, System.Int32)" line-rate="0" branch-rate="1" complexity="NaN">
              <lines>
                <line number="27" hits="0" branch="false" />
                <line number="28" hits="0" branch="false" />
                <line number="29" hits="0" branch="false" />
                <line number="30" hits="0" branch="false" />
                <line number="31" hits="0" branch="false" />
                <line number="32" hits="0" branch="false" />
                <line number="33" hits="0" branch="false" />
                <line number="34" hits="0" branch="false" />
                <line number="35" hits="0" branch="false" />
                <line number="36" hits="0" branch="false" />
                <line number="37" hits="0" branch="false" />
                <line number="38" hits="0" branch="false" />
                <line number="39" hits="0" branch="false" />
                <line number="40" hits="0" branch="false" />
                <line number="41" hits="0" branch="false" />
                <line number="42" hits="0" branch="false" />
                <line number="43" hits="0" branch="false" />
                <line number="44" hits="0" branch="false" />
                <line number="45" hits="0" branch="false" />
                <line number="46" hits="0" branch="false" />
                <line number="47" hits="0" branch="false" />
                <line number="48" hits="0" branch="false" />
                <line number="51" hits="0" branch="false" />
                <line number="52" hits="0" branch="false" />
                <line number="53" hits="0" branch="false" />
                <line number="54" hits="0" branch="false" />
                <line number="55" hits="0" branch="false" />
                <line number="57" hits="0" branch="false" />
                <line number="58" hits="0" branch="false" />
                <line number="59" hits="0" branch="false" />
                <line number="60" hits="0" branch="false" />
                <line number="61" hits="0" branch="false" />
                <line number="62" hits="0" branch="false" />
              </lines>
            </method>
            <method name="PathMapBuilder" signature="()" line-rate="0" branch-rate="1" complexity="1">
              <lines>
                <line number="11" hits="0" branch="false" />
                <line number="13" hits="0" branch="false" />
                <line number="14" hits="0" branch="false" />
                <line number="15" hits="0" branch="false" />
                <line number="16" hits="0" branch="false" />
              </lines>
            </method>
          </methods>
          <lines>
            <line number="11" hits="0" branch="false" />
            <line number="13" hits="0" branch="false" />
            <line number="14" hits="0" branch="false" />
            <line number="15" hits="0" branch="false" />
            <line number="16" hits="0" branch="false" />
            <line number="27" hits="0" branch="false" />
            <line number="28" hits="0" branch="false" />
            <line number="29" hits="0" branch="false" />
            <line number="30" hits="0" branch="false" />
            <line number="31" hits="0" branch="false" />
            <line number="32" hits="0" branch="false" />
            <line number="33" hits="0" branch="false" />
            <line number="34" hits="0" branch="false" />
            <line number="35" hits="0" branch="false" />
            <line number="36" hits="0" branch="false" />
            <line number="37" hits="0" branch="false" />
            <line number="38" hits="0" branch="false" />
            <line number="39" hits="0" branch="false" />
            <line number="40" hits="0" branch="false" />
            <line number="41" hits="0" branch="false" />
            <line number="42" hits="0" branch="false" />
            <line number="43" hits="0" branch="false" />
            <line number="44" hits="0" branch="false" />
            <line number="45" hits="0" branch="false" />
            <line number="46" hits="0" branch="false" />
            <line number="47" hits="0" branch="false" />
            <line number="48" hits="0" branch="false" />
            <line number="51" hits="0" branch="false" />
            <line number="52" hits="0" branch="false" />
            <line number="53" hits="0" branch="false" />
            <line number="54" hits="0" branch="false" />
            <line number="55" hits="0" branch="false" />
            <line number="57" hits="0" branch="false" />
            <line number="58" hits="0" branch="false" />
            <line number="59" hits="0" branch="false" />
            <line number="60" hits="0" branch="false" />
            <line number="61" hits="0" branch="false" />
            <line number="62" hits="0" branch="false" />
          </lines>
        </class>
        <class name="Assets.SRC.ProceduralMapGeneration.Assets.SRC.ProceduralMapGeneration.Noise.PerlinNoiseGenerator" filename="C:/git/Unity.DungeonCrawler/DungeonCrawler/Assets/SRC/ProceduralMapGeneration/Noise/PerlinNoiseGenerator/PerlinNoiseGenerator.cs" line-rate="1" branch-rate="1" complexity="NaN">
          <methods>
            <method name="GeneratePerlinNoise2DTexture" signature="(System.Int32, System.Single)" line-rate="1" branch-rate="1" complexity="NaN">
              <lines>
                <line number="14" hits="1" branch="false" />
                <line number="15" hits="1" branch="false" />
                <line number="16" hits="202" branch="false" />
                <line number="17" hits="100" branch="false" />
                <line number="18" hits="20200" branch="false" />
                <line number="19" hits="10000" branch="false" />
                <line number="20" hits="10000" branch="false" />
                <line number="21" hits="10000" branch="false" />
                <line number="22" hits="10000" branch="false" />
                <line number="23" hits="100" branch="false" />
                <line number="25" hits="1" branch="false" />
                <line number="26" hits="1" branch="false" />
                <line number="27" hits="1" branch="false" />
              </lines>
            </method>
          </methods>
          <lines>
            <line number="14" hits="1" branch="false" />
            <line number="15" hits="1" branch="false" />
            <line number="16" hits="202" branch="false" />
            <line number="17" hits="100" branch="false" />
            <line number="18" hits="20200" branch="false" />
            <line number="19" hits="10000" branch="false" />
            <line number="20" hits="10000" branch="false" />
            <line number="21" hits="10000" branch="false" />
            <line number="22" hits="10000" branch="false" />
            <line number="23" hits="100" branch="false" />
            <line number="25" hits="1" branch="false" />
            <line number="26" hits="1" branch="false" />
            <line number="27" hits="1" branch="false" />
          </lines>
        </class>
        <class name="Assets.SRC.ProceduralMapGeneration.Assets.SRC.ProceduralMapGeneration.ScriptableObjects.DirectionalTilesScriptableObject" filename="C:/git/Unity.DungeonCrawler/DungeonCrawler/Assets/SRC/ProceduralMapGeneration/ScriptableObjects/DirectionalTilesScriptableObject/DirectionalTilesScriptableObject.cs" line-rate="1" branch-rate="1" complexity="1">
          <methods>
            <method name="RetunObjectsAsAList" signature="()" line-rate="1" branch-rate="1" complexity="1">
              <lines>
                <line number="77" hits="1" branch="false" />
                <line number="78" hits="1" branch="false" />
                <line number="144" hits="1" branch="false" />
              </lines>
            </method>
          </methods>
          <lines>
            <line number="77" hits="1" branch="false" />
            <line number="78" hits="1" branch="false" />
            <line number="144" hits="1" branch="false" />
          </lines>
        </class>
        <class name="Assets.SRC.ProceduralMapGeneration.Assets.SRC.ProceduralMapGeneration.Structs.DirectionIDStruct" filename="C:/git/Unity.DungeonCrawler/DungeonCrawler/Assets/SRC/ProceduralMapGeneration/Structs/DirectionIDStruct/DirectionIDStruct.cs" line-rate="1" branch-rate="1" complexity="NaN">
          <methods>
            <method name="NothID" signature="()" line-rate="1" branch-rate="1" complexity="NaN">
              <lines>
                <line number="5" hits="3" branch="false" />
              </lines>
            </method>
            <method name="NothID" signature="(System.Boolean)" line-rate="1" branch-rate="1" complexity="NaN">
              <lines>
                <line number="5" hits="3" branch="false" />
              </lines>
            </method>
            <method name="EastID" signature="()" line-rate="1" branch-rate="1" complexity="NaN">
              <lines>
                <line number="6" hits="3" branch="false" />
              </lines>
            </method>
            <method name="EastID" signature="(System.Boolean)" line-rate="1" branch-rate="1" complexity="NaN">
              <lines>
                <line number="6" hits="3" branch="false" />
              </lines>
            </method>
            <method name="WestID" signature="()" line-rate="1" branch-rate="1" complexity="NaN">
              <lines>
                <line number="7" hits="3" branch="false" />
              </lines>
            </method>
            <method name="WestID" signature="(System.Boolean)" line-rate="1" branch-rate="1" complexity="NaN">
              <lines>
                <line number="7" hits="3" branch="false" />
              </lines>
            </method>
            <method name="SouthID" signature="()" line-rate="1" branch-rate="1" complexity="NaN">
              <lines>
                <line number="8" hits="3" branch="false" />
              </lines>
            </method>
            <method name="SouthID" signature="(System.Boolean)" line-rate="1" branch-rate="1" complexity="NaN">
              <lines>
                <line number="8" hits="3" branch="false" />
              </lines>
            </method>
            <method name="TopID" signature="()" line-rate="1" branch-rate="1" complexity="NaN">
              <lines>
                <line number="9" hits="3" branch="false" />
              </lines>
            </method>
            <method name="TopID" signature="(System.Boolean)" line-rate="1" branch-rate="1" complexity="NaN">
              <lines>
                <line number="9" hits="3" branch="false" />
              </lines>
            </method>
            <method name="BottomID" signature="()" line-rate="1" branch-rate="1" complexity="NaN">
              <lines>
                <line number="10" hits="3" branch="false" />
              </lines>
            </method>
            <method name="BottomID" signature="(System.Boolean)" line-rate="1" branch-rate="1" complexity="NaN">
              <lines>
                <line number="10" hits="3" branch="false" />
              </lines>
            </method>
          </methods>
          <lines>
            <line number="5" hits="3" branch="false" />
            <line number="6" hits="3" branch="false" />
            <line number="7" hits="3" branch="false" />
            <line number="8" hits="3" branch="false" />
            <line number="9" hits="3" branch="false" />
            <line number="10" hits="3" branch="false" />
          </lines>
        </class>
        <class name="Assets.SRC.ProceduralMapGeneration.Assets.SRC.ProceduralMapGeneration.Structs.MapBuilderStruct" filename="C:/git/Unity.DungeonCrawler/DungeonCrawler/Assets/SRC/ProceduralMapGeneration/Structs/MapBuilderStruct/MapBuilderStruct.cs" line-rate="1" branch-rate="1" complexity="NaN">
          <methods>
            <method name="grid" signature="()" line-rate="1" branch-rate="1" complexity="NaN">
              <lines>
                <line number="8" hits="3" branch="false" />
              </lines>
            </method>
            <method name="grid" signature="(System.Collections.Generic.List[GameObject])" line-rate="1" branch-rate="1" complexity="NaN">
              <lines>
                <line number="8" hits="3" branch="false" />
              </lines>
            </method>
            <method name="startObject" signature="()" line-rate="1" branch-rate="1" complexity="NaN">
              <lines>
                <line number="9" hits="3" branch="false" />
              </lines>
            </method>
            <method name="startObject" signature="(UnityEngine.GameObject)" line-rate="1" branch-rate="1" complexity="NaN">
              <lines>
                <line number="9" hits="3" branch="false" />
              </lines>
            </method>
            <method name="previousTilePos" signature="()" line-rate="1" branch-rate="1" complexity="NaN">
              <lines>
                <line number="10" hits="3" branch="false" />
              </lines>
            </method>
            <method name="previousTilePos" signature="(UnityEngine.GameObject)" line-rate="1" branch-rate="1" complexity="NaN">
              <lines>
                <line number="10" hits="3" branch="false" />
              </lines>
            </method>
          </methods>
          <lines>
            <line number="8" hits="3" branch="false" />
            <line number="9" hits="3" branch="false" />
            <line number="10" hits="3" branch="false" />
          </lines>
        </class>
        <class name="Assets.SRC.ProceduralMapGeneration.Assets.SRC.ProceduralMapGeneration.Utilities.ChunkHandler" filename="C:/git/Unity.DungeonCrawler/DungeonCrawler/Assets/SRC/ProceduralMapGeneration/Utilities/ChunkHandler/AssignChunkTypes.cs" line-rate="1" branch-rate="1" complexity="NaN">
          <methods>
            <method name="AssignChunkTypes" signature="(System.Collections.Generic.List[GameObject])" line-rate="1" branch-rate="1" complexity="NaN">
              <lines>
                <line number="15" hits="2" branch="false" />
                <line number="16" hits="16" branch="false" />
                <line number="17" hits="6" branch="false" />
                <line number="18" hits="6" branch="false" />
                <line number="19" hits="6" branch="false" />
                <line number="20" hits="2" branch="false" />
                <line number="21" hits="2" branch="false" />
              </lines>
            </method>
          </methods>
          <lines>
            <line number="15" hits="2" branch="false" />
            <line number="16" hits="16" branch="false" />
            <line number="17" hits="6" branch="false" />
            <line number="18" hits="6" branch="false" />
            <line number="19" hits="6" branch="false" />
            <line number="20" hits="2" branch="false" />
            <line number="21" hits="2" branch="false" />
          </lines>
        </class>
        <class name="Assets.SRC.ProceduralMapGeneration.Assets.SRC.ProceduralMapGeneration.Utilities.ChunkHandler" filename="C:/git/Unity.DungeonCrawler/DungeonCrawler/Assets/SRC/ProceduralMapGeneration/Utilities/ChunkHandler/FindChunkNeigbors.cs" line-rate="1" branch-rate="1" complexity="NaN">
          <methods>
            <method name="FindChunkNeigbors" signature="(System.Single, System.Collections.Generic.List[GameObject])" line-rate="1" branch-rate="1" complexity="NaN">
              <lines>
                <line number="16" hits="3" branch="false" />
                <line number="17" hits="3" branch="false" />
                <line number="18" hits="3" branch="false" />
                <line number="20" hits="32" branch="false" />
                <line number="21" hits="13" branch="false" />
                <line number="22" hits="13" branch="false" />
                <line number="23" hits="13" branch="false" />
                <line number="25" hits="32" branch="false" />
                <line number="26" hits="13" branch="false" />
                <line number="27" hits="13" branch="false" />
                <line number="28" hits="13" branch="false" />
                <line number="29" hits="13" branch="false" />
                <line number="31" hits="13" branch="false" />
                <line number="33" hits="13" branch="false" />
                <line number="35" hits="13" branch="false" />
                <line number="36" hits="3" branch="false" />
                <line number="37" hits="3" branch="false" />
                <line number="38" hits="3" branch="false" />
                <line number="39" hits="13" branch="false" />
                <line number="40" hits="7" branch="false" />
                <line number="41" hits="7" branch="false" />
                <line number="42" hits="7" branch="false" />
                <line number="43" hits="13" branch="false" />
                <line number="44" hits="3" branch="false" />
                <line number="45" hits="3" branch="false" />
                <line number="46" hits="3" branch="false" />
                <line number="47" hits="13" branch="false" />
                <line number="48" hits="7" branch="false" />
                <line number="49" hits="7" branch="false" />
                <line number="50" hits="7" branch="false" />
                <line number="51" hits="13" branch="false" />
                <line number="52" hits="6" branch="false" />
                <line number="53" hits="6" branch="false" />
                <line number="54" hits="6" branch="false" />
                <line number="55" hits="13" branch="false" />
                <line number="56" hits="6" branch="false" />
                <line number="57" hits="6" branch="false" />
                <line number="58" hits="6" branch="false" />
                <line number="60" hits="13" branch="false" />
                <line number="61" hits="13" branch="false" />
                <line number="62" hits="13" branch="false" />
                <line number="63" hits="3" branch="false" />
                <line number="64" hits="3" branch="false" />
              </lines>
            </method>
          </methods>
          <lines>
            <line number="16" hits="3" branch="false" />
            <line number="17" hits="3" branch="false" />
            <line number="18" hits="3" branch="false" />
            <line number="20" hits="32" branch="false" />
            <line number="21" hits="13" branch="false" />
            <line number="22" hits="13" branch="false" />
            <line number="23" hits="13" branch="false" />
            <line number="25" hits="32" branch="false" />
            <line number="26" hits="13" branch="false" />
            <line number="27" hits="13" branch="false" />
            <line number="28" hits="13" branch="false" />
            <line number="29" hits="13" branch="false" />
            <line number="31" hits="13" branch="false" />
            <line number="33" hits="13" branch="false" />
            <line number="35" hits="13" branch="false" />
            <line number="36" hits="3" branch="false" />
            <line number="37" hits="3" branch="false" />
            <line number="38" hits="3" branch="false" />
            <line number="39" hits="13" branch="false" />
            <line number="40" hits="7" branch="false" />
            <line number="41" hits="7" branch="false" />
            <line number="42" hits="7" branch="false" />
            <line number="43" hits="13" branch="false" />
            <line number="44" hits="3" branch="false" />
            <line number="45" hits="3" branch="false" />
            <line number="46" hits="3" branch="false" />
            <line number="47" hits="13" branch="false" />
            <line number="48" hits="7" branch="false" />
            <line number="49" hits="7" branch="false" />
            <line number="50" hits="7" branch="false" />
            <line number="51" hits="13" branch="false" />
            <line number="52" hits="6" branch="false" />
            <line number="53" hits="6" branch="false" />
            <line number="54" hits="6" branch="false" />
            <line number="55" hits="13" branch="false" />
            <line number="56" hits="6" branch="false" />
            <line number="57" hits="6" branch="false" />
            <line number="58" hits="6" branch="false" />
            <line number="60" hits="13" branch="false" />
            <line number="61" hits="13" branch="false" />
            <line number="62" hits="13" branch="false" />
            <line number="63" hits="3" branch="false" />
            <line number="64" hits="3" branch="false" />
          </lines>
        </class>
        <class name="Assets.SRC.ProceduralMapGeneration.Assets.SRC.ProceduralMapGeneration.Utilities.ChunkHandler" filename="C:/git/Unity.DungeonCrawler/DungeonCrawler/Assets/SRC/ProceduralMapGeneration/Utilities/ChunkHandler/FindChunkType.cs" line-rate="0.727272727272727" branch-rate="1" complexity="NaN">
          <methods>
            <method name="FindChunkType" signature="(Assets.SRC.ProceduralMapGeneration.Assets.SRC.ProceduralMapGeneration.Structs.NeighborStruct)" line-rate="0.727272727272727" branch-rate="1" complexity="NaN">
              <lines>
                <line number="19" hits="6" branch="false" />
                <line number="20" hits="6" branch="false" />
                <line number="21" hits="6" branch="false" />
                <line number="22" hits="6" branch="false" />
                <line number="24" hits="6" branch="false" />
                <line number="25" hits="0" branch="false" />
                <line number="27" hits="6" branch="false" />
                <line number="28" hits="4" branch="false" />
                <line number="30" hits="6" branch="false" />
                <line number="31" hits="0" branch="false" />
                <line number="33" hits="6" branch="false" />
                <line number="34" hits="4" branch="false" />
                <line number="36" hits="6" branch="false" />
                <line number="37" hits="3" branch="false" />
                <line number="39" hits="6" branch="false" />
                <line number="40" hits="3" branch="false" />
                <line number="42" hits="6" branch="false" />
                <line number="44" hits="0" branch="false" />
                <line number="45" hits="0" branch="false" />
                <line number="52" hits="0" branch="false" />
                <line number="55" hits="0" branch="false" />
                <line number="56" hits="6" branch="false" />
              </lines>
            </method>
          </methods>
          <lines>
            <line number="19" hits="6" branch="false" />
            <line number="20" hits="6" branch="false" />
            <line number="21" hits="6" branch="false" />
            <line number="22" hits="6" branch="false" />
            <line number="24" hits="6" branch="false" />
            <line number="25" hits="0" branch="false" />
            <line number="27" hits="6" branch="false" />
            <line number="28" hits="4" branch="false" />
            <line number="30" hits="6" branch="false" />
            <line number="31" hits="0" branch="false" />
            <line number="33" hits="6" branch="false" />
            <line number="34" hits="4" branch="false" />
            <line number="36" hits="6" branch="false" />
            <line number="37" hits="3" branch="false" />
            <line number="39" hits="6" branch="false" />
            <line number="40" hits="3" branch="false" />
            <line number="42" hits="6" branch="false" />
            <line number="44" hits="0" branch="false" />
            <line number="45" hits="0" branch="false" />
            <line number="52" hits="0" branch="false" />
            <line number="55" hits="0" branch="false" />
            <line number="56" hits="6" branch="false" />
          </lines>
        </class>
        <class name="Assets.SRC.ProceduralMapGeneration.Assets.SRC.ProceduralMapGeneration.Utilities.GameObjectCreation" filename="C:/git/Unity.DungeonCrawler/DungeonCrawler/Assets/SRC/ProceduralMapGeneration/Utilities/GameObjectCreation/GameObjectCreation.cs" line-rate="0" branch-rate="1" complexity="2">
          <methods>
            <method name="CreateGameObjectTile" signature="(UnityEngine.GameObject, UnityEngine.Material)" line-rate="0" branch-rate="1" complexity="NaN">
              <lines>
                <line number="28" hits="0" branch="false" />
                <line number="29" hits="0" branch="false" />
                <line number="30" hits="0" branch="false" />
                <line number="31" hits="0" branch="false" />
                <line number="32" hits="0" branch="false" />
                <line number="33" hits="0" branch="false" />
                <line number="34" hits="0" branch="false" />
                <line number="35" hits="0" branch="false" />
                <line number="36" hits="0" branch="false" />
                <line number="37" hits="0" branch="false" />
                <line number="38" hits="0" branch="false" />
                <line number="39" hits="0" branch="false" />
                <line number="41" hits="0" branch="false" />
                <line number="42" hits="0" branch="false" />
              </lines>
            </method>
            <method name="GetMesh" signature="()" line-rate="0" branch-rate="1" complexity="1">
              <lines>
                <line number="52" hits="0" branch="false" />
                <line number="53" hits="0" branch="false" />
                <line number="54" hits="0" branch="false" />
              </lines>
            </method>
            <method name="GameObjectCreation" signature="()" line-rate="0" branch-rate="1" complexity="1">
              <lines>
                <line number="8" hits="0" branch="false" />
              </lines>
            </method>
          </methods>
          <lines>
            <line number="8" hits="0" branch="false" />
            <line number="28" hits="0" branch="false" />
            <line number="29" hits="0" branch="false" />
            <line number="30" hits="0" branch="false" />
            <line number="31" hits="0" branch="false" />
            <line number="32" hits="0" branch="false" />
            <line number="33" hits="0" branch="false" />
            <line number="34" hits="0" branch="false" />
            <line number="35" hits="0" branch="false" />
            <line number="36" hits="0" branch="false" />
            <line number="37" hits="0" branch="false" />
            <line number="38" hits="0" branch="false" />
            <line number="39" hits="0" branch="false" />
            <line number="41" hits="0" branch="false" />
            <line number="42" hits="0" branch="false" />
            <line number="52" hits="0" branch="false" />
            <line number="53" hits="0" branch="false" />
            <line number="54" hits="0" branch="false" />
          </lines>
        </class>
        <class name="Assets.SRC.ProceduralMapGeneration.Assets.SRC.ProceduralMapGeneration.Utilities.GenericUtilities" filename="C:/git/Unity.DungeonCrawler/DungeonCrawler/Assets/SRC/ProceduralMapGeneration/Utilities/GenericUtilities/GenericUtilities.cs" line-rate="1" branch-rate="1" complexity="NaN">
          <methods>
            <method name="NeighborsPosition" signature="(System.Single, UnityEngine.Vector3)" line-rate="1" branch-rate="1" complexity="NaN">
              <lines>
                <line number="17" hits="13" branch="false" />
                <line number="26" hits="13" branch="false" />
                <line number="27" hits="13" branch="false" />
                <line number="28" hits="13" branch="false" />
                <line number="29" hits="13" branch="false" />
                <line number="30" hits="13" branch="false" />
                <line number="31" hits="13" branch="false" />
                <line number="33" hits="13" branch="false" />
                <line number="34" hits="13" branch="false" />
              </lines>
            </method>
          </methods>
          <lines>
            <line number="17" hits="13" branch="false" />
            <line number="26" hits="13" branch="false" />
            <line number="27" hits="13" branch="false" />
            <line number="28" hits="13" branch="false" />
            <line number="29" hits="13" branch="false" />
            <line number="30" hits="13" branch="false" />
            <line number="31" hits="13" branch="false" />
            <line number="33" hits="13" branch="false" />
            <line number="34" hits="13" branch="false" />
          </lines>
        </class>
        <class name="Assets.SRC.ProceduralMapGeneration.Assets.SRC.ProceduralMapGeneration.Utilities.GridCreate" filename="C:/git/Unity.DungeonCrawler/DungeonCrawler/Assets/SRC/ProceduralMapGeneration/Utilities/GridCreate/GridCreate.cs" line-rate="0" branch-rate="1" complexity="NaN">
          <methods>
            <method name="SquareGrid2DVertical" signature="(System.Int32, System.Single)" line-rate="0" branch-rate="1" complexity="NaN">
              <lines>
                <line number="18" hits="0" branch="false" />
                <line number="19" hits="0" branch="false" />
                <line number="20" hits="0" branch="false" />
                <line number="21" hits="0" branch="false" />
                <line number="22" hits="0" branch="false" />
                <line number="23" hits="0" branch="false" />
                <line number="24" hits="0" branch="false" />
                <line number="28" hits="0" branch="false" />
                <line number="29" hits="0" branch="false" />
                <line number="30" hits="0" branch="false" />
                <line number="31" hits="0" branch="false" />
                <line number="32" hits="0" branch="false" />
              </lines>
            </method>
            <method name="SquareGrid2DHorizontal" signature="(System.Int32, System.Single)" line-rate="0" branch-rate="1" complexity="NaN">
              <lines>
                <line number="44" hits="0" branch="false" />
                <line number="45" hits="0" branch="false" />
                <line number="46" hits="0" branch="false" />
                <line number="47" hits="0" branch="false" />
                <line number="48" hits="0" branch="false" />
                <line number="49" hits="0" branch="false" />
                <line number="50" hits="0" branch="false" />
                <line number="51" hits="0" branch="false" />
                <line number="56" hits="0" branch="false" />
                <line number="57" hits="0" branch="false" />
                <line number="58" hits="0" branch="false" />
                <line number="59" hits="0" branch="false" />
                <line number="60" hits="0" branch="false" />
              </lines>
            </method>
            <method name="SquareGrid3D" signature="(System.Int32, System.Single)" line-rate="0" branch-rate="1" complexity="NaN">
              <lines>
                <line number="72" hits="0" branch="false" />
                <line number="73" hits="0" branch="false" />
                <line number="74" hits="0" branch="false" />
                <line number="75" hits="0" branch="false" />
                <line number="76" hits="0" branch="false" />
                <line number="77" hits="0" branch="false" />
                <line number="78" hits="0" branch="false" />
                <line number="79" hits="0" branch="false" />
                <line number="80" hits="0" branch="false" />
                <line number="84" hits="0" branch="false" />
                <line number="85" hits="0" branch="false" />
                <line number="86" hits="0" branch="false" />
                <line number="87" hits="0" branch="false" />
                <line number="88" hits="0" branch="false" />
                <line number="89" hits="0" branch="false" />
              </lines>
            </method>
            <method name="PlaceGameObjectsAtGridPositions" signature="(UnityEngine.Vector3[], UnityEngine.Transform)" line-rate="0" branch-rate="1" complexity="NaN">
              <lines>
                <line number="101" hits="0" branch="false" />
                <line number="102" hits="0" branch="false" />
                <line number="103" hits="0" branch="false" />
                <line number="104" hits="0" branch="false" />
                <line number="105" hits="0" branch="false" />
                <line number="106" hits="0" branch="false" />
                <line number="107" hits="0" branch="false" />
                <line number="108" hits="0" branch="false" />
                <line number="109" hits="0" branch="false" />
                <line number="110" hits="0" branch="false" />
                <line number="111" hits="0" branch="false" />
              </lines>
            </method>
          </methods>
          <lines>
            <line number="18" hits="0" branch="false" />
            <line number="19" hits="0" branch="false" />
            <line number="20" hits="0" branch="false" />
            <line number="21" hits="0" branch="false" />
            <line number="22" hits="0" branch="false" />
            <line number="23" hits="0" branch="false" />
            <line number="24" hits="0" branch="false" />
            <line number="28" hits="0" branch="false" />
            <line number="29" hits="0" branch="false" />
            <line number="30" hits="0" branch="false" />
            <line number="31" hits="0" branch="false" />
            <line number="32" hits="0" branch="false" />
            <line number="44" hits="0" branch="false" />
            <line number="45" hits="0" branch="false" />
            <line number="46" hits="0" branch="false" />
            <line number="47" hits="0" branch="false" />
            <line number="48" hits="0" branch="false" />
            <line number="49" hits="0" branch="false" />
            <line number="50" hits="0" branch="false" />
            <line number="51" hits="0" branch="false" />
            <line number="56" hits="0" branch="false" />
            <line number="57" hits="0" branch="false" />
            <line number="58" hits="0" branch="false" />
            <line number="59" hits="0" branch="false" />
            <line number="60" hits="0" branch="false" />
            <line number="72" hits="0" branch="false" />
            <line number="73" hits="0" branch="false" />
            <line number="74" hits="0" branch="false" />
            <line number="75" hits="0" branch="false" />
            <line number="76" hits="0" branch="false" />
            <line number="77" hits="0" branch="false" />
            <line number="78" hits="0" branch="false" />
            <line number="79" hits="0" branch="false" />
            <line number="80" hits="0" branch="false" />
            <line number="84" hits="0" branch="false" />
            <line number="85" hits="0" branch="false" />
            <line number="86" hits="0" branch="false" />
            <line number="87" hits="0" branch="false" />
            <line number="88" hits="0" branch="false" />
            <line number="89" hits="0" branch="false" />
            <line number="101" hits="0" branch="false" />
            <line number="102" hits="0" branch="false" />
            <line number="103" hits="0" branch="false" />
            <line number="104" hits="0" branch="false" />
            <line number="105" hits="0" branch="false" />
            <line number="106" hits="0" branch="false" />
            <line number="107" hits="0" branch="false" />
            <line number="108" hits="0" branch="false" />
            <line number="109" hits="0" branch="false" />
            <line number="110" hits="0" branch="false" />
            <line number="111" hits="0" branch="false" />
          </lines>
        </class>
        <class name="Assets.SRC.ProceduralMapGeneration.Assets.SRC.ProceduralMapGeneration.Utilities.MapBuilder" filename="C:/git/Unity.DungeonCrawler/DungeonCrawler/Assets/SRC/ProceduralMapGeneration/Utilities/MapBuilder/MapBuilder.cs" line-rate="0" branch-rate="1" complexity="1">
          <methods>
            <method name="ChooseStartTile" signature="(System.Collections.Generic.List[GameObject])" line-rate="0" branch-rate="1" complexity="NaN">
              <lines>
                <line number="21" hits="0" branch="false" />
                <line number="22" hits="0" branch="false" />
                <line number="23" hits="0" branch="false" />
                <line number="24" hits="0" branch="false" />
                <line number="25" hits="0" branch="false" />
                <line number="26" hits="0" branch="false" />
              </lines>
            </method>
            <method name="CollapseTile" signature="(System.Collections.Generic.List[GameObject], UnityEngine.GameObject)" line-rate="0" branch-rate="1" complexity="NaN">
              <lines>
                <line number="38" hits="0" branch="false" />
                <line number="39" hits="0" branch="false" />
                <line number="40" hits="0" branch="false" />
                <line number="41" hits="0" branch="false" />
              </lines>
            </method>
            <method name="MapBuilder" signature="()" line-rate="0" branch-rate="1" complexity="1">
              <lines>
                <line number="10" hits="0" branch="false" />
              </lines>
            </method>
          </methods>
          <lines>
            <line number="10" hits="0" branch="false" />
            <line number="21" hits="0" branch="false" />
            <line number="22" hits="0" branch="false" />
            <line number="23" hits="0" branch="false" />
            <line number="24" hits="0" branch="false" />
            <line number="25" hits="0" branch="false" />
            <line number="26" hits="0" branch="false" />
            <line number="38" hits="0" branch="false" />
            <line number="39" hits="0" branch="false" />
            <line number="40" hits="0" branch="false" />
            <line number="41" hits="0" branch="false" />
          </lines>
        </class>
        <class name="Assets.SRC.ProceduralMapGeneration.Assets.SRC.ProceduralMapGeneration.Utilities.MapHandler" filename="C:/git/Unity.DungeonCrawler/DungeonCrawler/Assets/SRC/ProceduralMapGeneration/Utilities/MapHandler/MapHandler.cs" line-rate="0" branch-rate="1" complexity="NaN">
          <methods>
            <method name="CreateMapPatern" signature="(System.Collections.Generic.List[GameObject])" line-rate="0" branch-rate="1" complexity="NaN">
              <lines>
                <line number="21" hits="0" branch="false" />
                <line number="22" hits="0" branch="false" />
                <line number="23" hits="0" branch="false" />
                <line number="24" hits="0" branch="false" />
                <line number="25" hits="0" branch="false" />
                <line number="26" hits="0" branch="false" />
                <line number="27" hits="0" branch="false" />
                <line number="28" hits="0" branch="false" />
                <line number="29" hits="0" branch="false" />
                <line number="30" hits="0" branch="false" />
                <line number="31" hits="0" branch="false" />
                <line number="32" hits="0" branch="false" />
                <line number="33" hits="0" branch="false" />
                <line number="35" hits="0" branch="false" />
                <line number="36" hits="0" branch="false" />
                <line number="37" hits="0" branch="false" />
                <line number="38" hits="0" branch="false" />
                <line number="39" hits="0" branch="false" />
                <line number="40" hits="0" branch="false" />
                <line number="41" hits="0" branch="false" />
                <line number="42" hits="0" branch="false" />
                <line number="43" hits="0" branch="false" />
                <line number="44" hits="0" branch="false" />
                <line number="45" hits="0" branch="false" />
                <line number="46" hits="0" branch="false" />
                <line number="47" hits="0" branch="false" />
                <line number="48" hits="0" branch="false" />
                <line number="49" hits="0" branch="false" />
                <line number="50" hits="0" branch="false" />
                <line number="51" hits="0" branch="false" />
                <line number="52" hits="0" branch="false" />
                <line number="53" hits="0" branch="false" />
                <line number="54" hits="0" branch="false" />
                <line number="55" hits="0" branch="false" />
                <line number="56" hits="0" branch="false" />
                <line number="57" hits="0" branch="false" />
                <line number="58" hits="0" branch="false" />
                <line number="59" hits="0" branch="false" />
                <line number="60" hits="0" branch="false" />
                <line number="61" hits="0" branch="false" />
                <line number="62" hits="0" branch="false" />
              </lines>
            </method>
            <method name="CreatePath" signature="(UnityEngine.Vector3[], System.Single, System.Int32, System.Single)" line-rate="0" branch-rate="1" complexity="NaN">
              <lines>
                <line number="76" hits="0" branch="false" />
                <line number="84" hits="0" branch="false" />
                <line number="85" hits="0" branch="false" />
                <line number="86" hits="0" branch="false" />
                <line number="87" hits="0" branch="false" />
                <line number="88" hits="0" branch="false" />
                <line number="89" hits="0" branch="false" />
                <line number="90" hits="0" branch="false" />
                <line number="91" hits="0" branch="false" />
                <line number="92" hits="0" branch="false" />
                <line number="93" hits="0" branch="false" />
                <line number="94" hits="0" branch="false" />
                <line number="95" hits="0" branch="false" />
                <line number="97" hits="0" branch="false" />
                <line number="98" hits="0" branch="false" />
              </lines>
            </method>
            <method name="CleanMap" signature="(System.Int32, System.Collections.Generic.List[GameObject])" line-rate="0" branch-rate="1" complexity="NaN">
              <lines>
                <line number="110" hits="0" branch="false" />
                <line number="111" hits="0" branch="false" />
                <line number="112" hits="0" branch="false" />
                <line number="113" hits="0" branch="false" />
                <line number="114" hits="0" branch="false" />
                <line number="115" hits="0" branch="false" />
                <line number="116" hits="0" branch="false" />
                <line number="117" hits="0" branch="false" />
                <line number="118" hits="0" branch="false" />
                <line number="119" hits="0" branch="false" />
                <line number="120" hits="0" branch="false" />
              </lines>
            </method>
          </methods>
          <lines>
            <line number="21" hits="0" branch="false" />
            <line number="22" hits="0" branch="false" />
            <line number="23" hits="0" branch="false" />
            <line number="24" hits="0" branch="false" />
            <line number="25" hits="0" branch="false" />
            <line number="26" hits="0" branch="false" />
            <line number="27" hits="0" branch="false" />
            <line number="28" hits="0" branch="false" />
            <line number="29" hits="0" branch="false" />
            <line number="30" hits="0" branch="false" />
            <line number="31" hits="0" branch="false" />
            <line number="32" hits="0" branch="false" />
            <line number="33" hits="0" branch="false" />
            <line number="35" hits="0" branch="false" />
            <line number="36" hits="0" branch="false" />
            <line number="37" hits="0" branch="false" />
            <line number="38" hits="0" branch="false" />
            <line number="39" hits="0" branch="false" />
            <line number="40" hits="0" branch="false" />
            <line number="41" hits="0" branch="false" />
            <line number="42" hits="0" branch="false" />
            <line number="43" hits="0" branch="false" />
            <line number="44" hits="0" branch="false" />
            <line number="45" hits="0" branch="false" />
            <line number="46" hits="0" branch="false" />
            <line number="47" hits="0" branch="false" />
            <line number="48" hits="0" branch="false" />
            <line number="49" hits="0" branch="false" />
            <line number="50" hits="0" branch="false" />
            <line number="51" hits="0" branch="false" />
            <line number="52" hits="0" branch="false" />
            <line number="53" hits="0" branch="false" />
            <line number="54" hits="0" branch="false" />
            <line number="55" hits="0" branch="false" />
            <line number="56" hits="0" branch="false" />
            <line number="57" hits="0" branch="false" />
            <line number="58" hits="0" branch="false" />
            <line number="59" hits="0" branch="false" />
            <line number="60" hits="0" branch="false" />
            <line number="61" hits="0" branch="false" />
            <line number="62" hits="0" branch="false" />
            <line number="76" hits="0" branch="false" />
            <line number="84" hits="0" branch="false" />
            <line number="85" hits="0" branch="false" />
            <line number="86" hits="0" branch="false" />
            <line number="87" hits="0" branch="false" />
            <line number="88" hits="0" branch="false" />
            <line number="89" hits="0" branch="false" />
            <line number="90" hits="0" branch="false" />
            <line number="91" hits="0" branch="false" />
            <line number="92" hits="0" branch="false" />
            <line number="93" hits="0" branch="false" />
            <line number="94" hits="0" branch="false" />
            <line number="95" hits="0" branch="false" />
            <line number="97" hits="0" branch="false" />
            <line number="98" hits="0" branch="false" />
            <line number="110" hits="0" branch="false" />
            <line number="111" hits="0" branch="false" />
            <line number="112" hits="0" branch="false" />
            <line number="113" hits="0" branch="false" />
            <line number="114" hits="0" branch="false" />
            <line number="115" hits="0" branch="false" />
            <line number="116" hits="0" branch="false" />
            <line number="117" hits="0" branch="false" />
            <line number="118" hits="0" branch="false" />
            <line number="119" hits="0" branch="false" />
            <line number="120" hits="0" branch="false" />
          </lines>
        </class>
        <class name="Assets.SRC.ProceduralMapGeneration.Assets.SRC.ProceduralMapGeneration.Utilities.PopulateTilePositions" filename="C:/git/Unity.DungeonCrawler/DungeonCrawler/Assets/SRC/ProceduralMapGeneration/Utilities/PopulateTilePositions/PopulateTilePositions.cs" line-rate="0" branch-rate="1" complexity="NaN">
          <methods>
            <method name="SetChildTile" signature="(Assets.SRC.ProceduralMapGeneration.Assets.SRC.ProceduralMapGeneration.ScriptableObjects.DirectionalTilesScriptableObject, System.Collections.Generic.List[GameObject])" line-rate="0" branch-rate="1" complexity="NaN">
              <lines>
                <line number="20" hits="0" branch="false" />
                <line number="21" hits="0" branch="false" />
                <line number="22" hits="0" branch="false" />
                <line number="23" hits="0" branch="false" />
                <line number="24" hits="0" branch="false" />
                <line number="26" hits="0" branch="false" />
                <line number="28" hits="0" branch="false" />
                <line number="29" hits="0" branch="false" />
                <line number="30" hits="0" branch="false" />
                <line number="31" hits="0" branch="false" />
                <line number="32" hits="0" branch="false" />
                <line number="33" hits="0" branch="false" />
              </lines>
            </method>
          </methods>
          <lines>
            <line number="20" hits="0" branch="false" />
            <line number="21" hits="0" branch="false" />
            <line number="22" hits="0" branch="false" />
            <line number="23" hits="0" branch="false" />
            <line number="24" hits="0" branch="false" />
            <line number="26" hits="0" branch="false" />
            <line number="28" hits="0" branch="false" />
            <line number="29" hits="0" branch="false" />
            <line number="30" hits="0" branch="false" />
            <line number="31" hits="0" branch="false" />
            <line number="32" hits="0" branch="false" />
            <line number="33" hits="0" branch="false" />
          </lines>
        </class>
      </classes>
    </package>
    <package name="SharedAssembly" line-rate="0" branch-rate="1" complexity="2">
      <classes>
        <class name="Assets.SRC.ProceduralMapGeneration.Assets.SRC.Shared.Assets.SRC.Shared.Utilities.VectorMath" filename="C:/git/Unity.DungeonCrawler/DungeonCrawler/Assets/SRC/Shared/Utilities/VectorMath.cs" line-rate="0" branch-rate="1" complexity="NaN">
          <methods>
            <method name="CalculateDistanceBetweenTwoVectors" signature="(UnityEngine.Vector3, UnityEngine.Vector3)" line-rate="0" branch-rate="1" complexity="NaN">
              <lines>
                <line number="7" hits="0" branch="false" />
              </lines>
            </method>
          </methods>
          <lines>
            <line number="7" hits="0" branch="false" />
          </lines>
        </class>
        <class name="Assets.SRC.ProceduralMapGeneration.Assets.SRC.Shared.Exceptions.CustomExceptions" filename="C:/git/Unity.DungeonCrawler/DungeonCrawler/Assets/SRC/Shared/Exceptions/CustomExceptions.cs" line-rate="0" branch-rate="1" complexity="1">
          <methods>
            <method name="NotImplementedException" signature="()" line-rate="0" branch-rate="1" complexity="1">
              <lines>
                <line number="9" hits="0" branch="false" />
                <line number="10" hits="0" branch="false" />
              </lines>
            </method>
          </methods>
          <lines>
            <line number="9" hits="0" branch="false" />
            <line number="10" hits="0" branch="false" />
          </lines>
        </class>
      </classes>
    </package>
  </packages>
</coverage>