<?xml version="1.0" encoding="utf-8"?>
<!DOCTYPE coverage SYSTEM "http://cobertura.sourceforge.net/xml/coverage-04.dtd">
<coverage line-rate="0.953271028037383" branch-rate="1" lines-covered="306" lines-valid="321" branches-covered="0" branches-valid="0" complexity="89" version="0" timestamp="1689279815">
  <sources />
  <packages>
    <package name="ProceduralMapGenerationAssembly" line-rate="0.951456310679612" branch-rate="1" complexity="86">
      <classes>
        <class name="Assets.SRC.ProceduralMapGeneration.Assets.SRC.ProceduralMapGeneration.Assets.SRC.ProceduralMapGeneration.PathFinding.NewPathFinding" filename="C:/git/Unity.DungeonCrawler/DungeonCrawler/Assets/SRC/ProceduralMapGeneration/PathFinding/NewPathFinding.cs" line-rate="0.981818181818182" branch-rate="1" complexity="1">
          <methods>
            <method name="SetNodeNeighbors" signature="(System.Collections.Generic.List[NewNodeModel], System.Single)" line-rate="1" branch-rate="1" complexity="NaN">
              <lines>
                <line number="15" hits="75" branch="false" />
                <line number="16" hits="75" branch="false" />
                <line number="17" hits="3032" branch="false" />
                <line number="18" hits="1441" branch="false" />
                <line number="19" hits="1441" branch="false" />
                <line number="20" hits="1441" branch="false" />
                <line number="21" hits="1441" branch="false" />
                <line number="22" hits="1441" branch="false" />
                <line number="23" hits="75" branch="false" />
                <line number="24" hits="75" branch="false" />
              </lines>
            </method>
            <method name="FindNeighbors" signature="(Assets.SRC.ProceduralMapGeneration.Assets.SRC.ProceduralMapGeneration.Assets.SRC.ProceduralMapGeneration.PathFinding.NewNodeModel, System.Collections.Generic.List[NewNodeModel], System.Single)" line-rate="1" branch-rate="1" complexity="NaN">
              <lines>
                <line number="27" hits="1441" branch="false" />
                <line number="28" hits="1441" branch="false" />
                <line number="29" hits="71392" branch="false" />
                <line number="30" hits="34255" branch="false" />
                <line number="32" hits="34255" branch="false" />
                <line number="33" hits="5400" branch="false" />
                <line number="34" hits="5400" branch="false" />
                <line number="35" hits="5400" branch="false" />
                <line number="36" hits="34255" branch="false" />
                <line number="38" hits="1441" branch="false" />
                <line number="39" hits="1441" branch="false" />
              </lines>
            </method>
            <method name="ComparePositions" signature="(UnityEngine.Vector3, UnityEngine.Vector3, System.Single)" line-rate="1" branch-rate="1" complexity="NaN">
              <lines>
                <line number="42" hits="34256" branch="false" />
                <line number="43" hits="34256" branch="false" />
                <line number="53" hits="442432" branch="false" />
                <line number="54" hits="192360" branch="false" />
                <line number="55" hits="192360" branch="false" />
                <line number="58" hits="5400" branch="false" />
                <line number="59" hits="5400" branch="false" />
                <line number="61" hits="186960" branch="false" />
                <line number="62" hits="28856" branch="false" />
                <line number="63" hits="34256" branch="false" />
              </lines>
            </method>
            <method name="NodeGridCreator" signature="(UnityEngine.Vector3[], UnityEngine.Vector3[], System.Single)" line-rate="1" branch-rate="1" complexity="NaN">
              <lines>
                <line number="66" hits="69" branch="false" />
                <line number="67" hits="69" branch="false" />
                <line number="72" hits="69" branch="false" />
                <line number="73" hits="67" branch="false" />
              </lines>
            </method>
            <method name="NodeGridCreator" signature="(UnityEngine.Vector3[], System.Single)" line-rate="1" branch-rate="1" complexity="NaN">
              <lines>
                <line number="76" hits="4" branch="false" />
                <line number="77" hits="4" branch="false" />
                <line number="78" hits="4" branch="false" />
                <line number="79" hits="4" branch="false" />
              </lines>
            </method>
            <method name="CreateNodes" signature="(UnityEngine.Vector3[], UnityEngine.Vector3)" line-rate="1" branch-rate="1" complexity="NaN">
              <lines>
                <line number="82" hits="74" branch="false" />
                <line number="83" hits="74" branch="false" />
                <line number="85" hits="3022" branch="false" />
                <line number="86" hits="1437" branch="false" />
                <line number="87" hits="1437" branch="false" />
                <line number="91" hits="1437" branch="false" />
                <line number="92" hits="1437" branch="false" />
                <line number="93" hits="1437" branch="false" />
                <line number="95" hits="74" branch="false" />
                <line number="96" hits="74" branch="false" />
              </lines>
            </method>
            <method name="ReturnPath" signature="(UnityEngine.Vector3[], System.Single, UnityEngine.Vector3[])" line-rate="1" branch-rate="1" complexity="NaN">
              <lines>
                <line number="99" hits="74" branch="false" />
                <line number="100" hits="74" branch="false" />
                <line number="101" hits="74" branch="false" />
                <line number="103" hits="74" branch="false" />
                <line number="104" hits="74" branch="false" />
                <line number="106" hits="71" branch="false" />
                <line number="107" hits="71" branch="false" />
              </lines>
            </method>
            <method name="Findpath" signature="(System.Collections.Generic.List[NewNodeModel], UnityEngine.Vector3[])" line-rate="1" branch-rate="1" complexity="NaN">
              <lines>
                <line number="110" hits="82" branch="false" />
                <line number="111" hits="90" branch="false" />
                <line number="112" hits="84" branch="false" />
                <line number="114" hits="75" branch="false" />
                <line number="115" hits="75" branch="false" />
                <line number="116" hits="905" branch="false" />
                <line number="117" hits="772" branch="false" />
                <line number="118" hits="75" branch="false" />
                <line number="119" hits="75" branch="false" />
                <line number="120" hits="75" branch="false" />
                <line number="122" hits="75" branch="false" />
                <line number="123" hits="71" branch="false" />
                <line number="124" hits="71" branch="false" />
                <line number="126" hits="71" branch="false" />
                <line number="127" hits="71" branch="false" />
              </lines>
            </method>
            <method name="FindActiveNode" signature="(Assets.SRC.ProceduralMapGeneration.Assets.SRC.ProceduralMapGeneration.Assets.SRC.ProceduralMapGeneration.PathFinding.NewNodeModel, Assets.SRC.ProceduralMapGeneration.Assets.SRC.ProceduralMapGeneration.Assets.SRC.ProceduralMapGeneration.PathFinding.NewNodeModel)" line-rate="1" branch-rate="1" complexity="NaN">
              <lines>
                <line number="130" hits="78" branch="false" />
                <line number="131" hits="241" branch="false" />
                <line number="132" hits="167" branch="false" />
                <line number="133" hits="854" branch="false" />
                <line number="134" hits="163" branch="false" />
                <line number="135" hits="163" branch="false" />
                <line number="136" hits="163" branch="false" />
                <line number="137" hits="71" branch="false" />
                <line number="138" hits="71" branch="false" />
                <line number="139" hits="71" branch="false" />
              </lines>
            </method>
            <method name="GeneratePath" signature="(Assets.SRC.ProceduralMapGeneration.Assets.SRC.ProceduralMapGeneration.Assets.SRC.ProceduralMapGeneration.PathFinding.NewNodeModel, Assets.SRC.ProceduralMapGeneration.Assets.SRC.ProceduralMapGeneration.Assets.SRC.ProceduralMapGeneration.PathFinding.NewNodeModel)" line-rate="1" branch-rate="1" complexity="NaN">
              <lines>
                <line number="142" hits="74" branch="false" />
                <line number="143" hits="74" branch="false" />
                <line number="145" hits="238" branch="false" />
                <line number="146" hits="164" branch="false" />
                <line number="147" hits="164" branch="false" />
                <line number="148" hits="164" branch="false" />
                <line number="149" hits="164" branch="false" />
                <line number="150" hits="71" branch="false" />
                <line number="151" hits="71" branch="false" />
                <line number="152" hits="71" branch="false" />
              </lines>
            </method>
            <method name="ConvertPathToPositions" signature="(System.Collections.Generic.List[NewNodeModel])" line-rate="1" branch-rate="1" complexity="NaN">
              <lines>
                <line number="155" hits="74" branch="false" />
                <line number="156" hits="74" branch="false" />
                <line number="158" hits="554" branch="false" />
                <line number="159" hits="166" branch="false" />
                <line number="160" hits="166" branch="false" />
                <line number="161" hits="166" branch="false" />
                <line number="163" hits="74" branch="false" />
                <line number="164" hits="74" branch="false" />
              </lines>
            </method>
            <method name="FindEnds" signature="(UnityEngine.Vector3[])" line-rate="1" branch-rate="1" complexity="NaN">
              <lines>
                <line number="167" hits="8" branch="false" />
                <line number="170" hits="16" branch="false" />
                <line number="171" hits="16" branch="false" />
                <line number="176" hits="32" branch="false" />
                <line number="177" hits="8" branch="false" />
                <line number="178" hits="8" branch="false" />
                <line number="184" hits="8" branch="false" />
                <line number="185" hits="8" branch="false" />
                <line number="186" hits="8" branch="false" />
              </lines>
            </method>
            <method name="NewPathFinding" signature="()" line-rate="0" branch-rate="1" complexity="1">
              <lines>
                <line number="11" hits="0" branch="false" />
                <line number="12" hits="0" branch="false" />
              </lines>
            </method>
          </methods>
          <lines>
            <line number="11" hits="0" branch="false" />
            <line number="12" hits="0" branch="false" />
            <line number="15" hits="75" branch="false" />
            <line number="16" hits="75" branch="false" />
            <line number="17" hits="3032" branch="false" />
            <line number="18" hits="1441" branch="false" />
            <line number="19" hits="1441" branch="false" />
            <line number="20" hits="1441" branch="false" />
            <line number="21" hits="1441" branch="false" />
            <line number="22" hits="1441" branch="false" />
            <line number="23" hits="75" branch="false" />
            <line number="24" hits="75" branch="false" />
            <line number="27" hits="1441" branch="false" />
            <line number="28" hits="1441" branch="false" />
            <line number="29" hits="71392" branch="false" />
            <line number="30" hits="34255" branch="false" />
            <line number="32" hits="34255" branch="false" />
            <line number="33" hits="5400" branch="false" />
            <line number="34" hits="5400" branch="false" />
            <line number="35" hits="5400" branch="false" />
            <line number="36" hits="34255" branch="false" />
            <line number="38" hits="1441" branch="false" />
            <line number="39" hits="1441" branch="false" />
            <line number="42" hits="34256" branch="false" />
            <line number="43" hits="34256" branch="false" />
            <line number="53" hits="442432" branch="false" />
            <line number="54" hits="192360" branch="false" />
            <line number="55" hits="192360" branch="false" />
            <line number="58" hits="5400" branch="false" />
            <line number="59" hits="5400" branch="false" />
            <line number="61" hits="186960" branch="false" />
            <line number="62" hits="28856" branch="false" />
            <line number="63" hits="34256" branch="false" />
            <line number="66" hits="69" branch="false" />
            <line number="67" hits="69" branch="false" />
            <line number="72" hits="69" branch="false" />
            <line number="73" hits="67" branch="false" />
            <line number="76" hits="4" branch="false" />
            <line number="77" hits="4" branch="false" />
            <line number="78" hits="4" branch="false" />
            <line number="79" hits="4" branch="false" />
            <line number="82" hits="74" branch="false" />
            <line number="83" hits="74" branch="false" />
            <line number="85" hits="3022" branch="false" />
            <line number="86" hits="1437" branch="false" />
            <line number="87" hits="1437" branch="false" />
            <line number="91" hits="1437" branch="false" />
            <line number="92" hits="1437" branch="false" />
            <line number="93" hits="1437" branch="false" />
            <line number="95" hits="74" branch="false" />
            <line number="96" hits="74" branch="false" />
            <line number="99" hits="74" branch="false" />
            <line number="100" hits="74" branch="false" />
            <line number="101" hits="74" branch="false" />
            <line number="103" hits="74" branch="false" />
            <line number="104" hits="74" branch="false" />
            <line number="106" hits="71" branch="false" />
            <line number="107" hits="71" branch="false" />
            <line number="110" hits="82" branch="false" />
            <line number="111" hits="90" branch="false" />
            <line number="112" hits="84" branch="false" />
            <line number="114" hits="75" branch="false" />
            <line number="115" hits="75" branch="false" />
            <line number="116" hits="905" branch="false" />
            <line number="117" hits="772" branch="false" />
            <line number="118" hits="75" branch="false" />
            <line number="119" hits="75" branch="false" />
            <line number="120" hits="75" branch="false" />
            <line number="122" hits="75" branch="false" />
            <line number="123" hits="71" branch="false" />
            <line number="124" hits="71" branch="false" />
            <line number="126" hits="71" branch="false" />
            <line number="127" hits="71" branch="false" />
            <line number="130" hits="78" branch="false" />
            <line number="131" hits="241" branch="false" />
            <line number="132" hits="167" branch="false" />
            <line number="133" hits="854" branch="false" />
            <line number="134" hits="163" branch="false" />
            <line number="135" hits="163" branch="false" />
            <line number="136" hits="163" branch="false" />
            <line number="137" hits="71" branch="false" />
            <line number="138" hits="71" branch="false" />
            <line number="139" hits="71" branch="false" />
            <line number="142" hits="74" branch="false" />
            <line number="143" hits="74" branch="false" />
            <line number="145" hits="238" branch="false" />
            <line number="146" hits="164" branch="false" />
            <line number="147" hits="164" branch="false" />
            <line number="148" hits="164" branch="false" />
            <line number="149" hits="164" branch="false" />
            <line number="150" hits="71" branch="false" />
            <line number="151" hits="71" branch="false" />
            <line number="152" hits="71" branch="false" />
            <line number="155" hits="74" branch="false" />
            <line number="156" hits="74" branch="false" />
            <line number="158" hits="554" branch="false" />
            <line number="159" hits="166" branch="false" />
            <line number="160" hits="166" branch="false" />
            <line number="161" hits="166" branch="false" />
            <line number="163" hits="74" branch="false" />
            <line number="164" hits="74" branch="false" />
            <line number="167" hits="8" branch="false" />
            <line number="170" hits="16" branch="false" />
            <line number="171" hits="16" branch="false" />
            <line number="176" hits="32" branch="false" />
            <line number="177" hits="8" branch="false" />
            <line number="178" hits="8" branch="false" />
            <line number="184" hits="8" branch="false" />
            <line number="185" hits="8" branch="false" />
            <line number="186" hits="8" branch="false" />
          </lines>
        </class>
        <class name="Assets.SRC.ProceduralMapGeneration.Assets.SRC.ProceduralMapGeneration.Assets.SRC.ProceduralMapGeneration.PathFinding.PathMapBuilder" filename="C:/git/Unity.DungeonCrawler/DungeonCrawler/Assets/SRC/ProceduralMapGeneration/PathFinding/PathMapBuilder.cs" line-rate="0.823529411764706" branch-rate="1" complexity="1">
          <methods>
            <method name="CreateMap" signature="(System.Int32, System.Single, UnityEngine.Transform, Assets.SRC.ProceduralMapGeneration.Assets.SRC.ProceduralMapGeneration.ScriptableObjects.DirectionalTilesScriptableObject, System.Int32, Assets.SRC.ProceduralMapGeneration.Assets.SRC.ProceduralMapGeneration.Enums.GridTypeEnum)" line-rate="0.923076923076923" branch-rate="1" complexity="NaN">
              <lines>
                <line number="20" hits="3" branch="false" />
                <line number="21" hits="3" branch="false" />
                <line number="22" hits="3" branch="false" />
                <line number="23" hits="3" branch="false" />
                <line number="24" hits="3" branch="false" />
                <line number="26" hits="3" branch="false" />
                <line number="28" hits="3" branch="false" />
                <line number="30" hits="3" branch="false" />
                <line number="31" hits="3" branch="false" />
                <line number="32" hits="3" branch="false" />
                <line number="33" hits="3" branch="false" />
                <line number="34" hits="3" branch="false" />
                <line number="35" hits="0" branch="false" />
              </lines>
            </method>
            <method name="MapTotal" signature="(UnityEngine.Vector3[])" line-rate="1" branch-rate="1" complexity="NaN">
              <lines>
                <line number="38" hits="4" branch="false" />
                <line number="39" hits="4" branch="false" />
                <line number="40" hits="32" branch="false" />
                <line number="41" hits="12" branch="false" />
                <line number="42" hits="12" branch="false" />
                <line number="43" hits="12" branch="false" />
                <line number="44" hits="4" branch="false" />
                <line number="45" hits="4" branch="false" />
              </lines>
            </method>
            <method name="FillMap" signature="(System.Collections.Generic.List[Vector3], System.Single, UnityEngine.Vector3[], System.Single, UnityEngine.Vector3[])" line-rate="1" branch-rate="1" complexity="NaN">
              <lines>
                <line number="48" hits="4" branch="false" />
                <line number="49" hits="71" branch="false" />
                <line number="50" hits="68" branch="false" />
                <line number="51" hits="68" branch="false" />
                <line number="52" hits="68" branch="false" />
                <line number="53" hits="1540" branch="false" />
                <line number="54" hits="67" branch="false" />
                <line number="55" hits="3" branch="false" />
              </lines>
            </method>
            <method name="PathMapBuilder" signature="()" line-rate="0" branch-rate="1" complexity="1">
              <lines>
                <line number="13" hits="0" branch="false" />
                <line number="14" hits="0" branch="false" />
                <line number="15" hits="0" branch="false" />
                <line number="16" hits="0" branch="false" />
                <line number="17" hits="0" branch="false" />
              </lines>
            </method>
          </methods>
          <lines>
            <line number="13" hits="0" branch="false" />
            <line number="14" hits="0" branch="false" />
            <line number="15" hits="0" branch="false" />
            <line number="16" hits="0" branch="false" />
            <line number="17" hits="0" branch="false" />
            <line number="20" hits="3" branch="false" />
            <line number="21" hits="3" branch="false" />
            <line number="22" hits="3" branch="false" />
            <line number="23" hits="3" branch="false" />
            <line number="24" hits="3" branch="false" />
            <line number="26" hits="3" branch="false" />
            <line number="28" hits="3" branch="false" />
            <line number="30" hits="3" branch="false" />
            <line number="31" hits="3" branch="false" />
            <line number="32" hits="3" branch="false" />
            <line number="33" hits="3" branch="false" />
            <line number="34" hits="3" branch="false" />
            <line number="35" hits="0" branch="false" />
            <line number="38" hits="4" branch="false" />
            <line number="39" hits="4" branch="false" />
            <line number="40" hits="32" branch="false" />
            <line number="41" hits="12" branch="false" />
            <line number="42" hits="12" branch="false" />
            <line number="43" hits="12" branch="false" />
            <line number="44" hits="4" branch="false" />
            <line number="45" hits="4" branch="false" />
            <line number="48" hits="4" branch="false" />
            <line number="49" hits="71" branch="false" />
            <line number="50" hits="68" branch="false" />
            <line number="51" hits="68" branch="false" />
            <line number="52" hits="68" branch="false" />
            <line number="53" hits="1540" branch="false" />
            <line number="54" hits="67" branch="false" />
            <line number="55" hits="3" branch="false" />
          </lines>
        </class>
        <class name="Assets.SRC.ProceduralMapGeneration.Assets.SRC.ProceduralMapGeneration.Noise.PerlinNoiseGenerator" filename="C:/git/Unity.DungeonCrawler/DungeonCrawler/Assets/SRC/ProceduralMapGeneration/Noise/PerlinNoiseGenerator.cs" line-rate="1" branch-rate="1" complexity="NaN">
          <methods>
            <method name="GeneratePerlinNoise2DTexture" signature="(System.Int32, System.Single)" line-rate="1" branch-rate="1" complexity="NaN">
              <lines>
                <line number="8" hits="1" branch="false" />
                <line number="9" hits="1" branch="false" />
                <line number="10" hits="202" branch="false" />
                <line number="11" hits="100" branch="false" />
                <line number="12" hits="20200" branch="false" />
                <line number="13" hits="10000" branch="false" />
                <line number="14" hits="10000" branch="false" />
                <line number="15" hits="10000" branch="false" />
                <line number="16" hits="10000" branch="false" />
                <line number="17" hits="100" branch="false" />
                <line number="19" hits="1" branch="false" />
                <line number="20" hits="1" branch="false" />
                <line number="21" hits="1" branch="false" />
              </lines>
            </method>
          </methods>
          <lines>
            <line number="8" hits="1" branch="false" />
            <line number="9" hits="1" branch="false" />
            <line number="10" hits="202" branch="false" />
            <line number="11" hits="100" branch="false" />
            <line number="12" hits="20200" branch="false" />
            <line number="13" hits="10000" branch="false" />
            <line number="14" hits="10000" branch="false" />
            <line number="15" hits="10000" branch="false" />
            <line number="16" hits="10000" branch="false" />
            <line number="17" hits="100" branch="false" />
            <line number="19" hits="1" branch="false" />
            <line number="20" hits="1" branch="false" />
            <line number="21" hits="1" branch="false" />
          </lines>
        </class>
        <class name="Assets.SRC.ProceduralMapGeneration.Assets.SRC.ProceduralMapGeneration.ScriptableObjects.DirectionalTilesScriptableObject" filename="C:/git/Unity.DungeonCrawler/DungeonCrawler/Assets/SRC/ProceduralMapGeneration/ScriptableObjects/DirectionalTilesScriptableObject.cs" line-rate="1" branch-rate="1" complexity="1">
          <methods>
            <method name="RetunObjectsAsAList" signature="()" line-rate="1" branch-rate="1" complexity="1">
              <lines>
                <line number="77" hits="4" branch="false" />
                <line number="78" hits="4" branch="false" />
                <line number="144" hits="4" branch="false" />
              </lines>
            </method>
          </methods>
          <lines>
            <line number="77" hits="4" branch="false" />
            <line number="78" hits="4" branch="false" />
            <line number="144" hits="4" branch="false" />
          </lines>
        </class>
        <class name="Assets.SRC.ProceduralMapGeneration.Assets.SRC.ProceduralMapGeneration.Structs.DirectionIDStruct" filename="C:/git/Unity.DungeonCrawler/DungeonCrawler/Assets/SRC/ProceduralMapGeneration/Structs/DirectionIDStruct.cs" line-rate="1" branch-rate="1" complexity="NaN">
          <methods>
            <method name="NothID" signature="()" line-rate="1" branch-rate="1" complexity="NaN">
              <lines>
                <line number="5" hits="3" branch="false" />
              </lines>
            </method>
            <method name="NothID" signature="(System.Boolean)" line-rate="1" branch-rate="1" complexity="NaN">
              <lines>
                <line number="5" hits="3" branch="false" />
              </lines>
            </method>
            <method name="EastID" signature="()" line-rate="1" branch-rate="1" complexity="NaN">
              <lines>
                <line number="6" hits="3" branch="false" />
              </lines>
            </method>
            <method name="EastID" signature="(System.Boolean)" line-rate="1" branch-rate="1" complexity="NaN">
              <lines>
                <line number="6" hits="3" branch="false" />
              </lines>
            </method>
            <method name="WestID" signature="()" line-rate="1" branch-rate="1" complexity="NaN">
              <lines>
                <line number="7" hits="3" branch="false" />
              </lines>
            </method>
            <method name="WestID" signature="(System.Boolean)" line-rate="1" branch-rate="1" complexity="NaN">
              <lines>
                <line number="7" hits="3" branch="false" />
              </lines>
            </method>
            <method name="SouthID" signature="()" line-rate="1" branch-rate="1" complexity="NaN">
              <lines>
                <line number="8" hits="3" branch="false" />
              </lines>
            </method>
            <method name="SouthID" signature="(System.Boolean)" line-rate="1" branch-rate="1" complexity="NaN">
              <lines>
                <line number="8" hits="3" branch="false" />
              </lines>
            </method>
            <method name="TopID" signature="()" line-rate="1" branch-rate="1" complexity="NaN">
              <lines>
                <line number="9" hits="3" branch="false" />
              </lines>
            </method>
            <method name="TopID" signature="(System.Boolean)" line-rate="1" branch-rate="1" complexity="NaN">
              <lines>
                <line number="9" hits="3" branch="false" />
              </lines>
            </method>
            <method name="BottomID" signature="()" line-rate="1" branch-rate="1" complexity="NaN">
              <lines>
                <line number="10" hits="3" branch="false" />
              </lines>
            </method>
            <method name="BottomID" signature="(System.Boolean)" line-rate="1" branch-rate="1" complexity="NaN">
              <lines>
                <line number="10" hits="3" branch="false" />
              </lines>
            </method>
          </methods>
          <lines>
            <line number="5" hits="3" branch="false" />
            <line number="6" hits="3" branch="false" />
            <line number="7" hits="3" branch="false" />
            <line number="8" hits="3" branch="false" />
            <line number="9" hits="3" branch="false" />
            <line number="10" hits="3" branch="false" />
          </lines>
        </class>
        <class name="Assets.SRC.ProceduralMapGeneration.Assets.SRC.ProceduralMapGeneration.Structs.MapBuilderStruct" filename="C:/git/Unity.DungeonCrawler/DungeonCrawler/Assets/SRC/ProceduralMapGeneration/Structs/MapBuilderStruct.cs" line-rate="1" branch-rate="1" complexity="NaN">
          <methods>
            <method name="grid" signature="()" line-rate="1" branch-rate="1" complexity="NaN">
              <lines>
                <line number="8" hits="3" branch="false" />
              </lines>
            </method>
            <method name="grid" signature="(System.Collections.Generic.List[GameObject])" line-rate="1" branch-rate="1" complexity="NaN">
              <lines>
                <line number="8" hits="3" branch="false" />
              </lines>
            </method>
            <method name="startObject" signature="()" line-rate="1" branch-rate="1" complexity="NaN">
              <lines>
                <line number="9" hits="3" branch="false" />
              </lines>
            </method>
            <method name="startObject" signature="(UnityEngine.GameObject)" line-rate="1" branch-rate="1" complexity="NaN">
              <lines>
                <line number="9" hits="3" branch="false" />
              </lines>
            </method>
            <method name="previousTilePos" signature="()" line-rate="1" branch-rate="1" complexity="NaN">
              <lines>
                <line number="10" hits="3" branch="false" />
              </lines>
            </method>
            <method name="previousTilePos" signature="(UnityEngine.GameObject)" line-rate="1" branch-rate="1" complexity="NaN">
              <lines>
                <line number="10" hits="3" branch="false" />
              </lines>
            </method>
          </methods>
          <lines>
            <line number="8" hits="3" branch="false" />
            <line number="9" hits="3" branch="false" />
            <line number="10" hits="3" branch="false" />
          </lines>
        </class>
        <class name="Assets.SRC.ProceduralMapGeneration.Assets.SRC.ProceduralMapGeneration.Utilities.ChunkHandler" filename="C:/git/Unity.DungeonCrawler/DungeonCrawler/Assets/SRC/ProceduralMapGeneration/Utilities/ChunkHandler.cs" line-rate="1" branch-rate="1" complexity="NaN">
          <methods>
            <method name="AssignChunkTypes" signature="(System.Collections.Generic.List[GameObject])" line-rate="1" branch-rate="1" complexity="NaN">
              <lines>
                <line number="14" hits="5" branch="false" />
                <line number="15" hits="44" branch="false" />
                <line number="16" hits="17" branch="false" />
                <line number="17" hits="17" branch="false" />
                <line number="18" hits="17" branch="false" />
                <line number="19" hits="5" branch="false" />
                <line number="20" hits="5" branch="false" />
              </lines>
            </method>
            <method name="FindChunkNeigbors" signature="(System.Single, System.Collections.Generic.List[GameObject])" line-rate="1" branch-rate="1" complexity="NaN">
              <lines>
                <line number="23" hits="24" branch="false" />
                <line number="24" hits="24" branch="false" />
                <line number="25" hits="24" branch="false" />
                <line number="27" hits="7514" branch="false" />
                <line number="28" hits="3733" branch="false" />
                <line number="29" hits="3733" branch="false" />
                <line number="30" hits="3733" branch="false" />
                <line number="32" hits="7514" branch="false" />
                <line number="33" hits="3733" branch="false" />
                <line number="34" hits="3733" branch="false" />
                <line number="35" hits="3733" branch="false" />
                <line number="36" hits="3733" branch="false" />
                <line number="38" hits="3733" branch="false" />
                <line number="40" hits="3733" branch="false" />
                <line number="42" hits="3733" branch="false" />
                <line number="43" hits="2976" branch="false" />
                <line number="44" hits="2976" branch="false" />
                <line number="45" hits="2976" branch="false" />
                <line number="46" hits="3733" branch="false" />
                <line number="47" hits="2976" branch="false" />
                <line number="48" hits="2976" branch="false" />
                <line number="49" hits="2976" branch="false" />
                <line number="50" hits="3733" branch="false" />
                <line number="51" hits="2976" branch="false" />
                <line number="52" hits="2976" branch="false" />
                <line number="53" hits="2976" branch="false" />
                <line number="54" hits="3733" branch="false" />
                <line number="55" hits="2976" branch="false" />
                <line number="56" hits="2976" branch="false" />
                <line number="57" hits="2976" branch="false" />
                <line number="58" hits="3733" branch="false" />
                <line number="59" hits="2976" branch="false" />
                <line number="60" hits="2976" branch="false" />
                <line number="61" hits="2976" branch="false" />
                <line number="62" hits="3733" branch="false" />
                <line number="63" hits="2976" branch="false" />
                <line number="64" hits="2976" branch="false" />
                <line number="65" hits="2976" branch="false" />
                <line number="67" hits="3733" branch="false" />
                <line number="68" hits="3733" branch="false" />
                <line number="69" hits="3733" branch="false" />
                <line number="70" hits="24" branch="false" />
                <line number="71" hits="24" branch="false" />
              </lines>
            </method>
            <method name="FindChunkType" signature="(Assets.SRC.ProceduralMapGeneration.Assets.SRC.ProceduralMapGeneration.Structs.NeighborStruct)" line-rate="1" branch-rate="1" complexity="NaN">
              <lines>
                <line number="74" hits="72" branch="false" />
                <line number="75" hits="72" branch="false" />
                <line number="76" hits="1" branch="false" />
                <line number="83" hits="1" branch="false" />
                <line number="85" hits="71" branch="false" />
                <line number="86" hits="70" branch="false" />
                <line number="87" hits="70" branch="false" />
                <line number="89" hits="70" branch="false" />
                <line number="90" hits="31" branch="false" />
                <line number="92" hits="70" branch="false" />
                <line number="93" hits="31" branch="false" />
                <line number="95" hits="70" branch="false" />
                <line number="96" hits="28" branch="false" />
                <line number="98" hits="70" branch="false" />
                <line number="99" hits="28" branch="false" />
                <line number="101" hits="70" branch="false" />
                <line number="102" hits="32" branch="false" />
                <line number="104" hits="70" branch="false" />
                <line number="105" hits="32" branch="false" />
                <line number="107" hits="70" branch="false" />
                <line number="110" hits="1" branch="false" />
                <line number="111" hits="71" branch="false" />
              </lines>
            </method>
          </methods>
          <lines>
            <line number="14" hits="5" branch="false" />
            <line number="15" hits="44" branch="false" />
            <line number="16" hits="17" branch="false" />
            <line number="17" hits="17" branch="false" />
            <line number="18" hits="17" branch="false" />
            <line number="19" hits="5" branch="false" />
            <line number="20" hits="5" branch="false" />
            <line number="23" hits="24" branch="false" />
            <line number="24" hits="24" branch="false" />
            <line number="25" hits="24" branch="false" />
            <line number="27" hits="7514" branch="false" />
            <line number="28" hits="3733" branch="false" />
            <line number="29" hits="3733" branch="false" />
            <line number="30" hits="3733" branch="false" />
            <line number="32" hits="7514" branch="false" />
            <line number="33" hits="3733" branch="false" />
            <line number="34" hits="3733" branch="false" />
            <line number="35" hits="3733" branch="false" />
            <line number="36" hits="3733" branch="false" />
            <line number="38" hits="3733" branch="false" />
            <line number="40" hits="3733" branch="false" />
            <line number="42" hits="3733" branch="false" />
            <line number="43" hits="2976" branch="false" />
            <line number="44" hits="2976" branch="false" />
            <line number="45" hits="2976" branch="false" />
            <line number="46" hits="3733" branch="false" />
            <line number="47" hits="2976" branch="false" />
            <line number="48" hits="2976" branch="false" />
            <line number="49" hits="2976" branch="false" />
            <line number="50" hits="3733" branch="false" />
            <line number="51" hits="2976" branch="false" />
            <line number="52" hits="2976" branch="false" />
            <line number="53" hits="2976" branch="false" />
            <line number="54" hits="3733" branch="false" />
            <line number="55" hits="2976" branch="false" />
            <line number="56" hits="2976" branch="false" />
            <line number="57" hits="2976" branch="false" />
            <line number="58" hits="3733" branch="false" />
            <line number="59" hits="2976" branch="false" />
            <line number="60" hits="2976" branch="false" />
            <line number="61" hits="2976" branch="false" />
            <line number="62" hits="3733" branch="false" />
            <line number="63" hits="2976" branch="false" />
            <line number="64" hits="2976" branch="false" />
            <line number="65" hits="2976" branch="false" />
            <line number="67" hits="3733" branch="false" />
            <line number="68" hits="3733" branch="false" />
            <line number="69" hits="3733" branch="false" />
            <line number="70" hits="24" branch="false" />
            <line number="71" hits="24" branch="false" />
            <line number="74" hits="72" branch="false" />
            <line number="75" hits="72" branch="false" />
            <line number="76" hits="1" branch="false" />
            <line number="83" hits="1" branch="false" />
            <line number="85" hits="71" branch="false" />
            <line number="86" hits="70" branch="false" />
            <line number="87" hits="70" branch="false" />
            <line number="89" hits="70" branch="false" />
            <line number="90" hits="31" branch="false" />
            <line number="92" hits="70" branch="false" />
            <line number="93" hits="31" branch="false" />
            <line number="95" hits="70" branch="false" />
            <line number="96" hits="28" branch="false" />
            <line number="98" hits="70" branch="false" />
            <line number="99" hits="28" branch="false" />
            <line number="101" hits="70" branch="false" />
            <line number="102" hits="32" branch="false" />
            <line number="104" hits="70" branch="false" />
            <line number="105" hits="32" branch="false" />
            <line number="107" hits="70" branch="false" />
            <line number="110" hits="1" branch="false" />
            <line number="111" hits="71" branch="false" />
          </lines>
        </class>
        <class name="Assets.SRC.ProceduralMapGeneration.Assets.SRC.ProceduralMapGeneration.Utilities.GridCreate" filename="C:/git/Unity.DungeonCrawler/DungeonCrawler/Assets/SRC/ProceduralMapGeneration/Utilities/GridCreate.cs" line-rate="0.982142857142857" branch-rate="1" complexity="NaN">
          <methods>
            <method name="CreateGrid" signature="(System.Int32, System.Single, Assets.SRC.ProceduralMapGeneration.Assets.SRC.ProceduralMapGeneration.Enums.GridTypeEnum)" line-rate="0.8" branch-rate="1" complexity="NaN">
              <lines>
                <line number="10" hits="3" branch="false" />
                <line number="12" hits="1" branch="false" />
                <line number="13" hits="1" branch="false" />
                <line number="14" hits="1" branch="false" />
                <line number="15" hits="0" branch="false" />
              </lines>
            </method>
            <method name="SquareGrid2DVertical" signature="(System.Int32, System.Single)" line-rate="1" branch-rate="1" complexity="NaN">
              <lines>
                <line number="19" hits="6" branch="false" />
                <line number="20" hits="6" branch="false" />
                <line number="21" hits="88" branch="false" />
                <line number="22" hits="38" branch="false" />
                <line number="23" hits="1016" branch="false" />
                <line number="24" hits="470" branch="false" />
                <line number="25" hits="470" branch="false" />
                <line number="29" hits="470" branch="false" />
                <line number="30" hits="470" branch="false" />
                <line number="31" hits="38" branch="false" />
                <line number="32" hits="6" branch="false" />
                <line number="33" hits="6" branch="false" />
              </lines>
            </method>
            <method name="SquareGrid2DHorizontal" signature="(System.Int32, System.Single)" line-rate="1" branch-rate="1" complexity="NaN">
              <lines>
                <line number="36" hits="6" branch="false" />
                <line number="37" hits="6" branch="false" />
                <line number="38" hits="6" branch="false" />
                <line number="39" hits="88" branch="false" />
                <line number="40" hits="38" branch="false" />
                <line number="41" hits="1016" branch="false" />
                <line number="42" hits="470" branch="false" />
                <line number="43" hits="470" branch="false" />
                <line number="48" hits="470" branch="false" />
                <line number="49" hits="470" branch="false" />
                <line number="50" hits="38" branch="false" />
                <line number="51" hits="6" branch="false" />
                <line number="52" hits="6" branch="false" />
              </lines>
            </method>
            <method name="SquareGrid3D" signature="(System.Int32, System.Single)" line-rate="1" branch-rate="1" complexity="NaN">
              <lines>
                <line number="55" hits="36" branch="false" />
                <line number="56" hits="36" branch="false" />
                <line number="57" hits="484" branch="false" />
                <line number="58" hits="206" branch="false" />
                <line number="59" hits="4988" branch="false" />
                <line number="60" hits="2288" branch="false" />
                <line number="61" hits="66884" branch="false" />
                <line number="62" hits="31154" branch="false" />
                <line number="63" hits="31154" branch="false" />
                <line number="67" hits="31154" branch="false" />
                <line number="68" hits="31154" branch="false" />
                <line number="69" hits="2288" branch="false" />
                <line number="70" hits="206" branch="false" />
                <line number="71" hits="36" branch="false" />
                <line number="72" hits="36" branch="false" />
              </lines>
            </method>
            <method name="PlaceGameObjectsAtGridPositions" signature="(UnityEngine.Vector3[], UnityEngine.Transform)" line-rate="1" branch-rate="1" complexity="NaN">
              <lines>
                <line number="75" hits="33" branch="false" />
                <line number="76" hits="33" branch="false" />
                <line number="77" hits="48624" branch="false" />
                <line number="78" hits="24279" branch="false" />
                <line number="79" hits="24279" branch="false" />
                <line number="80" hits="24279" branch="false" />
                <line number="81" hits="24279" branch="false" />
                <line number="82" hits="24279" branch="false" />
                <line number="83" hits="24279" branch="false" />
                <line number="84" hits="33" branch="false" />
                <line number="85" hits="33" branch="false" />
              </lines>
            </method>
          </methods>
          <lines>
            <line number="10" hits="3" branch="false" />
            <line number="12" hits="1" branch="false" />
            <line number="13" hits="1" branch="false" />
            <line number="14" hits="1" branch="false" />
            <line number="15" hits="0" branch="false" />
            <line number="19" hits="6" branch="false" />
            <line number="20" hits="6" branch="false" />
            <line number="21" hits="88" branch="false" />
            <line number="22" hits="38" branch="false" />
            <line number="23" hits="1016" branch="false" />
            <line number="24" hits="470" branch="false" />
            <line number="25" hits="470" branch="false" />
            <line number="29" hits="470" branch="false" />
            <line number="30" hits="470" branch="false" />
            <line number="31" hits="38" branch="false" />
            <line number="32" hits="6" branch="false" />
            <line number="33" hits="6" branch="false" />
            <line number="36" hits="6" branch="false" />
            <line number="37" hits="6" branch="false" />
            <line number="38" hits="6" branch="false" />
            <line number="39" hits="88" branch="false" />
            <line number="40" hits="38" branch="false" />
            <line number="41" hits="1016" branch="false" />
            <line number="42" hits="470" branch="false" />
            <line number="43" hits="470" branch="false" />
            <line number="48" hits="470" branch="false" />
            <line number="49" hits="470" branch="false" />
            <line number="50" hits="38" branch="false" />
            <line number="51" hits="6" branch="false" />
            <line number="52" hits="6" branch="false" />
            <line number="55" hits="36" branch="false" />
            <line number="56" hits="36" branch="false" />
            <line number="57" hits="484" branch="false" />
            <line number="58" hits="206" branch="false" />
            <line number="59" hits="4988" branch="false" />
            <line number="60" hits="2288" branch="false" />
            <line number="61" hits="66884" branch="false" />
            <line number="62" hits="31154" branch="false" />
            <line number="63" hits="31154" branch="false" />
            <line number="67" hits="31154" branch="false" />
            <line number="68" hits="31154" branch="false" />
            <line number="69" hits="2288" branch="false" />
            <line number="70" hits="206" branch="false" />
            <line number="71" hits="36" branch="false" />
            <line number="72" hits="36" branch="false" />
            <line number="75" hits="33" branch="false" />
            <line number="76" hits="33" branch="false" />
            <line number="77" hits="48624" branch="false" />
            <line number="78" hits="24279" branch="false" />
            <line number="79" hits="24279" branch="false" />
            <line number="80" hits="24279" branch="false" />
            <line number="81" hits="24279" branch="false" />
            <line number="82" hits="24279" branch="false" />
            <line number="83" hits="24279" branch="false" />
            <line number="84" hits="33" branch="false" />
            <line number="85" hits="33" branch="false" />
          </lines>
        </class>
        <class name="Assets.SRC.ProceduralMapGeneration.Assets.SRC.ProceduralMapGeneration.Utilities.PopulateTilePositions" filename="C:/git/Unity.DungeonCrawler/DungeonCrawler/Assets/SRC/ProceduralMapGeneration/Utilities/PopulateTilePositions.cs" line-rate="0.5" branch-rate="1" complexity="NaN">
          <methods>
            <method name="SetChildTile" signature="(Assets.SRC.ProceduralMapGeneration.Assets.SRC.ProceduralMapGeneration.ScriptableObjects.DirectionalTilesScriptableObject, System.Collections.Generic.List[GameObject])" line-rate="0.5" branch-rate="1" complexity="NaN">
              <lines>
                <line number="11" hits="3" branch="false" />
                <line number="12" hits="3" branch="false" />
                <line number="13" hits="6" branch="false" />
                <line number="14" hits="3" branch="false" />
                <line number="15" hits="3" branch="false" />
                <line number="17" hits="3" branch="false" />
                <line number="19" hits="0" branch="false" />
                <line number="20" hits="0" branch="false" />
                <line number="21" hits="0" branch="false" />
                <line number="22" hits="0" branch="false" />
                <line number="23" hits="0" branch="false" />
                <line number="24" hits="0" branch="false" />
              </lines>
            </method>
          </methods>
          <lines>
            <line number="11" hits="3" branch="false" />
            <line number="12" hits="3" branch="false" />
            <line number="13" hits="6" branch="false" />
            <line number="14" hits="3" branch="false" />
            <line number="15" hits="3" branch="false" />
            <line number="17" hits="3" branch="false" />
            <line number="19" hits="0" branch="false" />
            <line number="20" hits="0" branch="false" />
            <line number="21" hits="0" branch="false" />
            <line number="22" hits="0" branch="false" />
            <line number="23" hits="0" branch="false" />
            <line number="24" hits="0" branch="false" />
          </lines>
        </class>
      </classes>
    </package>
    <package name="SharedAssembly" line-rate="1" branch-rate="1" complexity="3">
      <classes>
        <class name="Assets.SRC.ProceduralMapGeneration.Assets.SRC.Shared.Assets.SRC.Shared.Utilities.GenericUtilities" filename="C:/git/Unity.DungeonCrawler/DungeonCrawler/Assets/SRC/Shared/Utilities/GenericUtilities.cs" line-rate="1" branch-rate="1" complexity="NaN">
          <methods>
            <method name="NeighborsPosition" signature="(System.Single, UnityEngine.Vector3)" line-rate="1" branch-rate="1" complexity="NaN">
              <lines>
                <line number="17" hits="3733" branch="false" />
                <line number="26" hits="3733" branch="false" />
                <line number="27" hits="3733" branch="false" />
                <line number="28" hits="3733" branch="false" />
                <line number="29" hits="3733" branch="false" />
                <line number="30" hits="3733" branch="false" />
                <line number="31" hits="3733" branch="false" />
                <line number="33" hits="3733" branch="false" />
                <line number="34" hits="3733" branch="false" />
              </lines>
            </method>
          </methods>
          <lines>
            <line number="17" hits="3733" branch="false" />
            <line number="26" hits="3733" branch="false" />
            <line number="27" hits="3733" branch="false" />
            <line number="28" hits="3733" branch="false" />
            <line number="29" hits="3733" branch="false" />
            <line number="30" hits="3733" branch="false" />
            <line number="31" hits="3733" branch="false" />
            <line number="33" hits="3733" branch="false" />
            <line number="34" hits="3733" branch="false" />
          </lines>
        </class>
        <class name="Assets.SRC.ProceduralMapGeneration.Assets.SRC.Shared.Assets.SRC.Shared.Utilities.VectorMath" filename="C:/git/Unity.DungeonCrawler/DungeonCrawler/Assets/SRC/Shared/Utilities/VectorMath.cs" line-rate="1" branch-rate="1" complexity="NaN">
          <methods>
            <method name="CalculateDistanceBetweenTwoVectors" signature="(UnityEngine.Vector3, UnityEngine.Vector3)" line-rate="1" branch-rate="1" complexity="NaN">
              <lines>
                <line number="7" hits="1438" branch="false" />
              </lines>
            </method>
          </methods>
          <lines>
            <line number="7" hits="1438" branch="false" />
          </lines>
        </class>
        <class name="Assets.SRC.ProceduralMapGeneration.Assets.SRC.Shared.Exceptions.CustomExceptions" filename="C:/git/Unity.DungeonCrawler/DungeonCrawler/Assets/SRC/Shared/Exceptions/CustomExceptions.cs" line-rate="1" branch-rate="1" complexity="1">
          <methods>
            <method name="NotImplementedException" signature="()" line-rate="1" branch-rate="1" complexity="1">
              <lines>
                <line number="9" hits="1" branch="false" />
                <line number="10" hits="1" branch="false" />
              </lines>
            </method>
          </methods>
          <lines>
            <line number="9" hits="1" branch="false" />
            <line number="10" hits="1" branch="false" />
          </lines>
        </class>
      </classes>
    </package>
  </packages>
</coverage>