TN:
SF:C:/git/Unity.DungeonCrawler/DungeonCrawler/Assets/SRC/ProceduralMapGeneration/PathFinding/NewPathFinding.cs
FN:15,SetNodeNeighbors(System.Collections.Generic.List[NewNodeModel], System.Single)
FN:27,FindNeighbors(Assets.SRC.ProceduralMapGeneration.Assets.SRC.ProceduralMapGeneration.Assets.SRC.ProceduralMapGeneration.PathFinding.NewNodeModel, System.Collections.Generic.List[NewNodeModel], System.Single)
FN:42,ComparePositions(UnityEngine.Vector3, UnityEngine.Vector3, System.Single)
FN:66,NodeGridCreator(UnityEngine.Vector3[], UnityEngine.Vector3[], System.Single)
FN:76,NodeGridCreator(UnityEngine.Vector3[], System.Single)
FN:82,CreateNodes(UnityEngine.Vector3[], UnityEngine.Vector3)
FN:99,ReturnPath(UnityEngine.Vector3[], System.Single, UnityEngine.Vector3[])
FN:110,Findpath(System.Collections.Generic.List[NewNodeModel], UnityEngine.Vector3[])
FN:130,FindActiveNode(Assets.SRC.ProceduralMapGeneration.Assets.SRC.ProceduralMapGeneration.Assets.SRC.ProceduralMapGeneration.PathFinding.NewNodeModel, Assets.SRC.ProceduralMapGeneration.Assets.SRC.ProceduralMapGeneration.Assets.SRC.ProceduralMapGeneration.PathFinding.NewNodeModel)
FN:142,GeneratePath(Assets.SRC.ProceduralMapGeneration.Assets.SRC.ProceduralMapGeneration.Assets.SRC.ProceduralMapGeneration.PathFinding.NewNodeModel, Assets.SRC.ProceduralMapGeneration.Assets.SRC.ProceduralMapGeneration.Assets.SRC.ProceduralMapGeneration.PathFinding.NewNodeModel)
FN:155,ConvertPathToPositions(System.Collections.Generic.List[NewNodeModel])
FN:167,FindEnds(UnityEngine.Vector3[])
FN:11,NewPathFinding()
FNDA:178,SetNodeNeighbors(System.Collections.Generic.List[NewNodeModel], System.Single)
FNDA:3250,FindNeighbors(Assets.SRC.ProceduralMapGeneration.Assets.SRC.ProceduralMapGeneration.Assets.SRC.ProceduralMapGeneration.PathFinding.NewNodeModel, System.Collections.Generic.List[NewNodeModel], System.Single)
FNDA:74351,ComparePositions(UnityEngine.Vector3, UnityEngine.Vector3, System.Single)
FNDA:173,NodeGridCreator(UnityEngine.Vector3[], UnityEngine.Vector3[], System.Single)
FNDA:4,NodeGridCreator(UnityEngine.Vector3[], System.Single)
FNDA:177,CreateNodes(UnityEngine.Vector3[], UnityEngine.Vector3)
FNDA:177,ReturnPath(UnityEngine.Vector3[], System.Single, UnityEngine.Vector3[])
FNDA:185,Findpath(System.Collections.Generic.List[NewNodeModel], UnityEngine.Vector3[])
FNDA:181,FindActiveNode(Assets.SRC.ProceduralMapGeneration.Assets.SRC.ProceduralMapGeneration.Assets.SRC.ProceduralMapGeneration.PathFinding.NewNodeModel, Assets.SRC.ProceduralMapGeneration.Assets.SRC.ProceduralMapGeneration.Assets.SRC.ProceduralMapGeneration.PathFinding.NewNodeModel)
FNDA:177,GeneratePath(Assets.SRC.ProceduralMapGeneration.Assets.SRC.ProceduralMapGeneration.Assets.SRC.ProceduralMapGeneration.PathFinding.NewNodeModel, Assets.SRC.ProceduralMapGeneration.Assets.SRC.ProceduralMapGeneration.Assets.SRC.ProceduralMapGeneration.PathFinding.NewNodeModel)
FNDA:177,ConvertPathToPositions(System.Collections.Generic.List[NewNodeModel])
FNDA:7,FindEnds(UnityEngine.Vector3[])
FNDA:0,NewPathFinding()
FNF:13
FNH:12
BRF:0
BRH:0
DA:11,0
DA:12,0
DA:15,178
DA:16,178
DA:17,6856
DA:18,3250
DA:19,3250
DA:20,3250
DA:21,3250
DA:22,3250
DA:23,178
DA:24,178
DA:27,3250
DA:28,3250
DA:29,155200
DA:30,74350
DA:32,74350
DA:33,11988
DA:34,11988
DA:35,11988
DA:36,74350
DA:38,3250
DA:39,3250
DA:42,74351
DA:43,74351
DA:53,958942
DA:54,417108
DA:55,417108
DA:58,11988
DA:59,11988
DA:61,405120
DA:62,62363
DA:63,74351
DA:66,173
DA:67,173
DA:72,172
DA:73,170
DA:76,4
DA:77,4
DA:78,4
DA:79,4
DA:82,177
DA:83,177
DA:85,6846
DA:86,3246
DA:87,3246
DA:91,3246
DA:92,3246
DA:93,3246
DA:95,177
DA:96,177
DA:99,177
DA:100,177
DA:101,177
DA:103,177
DA:104,177
DA:106,174
DA:107,174
DA:110,185
DA:111,193
DA:112,187
DA:114,178
DA:115,178
DA:116,1872
DA:117,1885
DA:118,178
DA:119,178
DA:120,178
DA:122,178
DA:123,174
DA:124,174
DA:126,174
DA:127,174
DA:130,181
DA:131,557
DA:132,380
DA:133,1866
DA:134,376
DA:135,376
DA:136,376
DA:137,174
DA:138,174
DA:139,174
DA:142,177
DA:143,177
DA:145,554
DA:146,377
DA:147,377
DA:148,377
DA:149,377
DA:150,174
DA:151,174
DA:152,174
DA:155,177
DA:156,177
DA:158,1289
DA:159,379
DA:160,379
DA:161,379
DA:163,177
DA:164,177
DA:167,7
DA:170,9
DA:171,9
DA:176,18
DA:177,7
DA:178,7
DA:184,7
DA:185,7
DA:186,7
LH:108
LF:110
end_of_record
SF:C:/git/Unity.DungeonCrawler/DungeonCrawler/Assets/SRC/ProceduralMapGeneration/PathFinding/PathMapBuilder.cs
FN:20,CreateMap(System.Int32, System.Single, UnityEngine.Transform, Assets.SRC.ProceduralMapGeneration.Assets.SRC.ProceduralMapGeneration.ScriptableObjects.DirectionalTilesScriptableObject, System.Int32, Assets.SRC.ProceduralMapGeneration.Assets.SRC.ProceduralMapGeneration.Enums.GridTypeEnum)
FN:38,MapTotal(UnityEngine.Vector3[])
FN:48,FillMap(System.Collections.Generic.List[Vector3], System.Single, UnityEngine.Vector3[], System.Single, UnityEngine.Vector3[])
FN:12,PathMapBuilder()
FNDA:3,CreateMap(System.Int32, System.Single, UnityEngine.Transform, Assets.SRC.ProceduralMapGeneration.Assets.SRC.ProceduralMapGeneration.ScriptableObjects.DirectionalTilesScriptableObject, System.Int32, Assets.SRC.ProceduralMapGeneration.Assets.SRC.ProceduralMapGeneration.Enums.GridTypeEnum)
FNDA:4,MapTotal(UnityEngine.Vector3[])
FNDA:4,FillMap(System.Collections.Generic.List[Vector3], System.Single, UnityEngine.Vector3[], System.Single, UnityEngine.Vector3[])
FNDA:0,PathMapBuilder()
FNF:4
FNH:3
BRF:0
BRH:0
DA:12,0
DA:14,0
DA:15,0
DA:16,0
DA:17,0
DA:20,3
DA:21,3
DA:22,3
DA:23,3
DA:24,3
DA:26,3
DA:28,3
DA:30,2
DA:31,2
DA:32,2
DA:33,2
DA:34,1
DA:35,0
DA:38,4
DA:39,4
DA:40,24
DA:41,8
DA:42,8
DA:43,8
DA:44,4
DA:45,4
DA:48,4
DA:49,174
DA:50,172
DA:51,172
DA:52,172
DA:53,3577
DA:54,170
DA:55,2
LH:28
LF:34
end_of_record
SF:C:/git/Unity.DungeonCrawler/DungeonCrawler/Assets/SRC/ProceduralMapGeneration/Noise/PerlinNoiseGenerator.cs
FN:14,GeneratePerlinNoise2DTexture(System.Int32, System.Single)
FNDA:1,GeneratePerlinNoise2DTexture(System.Int32, System.Single)
FNF:1
FNH:1
BRF:0
BRH:0
DA:14,1
DA:15,1
DA:16,202
DA:17,100
DA:18,20200
DA:19,10000
DA:20,10000
DA:21,10000
DA:22,10000
DA:23,100
DA:25,1
DA:26,1
DA:27,1
LH:13
LF:13
end_of_record
SF:C:/git/Unity.DungeonCrawler/DungeonCrawler/Assets/SRC/ProceduralMapGeneration/ScriptableObjects/DirectionalTilesScriptableObject.cs
FN:77,RetunObjectsAsAList()
FNDA:2,RetunObjectsAsAList()
FNF:1
FNH:1
BRF:0
BRH:0
DA:77,2
DA:78,2
DA:144,2
LH:3
LF:3
end_of_record
SF:C:/git/Unity.DungeonCrawler/DungeonCrawler/Assets/SRC/ProceduralMapGeneration/Structs/DirectionIDStruct.cs
FN:5,NothID()
FN:5,NothID(System.Boolean)
FN:6,EastID()
FN:6,EastID(System.Boolean)
FN:7,WestID()
FN:7,WestID(System.Boolean)
FN:8,SouthID()
FN:8,SouthID(System.Boolean)
FN:9,TopID()
FN:9,TopID(System.Boolean)
FN:10,BottomID()
FN:10,BottomID(System.Boolean)
FNDA:3,NothID()
FNDA:3,NothID(System.Boolean)
FNDA:3,EastID()
FNDA:3,EastID(System.Boolean)
FNDA:3,WestID()
FNDA:3,WestID(System.Boolean)
FNDA:3,SouthID()
FNDA:3,SouthID(System.Boolean)
FNDA:3,TopID()
FNDA:3,TopID(System.Boolean)
FNDA:3,BottomID()
FNDA:3,BottomID(System.Boolean)
FNF:12
FNH:12
BRF:0
BRH:0
DA:5,3
DA:6,3
DA:7,3
DA:8,3
DA:9,3
DA:10,3
LH:6
LF:6
end_of_record
SF:C:/git/Unity.DungeonCrawler/DungeonCrawler/Assets/SRC/ProceduralMapGeneration/Structs/MapBuilderStruct.cs
FN:8,grid()
FN:8,grid(System.Collections.Generic.List[GameObject])
FN:9,startObject()
FN:9,startObject(UnityEngine.GameObject)
FN:10,previousTilePos()
FN:10,previousTilePos(UnityEngine.GameObject)
FNDA:3,grid()
FNDA:3,grid(System.Collections.Generic.List[GameObject])
FNDA:3,startObject()
FNDA:3,startObject(UnityEngine.GameObject)
FNDA:3,previousTilePos()
FNDA:3,previousTilePos(UnityEngine.GameObject)
FNF:6
FNH:6
BRF:0
BRH:0
DA:8,3
DA:9,3
DA:10,3
LH:3
LF:3
end_of_record
SF:C:/git/Unity.DungeonCrawler/DungeonCrawler/Assets/SRC/ProceduralMapGeneration/Utilities/ChunkHandler.cs
FN:14,AssignChunkTypes(System.Collections.Generic.List[GameObject])
FN:23,FindChunkNeigbors(System.Single, System.Collections.Generic.List[GameObject])
FN:74,FindChunkType(Assets.SRC.ProceduralMapGeneration.Assets.SRC.ProceduralMapGeneration.Structs.NeighborStruct)
FNDA:4,AssignChunkTypes(System.Collections.Generic.List[GameObject])
FNDA:22,FindChunkNeigbors(System.Single, System.Collections.Generic.List[GameObject])
FNDA:68,FindChunkType(Assets.SRC.ProceduralMapGeneration.Assets.SRC.ProceduralMapGeneration.Structs.NeighborStruct)
FNF:3
FNH:3
BRF:0
BRH:0
DA:14,4
DA:15,32
DA:16,13
DA:17,13
DA:18,12
DA:19,3
DA:20,3
DA:23,22
DA:24,22
DA:25,22
DA:27,7494
DA:28,3725
DA:29,3725
DA:30,3725
DA:32,7494
DA:33,3725
DA:34,3725
DA:35,3725
DA:36,3725
DA:38,3725
DA:40,3725
DA:42,3725
DA:43,2974
DA:44,2974
DA:45,2974
DA:46,3725
DA:47,2974
DA:48,2974
DA:49,2974
DA:50,3725
DA:51,2974
DA:52,2974
DA:53,2974
DA:54,3725
DA:55,2974
DA:56,2974
DA:57,2974
DA:58,3725
DA:59,2974
DA:60,2974
DA:61,2974
DA:62,3725
DA:63,2974
DA:64,2974
DA:65,2974
DA:67,3725
DA:68,3725
DA:69,3725
DA:70,22
DA:71,22
DA:74,68
DA:75,68
DA:76,1
DA:83,1
DA:85,67
DA:86,66
DA:87,66
DA:89,66
DA:90,30
DA:92,66
DA:93,30
DA:95,66
DA:96,27
DA:98,66
DA:99,27
DA:101,66
DA:102,31
DA:104,66
DA:105,31
DA:107,66
DA:110,1
DA:111,66
LH:72
LF:72
end_of_record
SF:C:/git/Unity.DungeonCrawler/DungeonCrawler/Assets/SRC/ProceduralMapGeneration/Utilities/GridCreate.cs
FN:10,CreateGrid(System.Int32, System.Single, Assets.SRC.ProceduralMapGeneration.Assets.SRC.ProceduralMapGeneration.Enums.GridTypeEnum)
FN:19,SquareGrid2DVertical(System.Int32, System.Single)
FN:36,SquareGrid2DHorizontal(System.Int32, System.Single)
FN:55,SquareGrid3D(System.Int32, System.Single)
FN:75,PlaceGameObjectsAtGridPositions(UnityEngine.Vector3[], UnityEngine.Transform)
FNDA:3,CreateGrid(System.Int32, System.Single, Assets.SRC.ProceduralMapGeneration.Assets.SRC.ProceduralMapGeneration.Enums.GridTypeEnum)
FNDA:6,SquareGrid2DVertical(System.Int32, System.Single)
FNDA:6,SquareGrid2DHorizontal(System.Int32, System.Single)
FNDA:36,SquareGrid3D(System.Int32, System.Single)
FNDA:32,PlaceGameObjectsAtGridPositions(UnityEngine.Vector3[], UnityEngine.Transform)
FNF:5
FNH:5
BRF:0
BRH:0
DA:10,3
DA:12,1
DA:13,1
DA:14,1
DA:15,0
DA:19,6
DA:20,6
DA:21,88
DA:22,38
DA:23,1016
DA:24,470
DA:25,470
DA:29,470
DA:30,470
DA:31,38
DA:32,6
DA:33,6
DA:36,6
DA:37,6
DA:38,6
DA:39,88
DA:40,38
DA:41,1016
DA:42,470
DA:43,470
DA:48,470
DA:49,470
DA:50,38
DA:51,6
DA:52,6
DA:55,36
DA:56,36
DA:57,484
DA:58,206
DA:59,4988
DA:60,2288
DA:61,66884
DA:62,31154
DA:63,31154
DA:67,31154
DA:68,31154
DA:69,2288
DA:70,206
DA:71,36
DA:72,36
DA:75,32
DA:76,32
DA:77,48614
DA:78,24275
DA:79,24275
DA:80,24275
DA:81,24275
DA:82,24275
DA:83,24275
DA:84,32
DA:85,32
LH:55
LF:56
end_of_record
SF:C:/git/Unity.DungeonCrawler/DungeonCrawler/Assets/SRC/ProceduralMapGeneration/Utilities/PopulateTilePositions.cs
FN:20,SetChildTile(Assets.SRC.ProceduralMapGeneration.Assets.SRC.ProceduralMapGeneration.ScriptableObjects.DirectionalTilesScriptableObject, System.Collections.Generic.List[GameObject])
FNDA:1,SetChildTile(Assets.SRC.ProceduralMapGeneration.Assets.SRC.ProceduralMapGeneration.ScriptableObjects.DirectionalTilesScriptableObject, System.Collections.Generic.List[GameObject])
FNF:1
FNH:1
BRF:0
BRH:0
DA:20,1
DA:21,1
DA:22,2
DA:23,1
DA:24,1
DA:26,1
DA:28,0
DA:29,0
DA:30,0
DA:31,0
DA:32,0
DA:33,0
LH:6
LF:12
end_of_record
SF:C:/git/Unity.DungeonCrawler/DungeonCrawler/Assets/SRC/Shared/Utilities/ActivateReflectionProbe.cs
FN:12,Awake()
FN:18,OnTriggerEnter(UnityEngine.Collider)
FN:23,OnTriggerExit(UnityEngine.Collider)
FNDA:0,Awake()
FNDA:0,OnTriggerEnter(UnityEngine.Collider)
FNDA:0,OnTriggerExit(UnityEngine.Collider)
FNF:3
FNH:0
BRF:0
BRH:0
DA:12,0
DA:13,0
DA:14,0
DA:15,0
DA:18,0
DA:19,0
DA:20,0
DA:23,0
DA:24,0
DA:25,0
LH:0
LF:10
end_of_record
SF:C:/git/Unity.DungeonCrawler/DungeonCrawler/Assets/SRC/Shared/Utilities/GenericUtilities.cs
FN:17,NeighborsPosition(System.Single, UnityEngine.Vector3)
FNDA:3725,NeighborsPosition(System.Single, UnityEngine.Vector3)
FNF:1
FNH:1
BRF:0
BRH:0
DA:17,3725
DA:26,3725
DA:27,3725
DA:28,3725
DA:29,3725
DA:30,3725
DA:31,3725
DA:33,3725
DA:34,3725
LH:9
LF:9
end_of_record
SF:C:/git/Unity.DungeonCrawler/DungeonCrawler/Assets/SRC/Shared/Utilities/VectorMath.cs
FN:7,CalculateDistanceBetweenTwoVectors(UnityEngine.Vector3, UnityEngine.Vector3)
FNDA:3247,CalculateDistanceBetweenTwoVectors(UnityEngine.Vector3, UnityEngine.Vector3)
FNF:1
FNH:1
BRF:0
BRH:0
DA:7,3247
LH:1
LF:1
end_of_record
SF:C:/git/Unity.DungeonCrawler/DungeonCrawler/Assets/SRC/Shared/Utilities/BlinkMaterielEmission.cs
FN:14,OnEnable()
FN:18,FixedUpdate()
FNDA:0,OnEnable()
FNDA:0,FixedUpdate()
FNF:2
FNH:0
BRF:0
BRH:0
DA:14,0
DA:15,0
DA:16,0
DA:18,0
DA:19,0
DA:20,0
DA:21,0
LH:0
LF:7
end_of_record
SF:C:/git/Unity.DungeonCrawler/DungeonCrawler/Assets/SRC/Shared/Utilities/ClearChildren.cs
FN:8,DeleteAllChildren(UnityEngine.GameObject)
FNDA:0,DeleteAllChildren(UnityEngine.GameObject)
FNF:1
FNH:0
BRF:0
BRH:0
DA:8,0
DA:9,0
DA:10,0
DA:11,0
LH:0
LF:4
end_of_record
SF:C:/git/Unity.DungeonCrawler/DungeonCrawler/Assets/SRC/Shared/Exceptions/CustomExceptions.cs
FN:9,NotImplementedException()
FNDA:1,NotImplementedException()
FNF:1
FNH:1
BRF:0
BRH:0
DA:9,1
DA:10,1
LH:2
LF:2
end_of_record
SF:C:/git/Unity.DungeonCrawler/DungeonCrawler/Assets/SRC/Shared/Utilities/LightControl.cs
FN:12,OnEnable()
FN:16,OnTriggerEnter(UnityEngine.Collider)
FN:21,OnTriggerExit(UnityEngine.Collider)
FNDA:0,OnEnable()
FNDA:0,OnTriggerEnter(UnityEngine.Collider)
FNDA:0,OnTriggerExit(UnityEngine.Collider)
FNF:3
FNH:0
BRF:0
BRH:0
DA:12,0
DA:13,0
DA:14,0
DA:16,0
DA:17,0
DA:18,0
DA:21,0
DA:22,0
DA:23,0
LH:0
LF:9
end_of_record
