TN:
SF:C:/git/Unity.DungeonCrawler/DungeonCrawler/Assets/SRC/PlayerControl/Scripts/BasicRigidBodyPush.cs
FN:10,OnControllerColliderHit(UnityEngine.ControllerColliderHit)
FN:15,PushRigidBodies(UnityEngine.ControllerColliderHit)
FN:7,BasicRigidBodyPush()
FNDA:0,OnControllerColliderHit(UnityEngine.ControllerColliderHit)
FNDA:0,PushRigidBodies(UnityEngine.ControllerColliderHit)
FNDA:0,BasicRigidBodyPush()
FNF:3
FNH:0
BRF:0
BRH:0
DA:7,0
DA:10,0
DA:11,0
DA:12,0
DA:15,0
DA:19,0
DA:20,0
DA:23,0
DA:24,0
DA:27,0
DA:30,0
DA:33,0
DA:34,0
LH:0
LF:13
end_of_record
SF:C:/git/Unity.DungeonCrawler/DungeonCrawler/Assets/SRC/PlayerControl/Scripts/FirstPersonController.cs
FN:80,IsCurrentDeviceMouse()
FN:90,Awake()
FN:99,Start()
FN:114,Update()
FN:121,LateUpdate()
FN:126,GroundedCheck()
FN:133,CameraRotation()
FN:155,Move()
FN:202,JumpAndGravity()
FN:250,ClampAngle(System.Single, System.Single, System.Single)
FN:257,OnDrawGizmosSelected()
FN:16,FirstPersonController()
FNDA:0,IsCurrentDeviceMouse()
FNDA:0,Awake()
FNDA:0,Start()
FNDA:0,Update()
FNDA:0,LateUpdate()
FNDA:0,GroundedCheck()
FNDA:0,CameraRotation()
FNDA:0,Move()
FNDA:0,JumpAndGravity()
FNDA:0,ClampAngle(System.Single, System.Single, System.Single)
FNDA:0,OnDrawGizmosSelected()
FNDA:0,FirstPersonController()
FNF:12
FNH:0
BRF:0
BRH:0
DA:16,0
DA:18,0
DA:20,0
DA:22,0
DA:26,0
DA:28,0
DA:32,0
DA:34,0
DA:38,0
DA:40,0
DA:42,0
DA:50,0
DA:52,0
DA:61,0
DA:80,0
DA:82,0
DA:86,0
DA:90,0
DA:92,0
DA:93,0
DA:94,0
DA:95,0
DA:96,0
DA:99,0
DA:100,0
DA:101,0
DA:103,0
DA:109,0
DA:110,0
DA:111,0
DA:114,0
DA:115,0
DA:116,0
DA:117,0
DA:118,0
DA:121,0
DA:122,0
DA:123,0
DA:126,0
DA:128,0
DA:129,0
DA:130,0
DA:133,0
DA:135,0
DA:136,0
DA:138,0
DA:140,0
DA:141,0
DA:144,0
DA:147,0
DA:150,0
DA:151,0
DA:152,0
DA:155,0
DA:157,0
DA:163,0
DA:166,0
DA:168,0
DA:169,0
DA:172,0
DA:173,0
DA:176,0
DA:179,0
DA:180,0
DA:182,0
DA:183,0
DA:184,0
DA:187,0
DA:191,0
DA:192,0
DA:194,0
DA:195,0
DA:198,0
DA:199,0
DA:202,0
DA:203,0
DA:204,0
DA:206,0
DA:209,0
DA:210,0
DA:211,0
DA:212,0
DA:215,0
DA:216,0
DA:218,0
DA:219,0
DA:222,0
DA:223,0
DA:224,0
DA:225,0
DA:226,0
DA:228,0
DA:230,0
DA:233,0
DA:234,0
DA:235,0
DA:236,0
DA:239,0
DA:240,0
DA:243,0
DA:244,0
DA:245,0
DA:246,0
DA:247,0
DA:250,0
DA:251,0
DA:252,0
DA:253,0
DA:254,0
DA:257,0
DA:258,0
DA:259,0
DA:261,0
DA:262,0
DA:265,0
DA:266,0
LH:0
LF:116
end_of_record
SF:C:/git/Unity.DungeonCrawler/DungeonCrawler/Assets/SRC/PlayerControl/InputSystem/StarterAssetsInputs.cs
FN:25,OnMove(UnityEngine.InputSystem.InputValue)
FN:30,OnLook(UnityEngine.InputSystem.InputValue)
FN:38,OnJump(UnityEngine.InputSystem.InputValue)
FN:43,OnSprint(UnityEngine.InputSystem.InputValue)
FN:50,MoveInput(UnityEngine.Vector2)
FN:55,LookInput(UnityEngine.Vector2)
FN:60,JumpInput(System.Boolean)
FN:65,SprintInput(System.Boolean)
FN:70,OnApplicationFocus(System.Boolean)
FN:75,SetCursorState(System.Boolean)
FN:20,StarterAssetsInputs()
FNDA:0,OnMove(UnityEngine.InputSystem.InputValue)
FNDA:0,OnLook(UnityEngine.InputSystem.InputValue)
FNDA:0,OnJump(UnityEngine.InputSystem.InputValue)
FNDA:0,OnSprint(UnityEngine.InputSystem.InputValue)
FNDA:0,MoveInput(UnityEngine.Vector2)
FNDA:0,LookInput(UnityEngine.Vector2)
FNDA:0,JumpInput(System.Boolean)
FNDA:0,SprintInput(System.Boolean)
FNDA:0,OnApplicationFocus(System.Boolean)
FNDA:0,SetCursorState(System.Boolean)
FNDA:0,StarterAssetsInputs()
FNF:11
FNH:0
BRF:0
BRH:0
DA:20,0
DA:21,0
DA:25,0
DA:26,0
DA:27,0
DA:30,0
DA:31,0
DA:32,0
DA:33,0
DA:34,0
DA:35,0
DA:38,0
DA:39,0
DA:40,0
DA:43,0
DA:44,0
DA:45,0
DA:50,0
DA:51,0
DA:52,0
DA:55,0
DA:56,0
DA:57,0
DA:60,0
DA:61,0
DA:62,0
DA:65,0
DA:66,0
DA:67,0
DA:70,0
DA:71,0
DA:72,0
DA:75,0
DA:76,0
DA:77,0
LH:0
LF:35
end_of_record
SF:C:/git/Unity.DungeonCrawler/DungeonCrawler/Assets/SRC/PlayerControl/Mobile/Scripts/CanvasInputs/UICanvasControllerInput.cs
FN:12,VirtualMoveInput(UnityEngine.Vector2)
FN:17,VirtualLookInput(UnityEngine.Vector2)
FN:22,VirtualJumpInput(System.Boolean)
FN:27,VirtualSprintInput(System.Boolean)
FNDA:0,VirtualMoveInput(UnityEngine.Vector2)
FNDA:0,VirtualLookInput(UnityEngine.Vector2)
FNDA:0,VirtualJumpInput(System.Boolean)
FNDA:0,VirtualSprintInput(System.Boolean)
FNF:4
FNH:0
BRF:0
BRH:0
DA:12,0
DA:13,0
DA:14,0
DA:17,0
DA:18,0
DA:19,0
DA:22,0
DA:23,0
DA:24,0
DA:27,0
DA:28,0
DA:29,0
LH:0
LF:12
end_of_record
SF:C:/git/Unity.DungeonCrawler/DungeonCrawler/Assets/SRC/PlayerControl/Mobile/Scripts/VirtualInputs/UIVirtualButton.cs
FN:17,OnPointerDown(UnityEngine.EventSystems.PointerEventData)
FN:22,OnPointerUp(UnityEngine.EventSystems.PointerEventData)
FN:27,OnPointerClick(UnityEngine.EventSystems.PointerEventData)
FN:32,OutputButtonStateValue(System.Boolean)
FN:37,OutputButtonClickEvent()
FNDA:0,OnPointerDown(UnityEngine.EventSystems.PointerEventData)
FNDA:0,OnPointerUp(UnityEngine.EventSystems.PointerEventData)
FNDA:0,OnPointerClick(UnityEngine.EventSystems.PointerEventData)
FNDA:0,OutputButtonStateValue(System.Boolean)
FNDA:0,OutputButtonClickEvent()
FNF:5
FNH:0
BRF:0
BRH:0
DA:17,0
DA:18,0
DA:19,0
DA:22,0
DA:23,0
DA:24,0
DA:27,0
DA:28,0
DA:29,0
DA:32,0
DA:33,0
DA:34,0
DA:37,0
DA:38,0
DA:39,0
LH:0
LF:15
end_of_record
SF:C:/git/Unity.DungeonCrawler/DungeonCrawler/Assets/SRC/PlayerControl/Mobile/Scripts/VirtualInputs/UIVirtualJoystick.cs
FN:24,Start()
FN:29,SetupHandle()
FN:37,OnPointerDown(UnityEngine.EventSystems.PointerEventData)
FN:42,OnDrag(UnityEngine.EventSystems.PointerEventData)
FN:62,OnPointerUp(UnityEngine.EventSystems.PointerEventData)
FN:72,OutputPointerEventValue(UnityEngine.Vector2)
FN:77,UpdateHandleRectPosition(UnityEngine.Vector2)
FN:82,ApplySizeDelta(UnityEngine.Vector2)
FN:89,ClampValuesToMagnitude(UnityEngine.Vector2)
FN:94,ApplyInversionFilter(UnityEngine.Vector2)
FN:109,InvertValue(System.Single)
FN:15,UIVirtualJoystick()
FNDA:0,Start()
FNDA:0,SetupHandle()
FNDA:0,OnPointerDown(UnityEngine.EventSystems.PointerEventData)
FNDA:0,OnDrag(UnityEngine.EventSystems.PointerEventData)
FNDA:0,OnPointerUp(UnityEngine.EventSystems.PointerEventData)
FNDA:0,OutputPointerEventValue(UnityEngine.Vector2)
FNDA:0,UpdateHandleRectPosition(UnityEngine.Vector2)
FNDA:0,ApplySizeDelta(UnityEngine.Vector2)
FNDA:0,ClampValuesToMagnitude(UnityEngine.Vector2)
FNDA:0,ApplyInversionFilter(UnityEngine.Vector2)
FNDA:0,InvertValue(System.Single)
FNDA:0,UIVirtualJoystick()
FNF:12
FNH:0
BRF:0
BRH:0
DA:15,0
DA:16,0
DA:24,0
DA:25,0
DA:26,0
DA:29,0
DA:30,0
DA:31,0
DA:32,0
DA:33,0
DA:34,0
DA:37,0
DA:38,0
DA:39,0
DA:42,0
DA:44,0
DA:46,0
DA:48,0
DA:50,0
DA:52,0
DA:54,0
DA:55,0
DA:56,0
DA:57,0
DA:59,0
DA:62,0
DA:63,0
DA:65,0
DA:66,0
DA:67,0
DA:68,0
DA:69,0
DA:72,0
DA:73,0
DA:74,0
DA:77,0
DA:78,0
DA:79,0
DA:82,0
DA:83,0
DA:84,0
DA:85,0
DA:86,0
DA:89,0
DA:90,0
DA:91,0
DA:94,0
DA:95,0
DA:96,0
DA:97,0
DA:98,0
DA:100,0
DA:101,0
DA:102,0
DA:103,0
DA:105,0
DA:106,0
DA:109,0
DA:110,0
DA:111,0
LH:0
LF:60
end_of_record
SF:C:/git/Unity.DungeonCrawler/DungeonCrawler/Assets/SRC/PlayerControl/Mobile/Scripts/VirtualInputs/UIVirtualTouchZone.cs
FN:28,Start()
FN:33,SetupHandle()
FN:41,OnPointerDown(UnityEngine.EventSystems.PointerEventData)
FN:53,OnDrag(UnityEngine.EventSystems.PointerEventData)
FN:67,OnPointerUp(UnityEngine.EventSystems.PointerEventData)
FN:81,OutputPointerEventValue(UnityEngine.Vector2)
FN:86,UpdateHandleRectPosition(UnityEngine.Vector2)
FN:91,SetObjectActiveState(UnityEngine.GameObject, System.Boolean)
FN:96,GetDeltaBetweenPositions(UnityEngine.Vector2, UnityEngine.Vector2)
FN:101,ClampValuesToMagnitude(UnityEngine.Vector2)
FN:106,ApplyInversionFilter(UnityEngine.Vector2)
FN:121,InvertValue(System.Single)
FN:16,UIVirtualTouchZone()
FNDA:0,Start()
FNDA:0,SetupHandle()
FNDA:0,OnPointerDown(UnityEngine.EventSystems.PointerEventData)
FNDA:0,OnDrag(UnityEngine.EventSystems.PointerEventData)
FNDA:0,OnPointerUp(UnityEngine.EventSystems.PointerEventData)
FNDA:0,OutputPointerEventValue(UnityEngine.Vector2)
FNDA:0,UpdateHandleRectPosition(UnityEngine.Vector2)
FNDA:0,SetObjectActiveState(UnityEngine.GameObject, System.Boolean)
FNDA:0,GetDeltaBetweenPositions(UnityEngine.Vector2, UnityEngine.Vector2)
FNDA:0,ClampValuesToMagnitude(UnityEngine.Vector2)
FNDA:0,ApplyInversionFilter(UnityEngine.Vector2)
FNDA:0,InvertValue(System.Single)
FNDA:0,UIVirtualTouchZone()
FNF:13
FNH:0
BRF:0
BRH:0
DA:16,0
DA:28,0
DA:29,0
DA:30,0
DA:33,0
DA:34,0
DA:35,0
DA:36,0
DA:37,0
DA:38,0
DA:41,0
DA:43,0
DA:45,0
DA:46,0
DA:47,0
DA:48,0
DA:49,0
DA:50,0
DA:53,0
DA:55,0
DA:57,0
DA:59,0
DA:61,0
DA:63,0
DA:64,0
DA:67,0
DA:68,0
DA:69,0
DA:71,0
DA:73,0
DA:74,0
DA:75,0
DA:76,0
DA:77,0
DA:78,0
DA:81,0
DA:82,0
DA:83,0
DA:86,0
DA:87,0
DA:88,0
DA:91,0
DA:92,0
DA:93,0
DA:96,0
DA:97,0
DA:98,0
DA:101,0
DA:102,0
DA:103,0
DA:106,0
DA:107,0
DA:108,0
DA:109,0
DA:110,0
DA:112,0
DA:113,0
DA:114,0
DA:115,0
DA:117,0
DA:118,0
DA:121,0
DA:122,0
DA:123,0
LH:0
LF:64
end_of_record
SF:C:/git/Unity.DungeonCrawler/DungeonCrawler/Assets/SRC/ProceduralMapGeneration/PathFinding/NewPathFinding.cs
FN:23,SetNodeNeighbors(System.Collections.Generic.List[NewNodeModel], System.Single)
FN:54,FindNeighbors(Assets.SRC.ProceduralMapGeneration.Assets.SRC.ProceduralMapGeneration.Assets.SRC.ProceduralMapGeneration.PathFinding.NewNodeModel, System.Collections.Generic.List[NewNodeModel], System.Single)
FN:84,ComparePositions(UnityEngine.Vector3, UnityEngine.Vector3, System.Single)
FN:124,NodeGridCreator(UnityEngine.Vector3[], UnityEngine.Vector3[], System.Single)
FN:149,NodeGridCreator(UnityEngine.Vector3[], System.Single)
FN:165,CreateNodes(UnityEngine.Vector3[], UnityEngine.Vector3)
FN:199,ReturnPath(UnityEngine.Vector3[], System.Single, UnityEngine.Vector3[])
FN:224,Findpath(System.Collections.Generic.List[NewNodeModel], UnityEngine.Vector3[])
FN:267,FindActiveNode(Assets.SRC.ProceduralMapGeneration.Assets.SRC.ProceduralMapGeneration.Assets.SRC.ProceduralMapGeneration.PathFinding.NewNodeModel, Assets.SRC.ProceduralMapGeneration.Assets.SRC.ProceduralMapGeneration.Assets.SRC.ProceduralMapGeneration.PathFinding.NewNodeModel)
FN:296,GeneratePath(Assets.SRC.ProceduralMapGeneration.Assets.SRC.ProceduralMapGeneration.Assets.SRC.ProceduralMapGeneration.PathFinding.NewNodeModel, Assets.SRC.ProceduralMapGeneration.Assets.SRC.ProceduralMapGeneration.Assets.SRC.ProceduralMapGeneration.PathFinding.NewNodeModel)
FN:324,ConvertPathToPositions(System.Collections.Generic.List[NewNodeModel])
FN:345,FindEnds(UnityEngine.Vector3[])
FN:11,NewPathFinding()
FNDA:0,SetNodeNeighbors(System.Collections.Generic.List[NewNodeModel], System.Single)
FNDA:0,FindNeighbors(Assets.SRC.ProceduralMapGeneration.Assets.SRC.ProceduralMapGeneration.Assets.SRC.ProceduralMapGeneration.PathFinding.NewNodeModel, System.Collections.Generic.List[NewNodeModel], System.Single)
FNDA:0,ComparePositions(UnityEngine.Vector3, UnityEngine.Vector3, System.Single)
FNDA:0,NodeGridCreator(UnityEngine.Vector3[], UnityEngine.Vector3[], System.Single)
FNDA:0,NodeGridCreator(UnityEngine.Vector3[], System.Single)
FNDA:0,CreateNodes(UnityEngine.Vector3[], UnityEngine.Vector3)
FNDA:0,ReturnPath(UnityEngine.Vector3[], System.Single, UnityEngine.Vector3[])
FNDA:0,Findpath(System.Collections.Generic.List[NewNodeModel], UnityEngine.Vector3[])
FNDA:0,FindActiveNode(Assets.SRC.ProceduralMapGeneration.Assets.SRC.ProceduralMapGeneration.Assets.SRC.ProceduralMapGeneration.PathFinding.NewNodeModel, Assets.SRC.ProceduralMapGeneration.Assets.SRC.ProceduralMapGeneration.Assets.SRC.ProceduralMapGeneration.PathFinding.NewNodeModel)
FNDA:0,GeneratePath(Assets.SRC.ProceduralMapGeneration.Assets.SRC.ProceduralMapGeneration.Assets.SRC.ProceduralMapGeneration.PathFinding.NewNodeModel, Assets.SRC.ProceduralMapGeneration.Assets.SRC.ProceduralMapGeneration.Assets.SRC.ProceduralMapGeneration.PathFinding.NewNodeModel)
FNDA:0,ConvertPathToPositions(System.Collections.Generic.List[NewNodeModel])
FNDA:0,FindEnds(UnityEngine.Vector3[])
FNDA:0,NewPathFinding()
FNF:13
FNH:0
BRF:0
BRH:0
DA:11,0
DA:12,0
DA:23,0
DA:25,0
DA:28,0
DA:29,0
DA:31,0
DA:34,0
DA:37,0
DA:38,0
DA:41,0
DA:42,0
DA:54,0
DA:56,0
DA:59,0
DA:60,0
DA:62,0
DA:63,0
DA:65,0
DA:66,0
DA:67,0
DA:70,0
DA:71,0
DA:84,0
DA:86,0
DA:97,0
DA:98,0
DA:100,0
DA:103,0
DA:105,0
DA:107,0
DA:110,0
DA:111,0
DA:124,0
DA:126,0
DA:133,0
DA:136,0
DA:137,0
DA:149,0
DA:151,0
DA:154,0
DA:155,0
DA:165,0
DA:167,0
DA:170,0
DA:171,0
DA:173,0
DA:180,0
DA:183,0
DA:184,0
DA:187,0
DA:188,0
DA:199,0
DA:201,0
DA:204,0
DA:207,0
DA:210,0
DA:213,0
DA:214,0
DA:224,0
DA:226,0
DA:227,0
DA:230,0
DA:231,0
DA:234,0
DA:235,0
DA:238,0
DA:241,0
DA:242,0
DA:245,0
DA:248,0
DA:251,0
DA:254,0
DA:255,0
DA:267,0
DA:269,0
DA:270,0
DA:272,0
DA:275,0
DA:278,0
DA:279,0
DA:282,0
DA:285,0
DA:286,0
DA:296,0
DA:298,0
DA:301,0
DA:302,0
DA:304,0
DA:307,0
DA:308,0
DA:311,0
DA:314,0
DA:315,0
DA:324,0
DA:326,0
DA:329,0
DA:330,0
DA:331,0
DA:332,0
DA:335,0
DA:336,0
DA:345,0
DA:347,0
DA:355,0
DA:357,0
DA:358,0
DA:361,0
DA:362,0
DA:364,0
DA:368,0
DA:369,0
DA:372,0
DA:373,0
LH:0
LF:114
end_of_record
SF:C:/git/Unity.DungeonCrawler/DungeonCrawler/Assets/SRC/ProceduralMapGeneration/PathFinding/PathMapBuilder.cs
FN:34,CreateMap(System.Int32, System.Single, UnityEngine.Transform, Assets.SRC.ProceduralMapGeneration.Assets.SRC.ProceduralMapGeneration.ScriptableObjects.DirectionalTilesScriptableObject, System.Int32, Assets.SRC.ProceduralMapGeneration.Assets.SRC.ProceduralMapGeneration.Enums.GridTypeEnum)
FN:68,MapTotal(UnityEngine.Vector3[])
FN:92,FillMap(System.Collections.Generic.List[Vector3], System.Single, UnityEngine.Vector3[], System.Single, UnityEngine.Vector3[])
FN:16,PathMapBuilder()
FNDA:0,CreateMap(System.Int32, System.Single, UnityEngine.Transform, Assets.SRC.ProceduralMapGeneration.Assets.SRC.ProceduralMapGeneration.ScriptableObjects.DirectionalTilesScriptableObject, System.Int32, Assets.SRC.ProceduralMapGeneration.Assets.SRC.ProceduralMapGeneration.Enums.GridTypeEnum)
FNDA:0,MapTotal(UnityEngine.Vector3[])
FNDA:0,FillMap(System.Collections.Generic.List[Vector3], System.Single, UnityEngine.Vector3[], System.Single, UnityEngine.Vector3[])
FNDA:0,PathMapBuilder()
FNF:4
FNH:0
BRF:0
BRH:0
DA:16,0
DA:18,0
DA:19,0
DA:20,0
DA:21,0
DA:34,0
DA:36,0
DA:38,0
DA:40,0
DA:42,0
DA:44,0
DA:46,0
DA:49,0
DA:51,0
DA:52,0
DA:54,0
DA:56,0
DA:58,0
DA:68,0
DA:70,0
DA:73,0
DA:74,0
DA:75,0
DA:76,0
DA:79,0
DA:80,0
DA:92,0
DA:94,0
DA:95,0
DA:97,0
DA:100,0
DA:103,0
DA:104,0
DA:105,0
LH:0
LF:34
end_of_record
SF:C:/git/Unity.DungeonCrawler/DungeonCrawler/Assets/SRC/ProceduralMapGeneration/Noise/PerlinNoiseGenerator.cs
FN:8,GeneratePerlinNoise2DTexture(System.Int32, System.Single)
FNDA:0,GeneratePerlinNoise2DTexture(System.Int32, System.Single)
FNF:1
FNH:0
BRF:0
BRH:0
DA:8,0
DA:9,0
DA:10,0
DA:11,0
DA:12,0
DA:13,0
DA:14,0
DA:15,0
DA:16,0
DA:17,0
DA:19,0
DA:20,0
DA:21,0
LH:0
LF:13
end_of_record
SF:C:/git/Unity.DungeonCrawler/DungeonCrawler/Assets/SRC/ProceduralMapGeneration/ScriptableObjects/DirectionalTilesScriptableObject.cs
FN:77,RetunObjectsAsAList()
FNDA:0,RetunObjectsAsAList()
FNF:1
FNH:0
BRF:0
BRH:0
DA:77,0
DA:78,0
DA:144,0
LH:0
LF:3
end_of_record
SF:C:/git/Unity.DungeonCrawler/DungeonCrawler/Assets/SRC/ProceduralMapGeneration/Structs/DirectionIDStruct.cs
FN:7,NothID()
FN:7,NothID(System.Boolean)
FN:9,EastID()
FN:9,EastID(System.Boolean)
FN:11,WestID()
FN:11,WestID(System.Boolean)
FN:13,SouthID()
FN:13,SouthID(System.Boolean)
FN:15,TopID()
FN:15,TopID(System.Boolean)
FN:17,BottomID()
FN:17,BottomID(System.Boolean)
FNDA:0,NothID()
FNDA:0,NothID(System.Boolean)
FNDA:0,EastID()
FNDA:0,EastID(System.Boolean)
FNDA:0,WestID()
FNDA:0,WestID(System.Boolean)
FNDA:0,SouthID()
FNDA:0,SouthID(System.Boolean)
FNDA:0,TopID()
FNDA:0,TopID(System.Boolean)
FNDA:0,BottomID()
FNDA:0,BottomID(System.Boolean)
FNF:12
FNH:0
BRF:0
BRH:0
DA:7,0
DA:9,0
DA:11,0
DA:13,0
DA:15,0
DA:17,0
LH:0
LF:6
end_of_record
SF:C:/git/Unity.DungeonCrawler/DungeonCrawler/Assets/SRC/ProceduralMapGeneration/Structs/MapBuilderStruct.cs
FN:10,grid()
FN:10,grid(System.Collections.Generic.List[GameObject])
FN:12,startObject()
FN:12,startObject(UnityEngine.GameObject)
FN:14,previousTilePos()
FN:14,previousTilePos(UnityEngine.GameObject)
FNDA:0,grid()
FNDA:0,grid(System.Collections.Generic.List[GameObject])
FNDA:0,startObject()
FNDA:0,startObject(UnityEngine.GameObject)
FNDA:0,previousTilePos()
FNDA:0,previousTilePos(UnityEngine.GameObject)
FNF:6
FNH:0
BRF:0
BRH:0
DA:10,0
DA:12,0
DA:14,0
LH:0
LF:3
end_of_record
SF:C:/git/Unity.DungeonCrawler/DungeonCrawler/Assets/SRC/ProceduralMapGeneration/Utilities/ChunkHandler.cs
FN:21,AssignChunkTypes(System.Collections.Generic.List[GameObject])
FN:47,FindChunkNeigbors(System.Single, System.Collections.Generic.List[GameObject])
FN:123,FindChunkType(Assets.SRC.ProceduralMapGeneration.Assets.SRC.ProceduralMapGeneration.Structs.NeighborStruct)
FNDA:0,AssignChunkTypes(System.Collections.Generic.List[GameObject])
FNDA:0,FindChunkNeigbors(System.Single, System.Collections.Generic.List[GameObject])
FNDA:0,FindChunkType(Assets.SRC.ProceduralMapGeneration.Assets.SRC.ProceduralMapGeneration.Structs.NeighborStruct)
FNF:3
FNH:0
BRF:0
BRH:0
DA:21,0
DA:23,0
DA:24,0
DA:26,0
DA:29,0
DA:32,0
DA:33,0
DA:36,0
DA:37,0
DA:47,0
DA:50,0
DA:51,0
DA:55,0
DA:56,0
DA:57,0
DA:58,0
DA:62,0
DA:63,0
DA:65,0
DA:66,0
DA:68,0
DA:70,0
DA:72,0
DA:74,0
DA:75,0
DA:77,0
DA:78,0
DA:79,0
DA:80,0
DA:82,0
DA:83,0
DA:84,0
DA:85,0
DA:87,0
DA:88,0
DA:89,0
DA:90,0
DA:92,0
DA:93,0
DA:94,0
DA:95,0
DA:97,0
DA:98,0
DA:99,0
DA:100,0
DA:102,0
DA:103,0
DA:105,0
DA:106,0
DA:107,0
DA:108,0
DA:109,0
DA:123,0
DA:127,0
DA:128,0
DA:130,0
DA:140,0
DA:141,0
DA:143,0
DA:146,0
DA:147,0
DA:149,0
DA:150,0
DA:152,0
DA:153,0
DA:155,0
DA:156,0
DA:158,0
DA:159,0
DA:161,0
DA:162,0
DA:165,0
DA:170,0
DA:171,0
LH:0
LF:74
end_of_record
SF:C:/git/Unity.DungeonCrawler/DungeonCrawler/Assets/SRC/ProceduralMapGeneration/Utilities/GridCreate.cs
FN:20,CreateGrid(System.Int32, System.Single, Assets.SRC.ProceduralMapGeneration.Assets.SRC.ProceduralMapGeneration.Enums.GridTypeEnum)
FN:51,SquareGrid2DVertical(System.Int32, System.Single)
FN:81,SquareGrid2DHorizontal(System.Int32, System.Single)
FN:114,SquareGrid3D(System.Int32, System.Single)
FN:147,PlaceGameObjectsAtGridPositions(UnityEngine.Vector3[], UnityEngine.Transform)
FNDA:0,CreateGrid(System.Int32, System.Single, Assets.SRC.ProceduralMapGeneration.Assets.SRC.ProceduralMapGeneration.Enums.GridTypeEnum)
FNDA:0,SquareGrid2DVertical(System.Int32, System.Single)
FNDA:0,SquareGrid2DHorizontal(System.Int32, System.Single)
FNDA:0,SquareGrid3D(System.Int32, System.Single)
FNDA:0,PlaceGameObjectsAtGridPositions(UnityEngine.Vector3[], UnityEngine.Transform)
FNF:5
FNH:0
BRF:0
BRH:0
DA:20,0
DA:22,0
DA:26,0
DA:30,0
DA:34,0
DA:38,0
DA:40,0
DA:51,0
DA:53,0
DA:56,0
DA:57,0
DA:58,0
DA:59,0
DA:61,0
DA:64,0
DA:65,0
DA:66,0
DA:69,0
DA:70,0
DA:81,0
DA:83,0
DA:86,0
DA:89,0
DA:90,0
DA:91,0
DA:92,0
DA:94,0
DA:97,0
DA:98,0
DA:99,0
DA:102,0
DA:103,0
DA:114,0
DA:116,0
DA:119,0
DA:120,0
DA:121,0
DA:122,0
DA:123,0
DA:124,0
DA:126,0
DA:129,0
DA:130,0
DA:131,0
DA:132,0
DA:135,0
DA:136,0
DA:147,0
DA:149,0
DA:152,0
DA:153,0
DA:155,0
DA:158,0
DA:161,0
DA:164,0
DA:165,0
DA:168,0
DA:169,0
LH:0
LF:58
end_of_record
SF:C:/git/Unity.DungeonCrawler/DungeonCrawler/Assets/SRC/ProceduralMapGeneration/Utilities/PopulateTilePositions.cs
FN:19,SetChildTile(Assets.SRC.ProceduralMapGeneration.Assets.SRC.ProceduralMapGeneration.ScriptableObjects.DirectionalTilesScriptableObject, System.Collections.Generic.List[GameObject])
FNDA:0,SetChildTile(Assets.SRC.ProceduralMapGeneration.Assets.SRC.ProceduralMapGeneration.ScriptableObjects.DirectionalTilesScriptableObject, System.Collections.Generic.List[GameObject])
FNF:1
FNH:0
BRF:0
BRH:0
DA:19,0
DA:21,0
DA:24,0
DA:25,0
DA:27,0
DA:30,0
DA:33,0
DA:36,0
DA:39,0
DA:40,0
DA:43,0
DA:44,0
LH:0
LF:12
end_of_record
SF:C:/git/Unity.DungeonCrawler/DungeonCrawler/Assets/SRC/Shared/Utilities/GenericUtilities.cs
FN:17,NeighborsPosition(System.Single, UnityEngine.Vector3)
FNDA:0,NeighborsPosition(System.Single, UnityEngine.Vector3)
FNF:1
FNH:0
BRF:0
BRH:0
DA:17,0
DA:26,0
DA:27,0
DA:28,0
DA:29,0
DA:30,0
DA:31,0
DA:33,0
DA:34,0
LH:0
LF:9
end_of_record
SF:C:/git/Unity.DungeonCrawler/DungeonCrawler/Assets/SRC/Shared/Utilities/VectorMath.cs
FN:9,CalculateDistanceBetweenTwoVectors(UnityEngine.Vector3, UnityEngine.Vector3)
FN:12,ConvertV2ToV3(UnityEngine.Vector2, Assets.SRC.ProceduralMapGeneration.Assets.SRC.Shared.Assets.SRC.Shared.Enums.VectorMathConvertionEnum)
FNDA:0,CalculateDistanceBetweenTwoVectors(UnityEngine.Vector3, UnityEngine.Vector3)
FNDA:0,ConvertV2ToV3(UnityEngine.Vector2, Assets.SRC.ProceduralMapGeneration.Assets.SRC.Shared.Assets.SRC.Shared.Enums.VectorMathConvertionEnum)
FNF:2
FNH:0
BRF:0
BRH:0
DA:9,0
DA:12,0
DA:13,0
DA:14,0
DA:17,0
DA:18,0
DA:19,0
DA:20,0
DA:22,0
DA:23,0
DA:24,0
DA:25,0
DA:27,0
DA:28,0
DA:29,0
DA:30,0
DA:32,0
DA:33,0
DA:34,0
DA:35,0
DA:37,0
DA:38,0
DA:39,0
DA:40,0
DA:42,0
DA:43,0
DA:44,0
DA:45,0
DA:47,0
DA:49,0
LH:0
LF:30
end_of_record
SF:C:/git/Unity.DungeonCrawler/DungeonCrawler/Assets/SRC/Shared/Exceptions/CustomExceptions.cs
FN:9,NotImplementedException()
FNDA:0,NotImplementedException()
FNF:1
FNH:0
BRF:0
BRH:0
DA:9,0
DA:10,0
LH:0
LF:2
end_of_record
