<?xml version="1.0" encoding="utf-8"?>
<CoverageSession xmlns:xsd="http://www.w3.org/2001/XMLSchema" xmlns:xsi="http://www.w3.org/2001/XMLSchema-instance" Version="0.0.0.0">
  <Summary numSequencePoints="21" visitedSequencePoints="21" numBranchPoints="0" visitedBranchPoints="0" sequenceCoverage="100.0" branchCoverage="0.0" maxCyclomaticComplexity="4" minCyclomaticComplexity="4" maxCrapScore="4" minCrapScore="4" visitedClasses="1" numClasses="1" visitedMethods="1" numMethods="1" />
  <Modules>
    <Module>
      <Summary numSequencePoints="21" visitedSequencePoints="21" numBranchPoints="0" visitedBranchPoints="0" sequenceCoverage="100.0" branchCoverage="0.0" maxCyclomaticComplexity="4" minCyclomaticComplexity="4" maxCrapScore="4" minCrapScore="4" visitedClasses="1" numClasses="1" visitedMethods="1" numMethods="1" />
      <ModuleTime>0001-01-01T00:00:00</ModuleTime>
      <ModuleName>ProceduralMapGenerationAssembly</ModuleName>
      <Files>
        <File uid="1" fullPath="C:/git/Unity.DungeonCrawler/DungeonCrawler/Assets/SRC/ProceduralMapGeneration/Utilities/ChunkHandler.cs" />
        <File uid="2" fullPath="C:/git/Unity.DungeonCrawler/DungeonCrawler/Assets/SRC/ProceduralMapGeneration/Utilities/GridCreate.cs" />
        <File uid="3" fullPath="C:/git/Unity.DungeonCrawler/DungeonCrawler/Assets/SRC/ProceduralMapGeneration/Utilities/PopulateTilePositions.cs" />
        <File uid="4" fullPath="C:/git/Unity.DungeonCrawler/DungeonCrawler/Assets/SRC/ProceduralMapGeneration/Structs/DirectionIDStruct.cs" />
        <File uid="5" fullPath="C:/git/Unity.DungeonCrawler/DungeonCrawler/Assets/SRC/ProceduralMapGeneration/Structs/MapBuilderStruct.cs" />
        <File uid="6" fullPath="C:/git/Unity.DungeonCrawler/DungeonCrawler/Assets/SRC/ProceduralMapGeneration/ScriptableObjects/DirectionalTilesScriptableObject.cs" />
        <File uid="7" fullPath="C:/git/Unity.DungeonCrawler/DungeonCrawler/Assets/SRC/ProceduralMapGeneration/Noise/PerlinNoiseGenerator.cs" />
        <File uid="8" fullPath="C:/git/Unity.DungeonCrawler/DungeonCrawler/Assets/SRC/ProceduralMapGeneration/PathFinding/NewPathFinding.cs" />
        <File uid="9" fullPath="C:/git/Unity.DungeonCrawler/DungeonCrawler/Assets/SRC/ProceduralMapGeneration/PathFinding/PathMapBuilder.cs" />
      </Files>
      <Classes>
        <Class>
          <Summary numSequencePoints="21" visitedSequencePoints="21" numBranchPoints="0" visitedBranchPoints="0" sequenceCoverage="100.0" branchCoverage="0.0" maxCyclomaticComplexity="4" minCyclomaticComplexity="4" maxCrapScore="4" minCrapScore="4" visitedClasses="1" numClasses="1" visitedMethods="1" numMethods="1" />
          <FullName>Assets.SRC.ProceduralMapGeneration.Assets.SRC.ProceduralMapGeneration.Utilities.GridCreate</FullName>
          <Methods>
            <Method visited="true" cyclomaticComplexity="4" nPathComplexity="0" sequenceCoverage="100.0" branchCoverage="0" crapScore="4" isConstructor="false" isStatic="false" isGetter="false" isSetter="false">
              <Summary numSequencePoints="21" visitedSequencePoints="21" numBranchPoints="0" visitedBranchPoints="0" sequenceCoverage="100.0" branchCoverage="0" maxCyclomaticComplexity="4" minCyclomaticComplexity="4" maxCrapScore="4" minCrapScore="4" visitedClasses="0" numClasses="0" visitedMethods="1" numMethods="1" />
              <MetadataToken>100663306</MetadataToken>
              <Name>UnityEngine.Vector3[] Assets.SRC.ProceduralMapGeneration.Assets.SRC.ProceduralMapGeneration.Utilities.GridCreate::SquareGrid3D(System.Int32, System.Single)</Name>
              <FileRef uid="2" />
              <SequencePoints>
                <SequencePoint vc="1" uspid="22064" ordinal="0" offset="0" sl="55" sc="9" el="55" ec="9" bec="0" bev="0" fileid="2">
                  <TrackedMethodRefs>
                    <TrackedMethodRef uid="0" vc="1" />
                  </TrackedMethodRefs>
                </SequencePoint>
                <SequencePoint vc="1" uspid="22065" ordinal="0" offset="1" sl="56" sc="13" el="56" ec="13" bec="0" bev="0" fileid="2">
                  <TrackedMethodRefs>
                    <TrackedMethodRef uid="0" vc="1" />
                  </TrackedMethodRefs>
                </SequencePoint>
                <SequencePoint vc="1" uspid="22066" ordinal="0" offset="7" sl="57" sc="18" el="57" ec="18" bec="0" bev="0" fileid="2">
                  <TrackedMethodRefs>
                    <TrackedMethodRef uid="0" vc="1" />
                  </TrackedMethodRefs>
                </SequencePoint>
                <SequencePoint vc="1" uspid="22067" ordinal="0" offset="11" sl="58" sc="13" el="58" ec="13" bec="0" bev="0" fileid="2">
                  <TrackedMethodRefs>
                    <TrackedMethodRef uid="0" vc="1" />
                  </TrackedMethodRefs>
                </SequencePoint>
                <SequencePoint vc="1" uspid="22068" ordinal="0" offset="12" sl="59" sc="22" el="59" ec="22" bec="0" bev="0" fileid="2">
                  <TrackedMethodRefs>
                    <TrackedMethodRef uid="0" vc="1" />
                  </TrackedMethodRefs>
                </SequencePoint>
                <SequencePoint vc="1" uspid="22069" ordinal="0" offset="16" sl="60" sc="17" el="60" ec="17" bec="0" bev="0" fileid="2">
                  <TrackedMethodRefs>
                    <TrackedMethodRef uid="0" vc="1" />
                  </TrackedMethodRefs>
                </SequencePoint>
                <SequencePoint vc="1" uspid="22070" ordinal="0" offset="17" sl="61" sc="26" el="61" ec="26" bec="0" bev="0" fileid="2">
                  <TrackedMethodRefs>
                    <TrackedMethodRef uid="0" vc="1" />
                  </TrackedMethodRefs>
                </SequencePoint>
                <SequencePoint vc="1" uspid="22071" ordinal="0" offset="21" sl="62" sc="21" el="62" ec="21" bec="0" bev="0" fileid="2">
                  <TrackedMethodRefs>
                    <TrackedMethodRef uid="0" vc="1" />
                  </TrackedMethodRefs>
                </SequencePoint>
                <SequencePoint vc="1" uspid="22072" ordinal="0" offset="22" sl="63" sc="25" el="63" ec="25" bec="0" bev="0" fileid="2">
                  <TrackedMethodRefs>
                    <TrackedMethodRef uid="0" vc="1" />
                  </TrackedMethodRefs>
                </SequencePoint>
                <SequencePoint vc="1" uspid="22073" ordinal="0" offset="53" sl="67" sc="25" el="67" ec="25" bec="0" bev="0" fileid="2">
                  <TrackedMethodRefs>
                    <TrackedMethodRef uid="0" vc="1" />
                  </TrackedMethodRefs>
                </SequencePoint>
                <SequencePoint vc="1" uspid="22074" ordinal="0" offset="62" sl="68" sc="21" el="68" ec="21" bec="0" bev="0" fileid="2">
                  <TrackedMethodRefs>
                    <TrackedMethodRef uid="0" vc="1" />
                  </TrackedMethodRefs>
                </SequencePoint>
                <SequencePoint vc="1" uspid="22075" ordinal="0" offset="63" sl="61" sc="51" el="61" ec="51" bec="0" bev="0" fileid="2">
                  <TrackedMethodRefs>
                    <TrackedMethodRef uid="0" vc="1" />
                  </TrackedMethodRefs>
                </SequencePoint>
                <SequencePoint vc="2" uspid="22076" ordinal="0" offset="67" sl="61" sc="37" el="61" ec="37" bec="0" bev="0" fileid="2">
                  <TrackedMethodRefs>
                    <TrackedMethodRef uid="0" vc="2" />
                  </TrackedMethodRefs>
                </SequencePoint>
                <SequencePoint vc="1" uspid="22077" ordinal="0" offset="77" sl="69" sc="17" el="69" ec="17" bec="0" bev="0" fileid="2">
                  <TrackedMethodRefs>
                    <TrackedMethodRef uid="0" vc="1" />
                  </TrackedMethodRefs>
                </SequencePoint>
                <SequencePoint vc="1" uspid="22078" ordinal="0" offset="78" sl="59" sc="47" el="59" ec="47" bec="0" bev="0" fileid="2">
                  <TrackedMethodRefs>
                    <TrackedMethodRef uid="0" vc="1" />
                  </TrackedMethodRefs>
                </SequencePoint>
                <SequencePoint vc="2" uspid="22079" ordinal="0" offset="82" sl="59" sc="33" el="59" ec="33" bec="0" bev="0" fileid="2">
                  <TrackedMethodRefs>
                    <TrackedMethodRef uid="0" vc="2" />
                  </TrackedMethodRefs>
                </SequencePoint>
                <SequencePoint vc="1" uspid="22080" ordinal="0" offset="92" sl="70" sc="13" el="70" ec="13" bec="0" bev="0" fileid="2">
                  <TrackedMethodRefs>
                    <TrackedMethodRef uid="0" vc="1" />
                  </TrackedMethodRefs>
                </SequencePoint>
                <SequencePoint vc="1" uspid="22081" ordinal="0" offset="93" sl="57" sc="43" el="57" ec="43" bec="0" bev="0" fileid="2">
                  <TrackedMethodRefs>
                    <TrackedMethodRef uid="0" vc="1" />
                  </TrackedMethodRefs>
                </SequencePoint>
                <SequencePoint vc="2" uspid="22082" ordinal="0" offset="97" sl="57" sc="29" el="57" ec="29" bec="0" bev="0" fileid="2">
                  <TrackedMethodRefs>
                    <TrackedMethodRef uid="0" vc="2" />
                  </TrackedMethodRefs>
                </SequencePoint>
                <SequencePoint vc="1" uspid="22083" ordinal="0" offset="107" sl="71" sc="13" el="71" ec="13" bec="0" bev="0" fileid="2">
                  <TrackedMethodRefs>
                    <TrackedMethodRef uid="0" vc="1" />
                  </TrackedMethodRefs>
                </SequencePoint>
                <SequencePoint vc="1" uspid="22084" ordinal="0" offset="117" sl="72" sc="9" el="72" ec="9" bec="0" bev="0" fileid="2">
                  <TrackedMethodRefs>
                    <TrackedMethodRef uid="0" vc="1" />
                  </TrackedMethodRefs>
                </SequencePoint>
              </SequencePoints>
              <BranchPoints />
            </Method>
          </Methods>
        </Class>
      </Classes>
      <TrackedMethods>
        <TrackedMethod uid="0" token="100663303" name="System.Void Assets.SRC.ProceduralMapGeneration.Utilities.Tests.GridCreate_Tests::Validate_SquareGrid3D(System.Int32, System.Single)" strategy="Test" />
      </TrackedMethods>
    </Module>
  </Modules>
</CoverageSession>