<?xml version="1.0" encoding="utf-8"?>
<CoverageSession xmlns:xsd="http://www.w3.org/2001/XMLSchema" xmlns:xsi="http://www.w3.org/2001/XMLSchema-instance" Version="0.0.0.0">
  <Summary numSequencePoints="520" visitedSequencePoints="0" numBranchPoints="0" visitedBranchPoints="0" sequenceCoverage="0.0" branchCoverage="0.0" maxCyclomaticComplexity="21" minCyclomaticComplexity="1" maxCrapScore="462" minCrapScore="2" visitedClasses="0" numClasses="14" visitedMethods="0" numMethods="48" />
  <Modules>
    <Module>
      <Summary numSequencePoints="520" visitedSequencePoints="0" numBranchPoints="0" visitedBranchPoints="0" sequenceCoverage="0.0" branchCoverage="0.0" maxCyclomaticComplexity="21" minCyclomaticComplexity="1" maxCrapScore="462" minCrapScore="2" visitedClasses="0" numClasses="14" visitedMethods="0" numMethods="48" />
      <ModuleTime>0001-01-01T00:00:00</ModuleTime>
      <ModuleName>ProceduralMapGenerationAssembly</ModuleName>
      <Files>
        <File uid="1" fullPath="C:/git/Unity.DungeonCrawler/DungeonCrawler/Assets/SRC/ProceduralMapGeneration/Utilities/ChunkHandler/ChunkHandler.cs" />
        <File uid="2" fullPath="C:/git/Unity.DungeonCrawler/DungeonCrawler/Assets/SRC/ProceduralMapGeneration/Utilities/GameObjectCreation/GameObjectCreation.cs" />
        <File uid="3" fullPath="C:/git/Unity.DungeonCrawler/DungeonCrawler/Assets/SRC/ProceduralMapGeneration/Utilities/GenericUtilities/GenericUtilities.cs" />
        <File uid="4" fullPath="C:/git/Unity.DungeonCrawler/DungeonCrawler/Assets/SRC/ProceduralMapGeneration/Utilities/GridCreate/GridCreate.cs" />
        <File uid="5" fullPath="C:/git/Unity.DungeonCrawler/DungeonCrawler/Assets/SRC/ProceduralMapGeneration/Utilities/MapBuilder/MapBuilder.cs" />
        <File uid="6" fullPath="C:/git/Unity.DungeonCrawler/DungeonCrawler/Assets/SRC/ProceduralMapGeneration/Utilities/MapHandler/MapHandler.cs" />
        <File uid="7" fullPath="C:/git/Unity.DungeonCrawler/DungeonCrawler/Assets/SRC/ProceduralMapGeneration/Utilities/PopulateTilePositions/PopulateTilePositions.cs" />
        <File uid="8" fullPath="C:/git/Unity.DungeonCrawler/DungeonCrawler/Assets/SRC/ProceduralMapGeneration/Structs/DirectionIDStruct/DirectionIDStruct.cs" />
        <File uid="9" fullPath="C:/git/Unity.DungeonCrawler/DungeonCrawler/Assets/SRC/ProceduralMapGeneration/Structs/MapBuilderStruct/MapBuilderStruct.cs" />
        <File uid="10" fullPath="C:/git/Unity.DungeonCrawler/DungeonCrawler/Assets/SRC/ProceduralMapGeneration/ScriptableObjects/DirectionalTilesScriptableObject/DirectionalTilesScriptableObject.cs" />
        <File uid="11" fullPath="C:/git/Unity.DungeonCrawler/DungeonCrawler/Assets/SRC/ProceduralMapGeneration/PathFinding/NewPathFinding/FindEnds.cs" />
        <File uid="12" fullPath="C:/git/Unity.DungeonCrawler/DungeonCrawler/Assets/SRC/ProceduralMapGeneration/PathFinding/NewPathFinding/Findpath.cs" />
        <File uid="13" fullPath="C:/git/Unity.DungeonCrawler/DungeonCrawler/Assets/SRC/ProceduralMapGeneration/PathFinding/NewPathFinding/GetNextNode.cs" />
        <File uid="14" fullPath="C:/git/Unity.DungeonCrawler/DungeonCrawler/Assets/SRC/ProceduralMapGeneration/PathFinding/NewPathFinding/NodeGridCreator.cs" />
        <File uid="15" fullPath="C:/git/Unity.DungeonCrawler/DungeonCrawler/Assets/SRC/ProceduralMapGeneration/PathFinding/NewPathFinding/SetNodeNeighbors.cs" />
        <File uid="16" fullPath="C:/git/Unity.DungeonCrawler/DungeonCrawler/Assets/SRC/ProceduralMapGeneration/PathFinding/NewPathFinding/Variables.cs" />
        <File uid="17" fullPath="C:/git/Unity.DungeonCrawler/DungeonCrawler/Assets/SRC/ProceduralMapGeneration/PathFinding/PathMapBuilder/PathMapBuilder.cs" />
        <File uid="18" fullPath="C:/git/Unity.DungeonCrawler/DungeonCrawler/Assets/SRC/ProceduralMapGeneration/Noise/PerlinNoiseGenerator/PerlinNoiseGenerator.cs" />
      </Files>
      <Classes>
        <Class>
          <Summary numSequencePoints="80" visitedSequencePoints="0" numBranchPoints="0" visitedBranchPoints="0" sequenceCoverage="0.0" branchCoverage="0.0" maxCyclomaticComplexity="11" minCyclomaticComplexity="2" maxCrapScore="132" minCrapScore="6" visitedClasses="0" numClasses="1" visitedMethods="0" numMethods="3" />
          <FullName>Assets.SRC.ProceduralMapGeneration.Assets.SRC.ProceduralMapGeneration.Utilities.ChunkHandler</FullName>
          <Methods>
            <Method visited="false" cyclomaticComplexity="11" nPathComplexity="0" sequenceCoverage="0.0" branchCoverage="0" crapScore="132" isConstructor="false" isStatic="false" isGetter="false" isSetter="false">
              <Summary numSequencePoints="49" visitedSequencePoints="0" numBranchPoints="0" visitedBranchPoints="0" sequenceCoverage="0.0" branchCoverage="0" maxCyclomaticComplexity="11" minCyclomaticComplexity="11" maxCrapScore="132" minCrapScore="132" visitedClasses="0" numClasses="0" visitedMethods="0" numMethods="1" />
              <MetadataToken>100663300</MetadataToken>
              <Name>System.Collections.Generic.List[GameObject] Assets.SRC.ProceduralMapGeneration.Assets.SRC.ProceduralMapGeneration.Utilities.ChunkHandler::FindChunkNeigbors(System.Single, System.Collections.Generic.List[GameObject])</Name>
              <FileRef uid="1" />
              <SequencePoints>
                <SequencePoint vc="0" uspid="20801" ordinal="0" offset="0" sl="19" sc="9" el="19" ec="9" bec="0" bev="0" fileid="1" />
                <SequencePoint vc="0" uspid="20802" ordinal="0" offset="1" sl="20" sc="13" el="20" ec="13" bec="0" bev="0" fileid="1" />
                <SequencePoint vc="0" uspid="20803" ordinal="0" offset="7" sl="21" sc="13" el="21" ec="13" bec="0" bev="0" fileid="1" />
                <SequencePoint vc="0" uspid="20804" ordinal="0" offset="13" sl="23" sc="18" el="23" ec="18" bec="0" bev="0" fileid="1" />
                <SequencePoint vc="0" uspid="20805" ordinal="0" offset="17" sl="24" sc="13" el="24" ec="13" bec="0" bev="0" fileid="1" />
                <SequencePoint vc="0" uspid="20806" ordinal="0" offset="18" sl="25" sc="17" el="25" ec="17" bec="0" bev="0" fileid="1" />
                <SequencePoint vc="0" uspid="20807" ordinal="0" offset="49" sl="26" sc="13" el="26" ec="13" bec="0" bev="0" fileid="1" />
                <SequencePoint vc="0" uspid="20808" ordinal="0" offset="50" sl="23" sc="45" el="23" ec="45" bec="0" bev="0" fileid="1" />
                <SequencePoint vc="0" uspid="20809" ordinal="0" offset="54" sl="23" sc="29" el="23" ec="29" bec="0" bev="0" fileid="1" />
                <SequencePoint vc="0" uspid="20810" ordinal="0" offset="67" sl="28" sc="18" el="28" ec="18" bec="0" bev="0" fileid="1" />
                <SequencePoint vc="0" uspid="20811" ordinal="0" offset="75" sl="29" sc="13" el="29" ec="13" bec="0" bev="0" fileid="1" />
                <SequencePoint vc="0" uspid="20812" ordinal="0" offset="76" sl="30" sc="17" el="30" ec="17" bec="0" bev="0" fileid="1" />
                <SequencePoint vc="0" uspid="20813" ordinal="0" offset="98" sl="31" sc="17" el="31" ec="17" bec="0" bev="0" fileid="1" />
                <SequencePoint vc="0" uspid="20814" ordinal="0" offset="99" sl="32" sc="21" el="32" ec="21" bec="0" bev="0" fileid="1" />
                <SequencePoint vc="0" uspid="20815" ordinal="0" offset="126" sl="34" sc="21" el="34" ec="21" bec="0" bev="0" fileid="1" />
                <SequencePoint vc="0" uspid="20816" ordinal="0" offset="150" sl="35" sc="25" el="35" ec="25" bec="0" bev="0" fileid="1" />
                <SequencePoint vc="0" uspid="20817" ordinal="0" offset="167" sl="37" sc="25" el="37" ec="25" bec="0" bev="0" fileid="1" />
                <SequencePoint vc="0" uspid="20818" ordinal="0" offset="182" sl="38" sc="21" el="38" ec="21" bec="0" bev="0" fileid="1" />
                <SequencePoint vc="0" uspid="20819" ordinal="0" offset="202" sl="40" sc="21" el="40" ec="21" bec="0" bev="0" fileid="1" />
                <SequencePoint vc="0" uspid="20820" ordinal="0" offset="224" sl="41" sc="21" el="41" ec="21" bec="0" bev="0" fileid="1" />
                <SequencePoint vc="0" uspid="20821" ordinal="0" offset="225" sl="42" sc="25" el="42" ec="25" bec="0" bev="0" fileid="1" />
                <SequencePoint vc="0" uspid="20822" ordinal="0" offset="239" sl="43" sc="21" el="43" ec="21" bec="0" bev="0" fileid="1" />
                <SequencePoint vc="0" uspid="20823" ordinal="0" offset="240" sl="44" sc="21" el="44" ec="21" bec="0" bev="0" fileid="1" />
                <SequencePoint vc="0" uspid="20824" ordinal="0" offset="262" sl="45" sc="21" el="45" ec="21" bec="0" bev="0" fileid="1" />
                <SequencePoint vc="0" uspid="20825" ordinal="0" offset="263" sl="46" sc="25" el="46" ec="25" bec="0" bev="0" fileid="1" />
                <SequencePoint vc="0" uspid="20826" ordinal="0" offset="277" sl="47" sc="21" el="47" ec="21" bec="0" bev="0" fileid="1" />
                <SequencePoint vc="0" uspid="20827" ordinal="0" offset="278" sl="48" sc="21" el="48" ec="21" bec="0" bev="0" fileid="1" />
                <SequencePoint vc="0" uspid="20828" ordinal="0" offset="300" sl="49" sc="21" el="49" ec="21" bec="0" bev="0" fileid="1" />
                <SequencePoint vc="0" uspid="20829" ordinal="0" offset="301" sl="50" sc="25" el="50" ec="25" bec="0" bev="0" fileid="1" />
                <SequencePoint vc="0" uspid="20830" ordinal="0" offset="315" sl="51" sc="21" el="51" ec="21" bec="0" bev="0" fileid="1" />
                <SequencePoint vc="0" uspid="20831" ordinal="0" offset="316" sl="52" sc="21" el="52" ec="21" bec="0" bev="0" fileid="1" />
                <SequencePoint vc="0" uspid="20832" ordinal="0" offset="338" sl="53" sc="21" el="53" ec="21" bec="0" bev="0" fileid="1" />
                <SequencePoint vc="0" uspid="20833" ordinal="0" offset="339" sl="54" sc="25" el="54" ec="25" bec="0" bev="0" fileid="1" />
                <SequencePoint vc="0" uspid="20834" ordinal="0" offset="353" sl="55" sc="21" el="55" ec="21" bec="0" bev="0" fileid="1" />
                <SequencePoint vc="0" uspid="20835" ordinal="0" offset="354" sl="56" sc="21" el="56" ec="21" bec="0" bev="0" fileid="1" />
                <SequencePoint vc="0" uspid="20836" ordinal="0" offset="376" sl="57" sc="21" el="57" ec="21" bec="0" bev="0" fileid="1" />
                <SequencePoint vc="0" uspid="20837" ordinal="0" offset="377" sl="58" sc="25" el="58" ec="25" bec="0" bev="0" fileid="1" />
                <SequencePoint vc="0" uspid="20838" ordinal="0" offset="391" sl="59" sc="21" el="59" ec="21" bec="0" bev="0" fileid="1" />
                <SequencePoint vc="0" uspid="20839" ordinal="0" offset="392" sl="60" sc="21" el="60" ec="21" bec="0" bev="0" fileid="1" />
                <SequencePoint vc="0" uspid="20840" ordinal="0" offset="414" sl="61" sc="21" el="61" ec="21" bec="0" bev="0" fileid="1" />
                <SequencePoint vc="0" uspid="20841" ordinal="0" offset="415" sl="62" sc="25" el="62" ec="25" bec="0" bev="0" fileid="1" />
                <SequencePoint vc="0" uspid="20842" ordinal="0" offset="429" sl="63" sc="21" el="63" ec="21" bec="0" bev="0" fileid="1" />
                <SequencePoint vc="0" uspid="20843" ordinal="0" offset="430" sl="65" sc="21" el="65" ec="21" bec="0" bev="0" fileid="1" />
                <SequencePoint vc="0" uspid="20844" ordinal="0" offset="455" sl="66" sc="17" el="66" ec="17" bec="0" bev="0" fileid="1" />
                <SequencePoint vc="0" uspid="20845" ordinal="0" offset="456" sl="67" sc="13" el="67" ec="13" bec="0" bev="0" fileid="1" />
                <SequencePoint vc="0" uspid="20846" ordinal="0" offset="457" sl="28" sc="45" el="28" ec="45" bec="0" bev="0" fileid="1" />
                <SequencePoint vc="0" uspid="20847" ordinal="0" offset="463" sl="28" sc="29" el="28" ec="29" bec="0" bev="0" fileid="1" />
                <SequencePoint vc="0" uspid="20848" ordinal="0" offset="482" sl="68" sc="13" el="68" ec="13" bec="0" bev="0" fileid="1" />
                <SequencePoint vc="0" uspid="20849" ordinal="0" offset="487" sl="69" sc="9" el="69" ec="9" bec="0" bev="0" fileid="1" />
              </SequencePoints>
              <BranchPoints />
            </Method>
            <Method visited="false" cyclomaticComplexity="2" nPathComplexity="0" sequenceCoverage="0.0" branchCoverage="0" crapScore="6" isConstructor="false" isStatic="false" isGetter="false" isSetter="false">
              <Summary numSequencePoints="9" visitedSequencePoints="0" numBranchPoints="0" visitedBranchPoints="0" sequenceCoverage="0.0" branchCoverage="0" maxCyclomaticComplexity="2" minCyclomaticComplexity="2" maxCrapScore="6" minCrapScore="6" visitedClasses="0" numClasses="0" visitedMethods="0" numMethods="1" />
              <MetadataToken>100663301</MetadataToken>
              <Name>System.Collections.Generic.List[GameObject] Assets.SRC.ProceduralMapGeneration.Assets.SRC.ProceduralMapGeneration.Utilities.ChunkHandler::AssignChunkTypes(System.Collections.Generic.List[GameObject])</Name>
              <FileRef uid="1" />
              <SequencePoints>
                <SequencePoint vc="0" uspid="20850" ordinal="0" offset="0" sl="77" sc="9" el="77" ec="9" bec="0" bev="0" fileid="1" />
                <SequencePoint vc="0" uspid="20851" ordinal="0" offset="1" sl="78" sc="18" el="78" ec="18" bec="0" bev="0" fileid="1" />
                <SequencePoint vc="0" uspid="20852" ordinal="0" offset="5" sl="79" sc="13" el="79" ec="13" bec="0" bev="0" fileid="1" />
                <SequencePoint vc="0" uspid="20853" ordinal="0" offset="6" sl="80" sc="17" el="80" ec="17" bec="0" bev="0" fileid="1" />
                <SequencePoint vc="0" uspid="20854" ordinal="0" offset="51" sl="81" sc="13" el="81" ec="13" bec="0" bev="0" fileid="1" />
                <SequencePoint vc="0" uspid="20855" ordinal="0" offset="52" sl="78" sc="45" el="78" ec="45" bec="0" bev="0" fileid="1" />
                <SequencePoint vc="0" uspid="20856" ordinal="0" offset="56" sl="78" sc="29" el="78" ec="29" bec="0" bev="0" fileid="1" />
                <SequencePoint vc="0" uspid="20857" ordinal="0" offset="69" sl="82" sc="13" el="82" ec="13" bec="0" bev="0" fileid="1" />
                <SequencePoint vc="0" uspid="20858" ordinal="0" offset="73" sl="83" sc="9" el="83" ec="9" bec="0" bev="0" fileid="1" />
              </SequencePoints>
              <BranchPoints />
            </Method>
            <Method visited="false" cyclomaticComplexity="10" nPathComplexity="0" sequenceCoverage="0.0" branchCoverage="0" crapScore="110" isConstructor="false" isStatic="false" isGetter="false" isSetter="false">
              <Summary numSequencePoints="22" visitedSequencePoints="0" numBranchPoints="0" visitedBranchPoints="0" sequenceCoverage="0.0" branchCoverage="0" maxCyclomaticComplexity="10" minCyclomaticComplexity="10" maxCrapScore="110" minCrapScore="110" visitedClasses="0" numClasses="0" visitedMethods="0" numMethods="1" />
              <MetadataToken>100663302</MetadataToken>
              <Name>Assets.SRC.ProceduralMapGeneration.Assets.SRC.ProceduralMapGeneration.Enums.DirectionTypeEnum Assets.SRC.ProceduralMapGeneration.Assets.SRC.ProceduralMapGeneration.Utilities.ChunkHandler::FindChunkType(Assets.SRC.ProceduralMapGeneration.Assets.SRC.ProceduralMapGeneration.Structs.NeighborStruct)</Name>
              <FileRef uid="1" />
              <SequencePoints>
                <SequencePoint vc="0" uspid="20859" ordinal="0" offset="0" sl="95" sc="9" el="95" ec="9" bec="0" bev="0" fileid="1" />
                <SequencePoint vc="0" uspid="20860" ordinal="0" offset="1" sl="96" sc="13" el="96" ec="13" bec="0" bev="0" fileid="1" />
                <SequencePoint vc="0" uspid="20861" ordinal="0" offset="31" sl="97" sc="13" el="97" ec="13" bec="0" bev="0" fileid="1" />
                <SequencePoint vc="0" uspid="20862" ordinal="0" offset="32" sl="98" sc="17" el="98" ec="17" bec="0" bev="0" fileid="1" />
                <SequencePoint vc="0" uspid="20863" ordinal="0" offset="38" sl="100" sc="17" el="100" ec="17" bec="0" bev="0" fileid="1" />
                <SequencePoint vc="0" uspid="20864" ordinal="0" offset="53" sl="101" sc="21" el="101" ec="21" bec="0" bev="0" fileid="1" />
                <SequencePoint vc="0" uspid="20865" ordinal="0" offset="65" sl="103" sc="17" el="103" ec="17" bec="0" bev="0" fileid="1" />
                <SequencePoint vc="0" uspid="20866" ordinal="0" offset="80" sl="104" sc="21" el="104" ec="21" bec="0" bev="0" fileid="1" />
                <SequencePoint vc="0" uspid="20867" ordinal="0" offset="92" sl="106" sc="17" el="106" ec="17" bec="0" bev="0" fileid="1" />
                <SequencePoint vc="0" uspid="20868" ordinal="0" offset="109" sl="107" sc="21" el="107" ec="21" bec="0" bev="0" fileid="1" />
                <SequencePoint vc="0" uspid="20869" ordinal="0" offset="121" sl="109" sc="17" el="109" ec="17" bec="0" bev="0" fileid="1" />
                <SequencePoint vc="0" uspid="20870" ordinal="0" offset="138" sl="110" sc="21" el="110" ec="21" bec="0" bev="0" fileid="1" />
                <SequencePoint vc="0" uspid="20871" ordinal="0" offset="150" sl="112" sc="17" el="112" ec="17" bec="0" bev="0" fileid="1" />
                <SequencePoint vc="0" uspid="20872" ordinal="0" offset="167" sl="113" sc="21" el="113" ec="21" bec="0" bev="0" fileid="1" />
                <SequencePoint vc="0" uspid="20873" ordinal="0" offset="179" sl="115" sc="17" el="115" ec="17" bec="0" bev="0" fileid="1" />
                <SequencePoint vc="0" uspid="20874" ordinal="0" offset="196" sl="116" sc="21" el="116" ec="21" bec="0" bev="0" fileid="1" />
                <SequencePoint vc="0" uspid="20875" ordinal="0" offset="208" sl="118" sc="17" el="118" ec="17" bec="0" bev="0" fileid="1" />
                <SequencePoint vc="0" uspid="20876" ordinal="0" offset="233" sl="120" sc="18" el="120" ec="18" bec="0" bev="0" fileid="1" />
                <SequencePoint vc="0" uspid="20877" ordinal="0" offset="249" sl="121" sc="13" el="121" ec="13" bec="0" bev="0" fileid="1" />
                <SequencePoint vc="0" uspid="20878" ordinal="0" offset="250" sl="128" sc="17" el="128" ec="17" bec="0" bev="0" fileid="1" />
                <SequencePoint vc="0" uspid="20879" ordinal="0" offset="256" sl="131" sc="17" el="131" ec="17" bec="0" bev="0" fileid="1" />
                <SequencePoint vc="0" uspid="20880" ordinal="0" offset="266" sl="132" sc="9" el="132" ec="9" bec="0" bev="0" fileid="1" />
              </SequencePoints>
              <BranchPoints />
            </Method>
          </Methods>
        </Class>
        <Class>
          <Summary numSequencePoints="18" visitedSequencePoints="0" numBranchPoints="0" visitedBranchPoints="0" sequenceCoverage="0.0" branchCoverage="0.0" maxCyclomaticComplexity="1" minCyclomaticComplexity="1" maxCrapScore="2" minCrapScore="2" visitedClasses="0" numClasses="1" visitedMethods="0" numMethods="3" />
          <FullName>Assets.SRC.ProceduralMapGeneration.Assets.SRC.ProceduralMapGeneration.Utilities.GameObjectCreation</FullName>
          <Methods>
            <Method visited="false" cyclomaticComplexity="1" nPathComplexity="0" sequenceCoverage="0.0" branchCoverage="0" crapScore="2" isConstructor="false" isStatic="false" isGetter="false" isSetter="false">
              <Summary numSequencePoints="14" visitedSequencePoints="0" numBranchPoints="0" visitedBranchPoints="0" sequenceCoverage="0.0" branchCoverage="0" maxCyclomaticComplexity="1" minCyclomaticComplexity="1" maxCrapScore="2" minCrapScore="2" visitedClasses="0" numClasses="0" visitedMethods="0" numMethods="1" />
              <MetadataToken>100663304</MetadataToken>
              <Name>UnityEngine.GameObject Assets.SRC.ProceduralMapGeneration.Assets.SRC.ProceduralMapGeneration.Utilities.GameObjectCreation::CreateGameObjectTile(UnityEngine.GameObject, UnityEngine.Material)</Name>
              <FileRef uid="2" />
              <SequencePoints>
                <SequencePoint vc="0" uspid="20881" ordinal="0" offset="0" sl="28" sc="0" el="28" ec="0" bec="0" bev="0" fileid="2" />
                <SequencePoint vc="0" uspid="20882" ordinal="0" offset="1" sl="29" sc="0" el="29" ec="0" bec="0" bev="0" fileid="2" />
                <SequencePoint vc="0" uspid="20883" ordinal="0" offset="8" sl="30" sc="0" el="30" ec="0" bec="0" bev="0" fileid="2" />
                <SequencePoint vc="0" uspid="20884" ordinal="0" offset="21" sl="31" sc="0" el="31" ec="0" bec="0" bev="0" fileid="2" />
                <SequencePoint vc="0" uspid="20885" ordinal="0" offset="28" sl="32" sc="0" el="32" ec="0" bec="0" bev="0" fileid="2" />
                <SequencePoint vc="0" uspid="20886" ordinal="0" offset="36" sl="33" sc="0" el="33" ec="0" bec="0" bev="0" fileid="2" />
                <SequencePoint vc="0" uspid="20887" ordinal="0" offset="43" sl="34" sc="0" el="34" ec="0" bec="0" bev="0" fileid="2" />
                <SequencePoint vc="0" uspid="20888" ordinal="0" offset="51" sl="35" sc="0" el="35" ec="0" bec="0" bev="0" fileid="2" />
                <SequencePoint vc="0" uspid="20889" ordinal="0" offset="64" sl="36" sc="0" el="36" ec="0" bec="0" bev="0" fileid="2" />
                <SequencePoint vc="0" uspid="20890" ordinal="0" offset="71" sl="37" sc="0" el="37" ec="0" bec="0" bev="0" fileid="2" />
                <SequencePoint vc="0" uspid="20891" ordinal="0" offset="79" sl="38" sc="0" el="38" ec="0" bec="0" bev="0" fileid="2" />
                <SequencePoint vc="0" uspid="20892" ordinal="0" offset="87" sl="39" sc="0" el="39" ec="0" bec="0" bev="0" fileid="2" />
                <SequencePoint vc="0" uspid="20893" ordinal="0" offset="95" sl="41" sc="0" el="41" ec="0" bec="0" bev="0" fileid="2" />
                <SequencePoint vc="0" uspid="20894" ordinal="0" offset="100" sl="42" sc="0" el="42" ec="0" bec="0" bev="0" fileid="2" />
              </SequencePoints>
              <BranchPoints />
            </Method>
            <Method visited="false" cyclomaticComplexity="1" nPathComplexity="0" sequenceCoverage="0.0" branchCoverage="0" crapScore="2" isConstructor="false" isStatic="false" isGetter="false" isSetter="false">
              <Summary numSequencePoints="3" visitedSequencePoints="0" numBranchPoints="0" visitedBranchPoints="0" sequenceCoverage="0.0" branchCoverage="0" maxCyclomaticComplexity="1" minCyclomaticComplexity="1" maxCrapScore="2" minCrapScore="2" visitedClasses="0" numClasses="0" visitedMethods="0" numMethods="1" />
              <MetadataToken>100663305</MetadataToken>
              <Name>UnityEngine.Mesh Assets.SRC.ProceduralMapGeneration.Assets.SRC.ProceduralMapGeneration.Utilities.GameObjectCreation::GetMesh()</Name>
              <FileRef uid="2" />
              <SequencePoints>
                <SequencePoint vc="0" uspid="20895" ordinal="0" offset="0" sl="52" sc="0" el="52" ec="0" bec="0" bev="0" fileid="2" />
                <SequencePoint vc="0" uspid="20896" ordinal="0" offset="1" sl="53" sc="0" el="53" ec="0" bec="0" bev="0" fileid="2" />
                <SequencePoint vc="0" uspid="20897" ordinal="0" offset="15" sl="54" sc="0" el="54" ec="0" bec="0" bev="0" fileid="2" />
              </SequencePoints>
              <BranchPoints />
            </Method>
            <Method visited="false" cyclomaticComplexity="1" nPathComplexity="0" sequenceCoverage="0.0" branchCoverage="0" crapScore="2" isConstructor="true" isStatic="false" isGetter="false" isSetter="false">
              <Summary numSequencePoints="1" visitedSequencePoints="0" numBranchPoints="0" visitedBranchPoints="0" sequenceCoverage="0.0" branchCoverage="0" maxCyclomaticComplexity="1" minCyclomaticComplexity="1" maxCrapScore="2" minCrapScore="2" visitedClasses="0" numClasses="0" visitedMethods="0" numMethods="1" />
              <MetadataToken>100663306</MetadataToken>
              <Name>Assets.SRC.ProceduralMapGeneration.Assets.SRC.ProceduralMapGeneration.Utilities.GameObjectCreation::GameObjectCreation()</Name>
              <FileRef uid="2" />
              <SequencePoints>
                <SequencePoint vc="0" uspid="20898" ordinal="0" offset="0" sl="8" sc="0" el="8" ec="0" bec="0" bev="0" fileid="2" />
              </SequencePoints>
              <BranchPoints />
            </Method>
          </Methods>
        </Class>
        <Class>
          <Summary numSequencePoints="9" visitedSequencePoints="0" numBranchPoints="0" visitedBranchPoints="0" sequenceCoverage="0.0" branchCoverage="0.0" maxCyclomaticComplexity="1" minCyclomaticComplexity="1" maxCrapScore="2" minCrapScore="2" visitedClasses="0" numClasses="1" visitedMethods="0" numMethods="1" />
          <FullName>Assets.SRC.ProceduralMapGeneration.Assets.SRC.ProceduralMapGeneration.Utilities.GenericUtilities</FullName>
          <Methods>
            <Method visited="false" cyclomaticComplexity="1" nPathComplexity="0" sequenceCoverage="0.0" branchCoverage="0" crapScore="2" isConstructor="false" isStatic="false" isGetter="false" isSetter="false">
              <Summary numSequencePoints="9" visitedSequencePoints="0" numBranchPoints="0" visitedBranchPoints="0" sequenceCoverage="0.0" branchCoverage="0" maxCyclomaticComplexity="1" minCyclomaticComplexity="1" maxCrapScore="2" minCrapScore="2" visitedClasses="0" numClasses="0" visitedMethods="0" numMethods="1" />
              <MetadataToken>100663307</MetadataToken>
              <Name>UnityEngine.Vector3[] Assets.SRC.ProceduralMapGeneration.Assets.SRC.ProceduralMapGeneration.Utilities.GenericUtilities::NeighborsPosition(System.Single, UnityEngine.Vector3)</Name>
              <FileRef uid="3" />
              <SequencePoints>
                <SequencePoint vc="0" uspid="20899" ordinal="0" offset="0" sl="17" sc="9" el="17" ec="9" bec="0" bev="0" fileid="3" />
                <SequencePoint vc="0" uspid="20900" ordinal="0" offset="1" sl="26" sc="13" el="26" ec="13" bec="0" bev="0" fileid="3" />
                <SequencePoint vc="0" uspid="20901" ordinal="0" offset="19" sl="27" sc="13" el="27" ec="13" bec="0" bev="0" fileid="3" />
                <SequencePoint vc="0" uspid="20902" ordinal="0" offset="37" sl="28" sc="13" el="28" ec="13" bec="0" bev="0" fileid="3" />
                <SequencePoint vc="0" uspid="20903" ordinal="0" offset="55" sl="29" sc="13" el="29" ec="13" bec="0" bev="0" fileid="3" />
                <SequencePoint vc="0" uspid="20904" ordinal="0" offset="73" sl="30" sc="13" el="30" ec="13" bec="0" bev="0" fileid="3" />
                <SequencePoint vc="0" uspid="20905" ordinal="0" offset="92" sl="31" sc="13" el="31" ec="13" bec="0" bev="0" fileid="3" />
                <SequencePoint vc="0" uspid="20906" ordinal="0" offset="111" sl="33" sc="13" el="33" ec="13" bec="0" bev="0" fileid="3" />
                <SequencePoint vc="0" uspid="20907" ordinal="0" offset="171" sl="34" sc="9" el="34" ec="9" bec="0" bev="0" fileid="3" />
              </SequencePoints>
              <BranchPoints />
            </Method>
          </Methods>
        </Class>
        <Class>
          <Summary numSequencePoints="67" visitedSequencePoints="0" numBranchPoints="0" visitedBranchPoints="0" sequenceCoverage="0.0" branchCoverage="0.0" maxCyclomaticComplexity="4" minCyclomaticComplexity="2" maxCrapScore="20" minCrapScore="6" visitedClasses="0" numClasses="1" visitedMethods="0" numMethods="4" />
          <FullName>Assets.SRC.ProceduralMapGeneration.Assets.SRC.ProceduralMapGeneration.Utilities.GridCreate</FullName>
          <Methods>
            <Method visited="false" cyclomaticComplexity="3" nPathComplexity="0" sequenceCoverage="0.0" branchCoverage="0" crapScore="12" isConstructor="false" isStatic="false" isGetter="false" isSetter="false">
              <Summary numSequencePoints="16" visitedSequencePoints="0" numBranchPoints="0" visitedBranchPoints="0" sequenceCoverage="0.0" branchCoverage="0" maxCyclomaticComplexity="3" minCyclomaticComplexity="3" maxCrapScore="12" minCrapScore="12" visitedClasses="0" numClasses="0" visitedMethods="0" numMethods="1" />
              <MetadataToken>100663309</MetadataToken>
              <Name>UnityEngine.Vector3[] Assets.SRC.ProceduralMapGeneration.Assets.SRC.ProceduralMapGeneration.Utilities.GridCreate::SquareGrid2DVertical(System.Int32, System.Single)</Name>
              <FileRef uid="4" />
              <SequencePoints>
                <SequencePoint vc="0" uspid="20908" ordinal="0" offset="0" sl="18" sc="0" el="18" ec="0" bec="0" bev="0" fileid="4" />
                <SequencePoint vc="0" uspid="20909" ordinal="0" offset="1" sl="19" sc="0" el="19" ec="0" bec="0" bev="0" fileid="4" />
                <SequencePoint vc="0" uspid="20910" ordinal="0" offset="7" sl="20" sc="0" el="20" ec="0" bec="0" bev="0" fileid="4" />
                <SequencePoint vc="0" uspid="20911" ordinal="0" offset="11" sl="21" sc="0" el="21" ec="0" bec="0" bev="0" fileid="4" />
                <SequencePoint vc="0" uspid="20912" ordinal="0" offset="12" sl="22" sc="0" el="22" ec="0" bec="0" bev="0" fileid="4" />
                <SequencePoint vc="0" uspid="20913" ordinal="0" offset="16" sl="23" sc="0" el="23" ec="0" bec="0" bev="0" fileid="4" />
                <SequencePoint vc="0" uspid="20914" ordinal="0" offset="17" sl="24" sc="0" el="24" ec="0" bec="0" bev="0" fileid="4" />
                <SequencePoint vc="0" uspid="20915" ordinal="0" offset="45" sl="28" sc="0" el="28" ec="0" bec="0" bev="0" fileid="4" />
                <SequencePoint vc="0" uspid="20916" ordinal="0" offset="53" sl="29" sc="0" el="29" ec="0" bec="0" bev="0" fileid="4" />
                <SequencePoint vc="0" uspid="20917" ordinal="0" offset="54" sl="22" sc="0" el="22" ec="0" bec="0" bev="0" fileid="4" />
                <SequencePoint vc="0" uspid="20918" ordinal="0" offset="58" sl="22" sc="0" el="22" ec="0" bec="0" bev="0" fileid="4" />
                <SequencePoint vc="0" uspid="20919" ordinal="0" offset="68" sl="30" sc="0" el="30" ec="0" bec="0" bev="0" fileid="4" />
                <SequencePoint vc="0" uspid="20920" ordinal="0" offset="69" sl="20" sc="0" el="20" ec="0" bec="0" bev="0" fileid="4" />
                <SequencePoint vc="0" uspid="20921" ordinal="0" offset="73" sl="20" sc="0" el="20" ec="0" bec="0" bev="0" fileid="4" />
                <SequencePoint vc="0" uspid="20922" ordinal="0" offset="83" sl="31" sc="0" el="31" ec="0" bec="0" bev="0" fileid="4" />
                <SequencePoint vc="0" uspid="20923" ordinal="0" offset="93" sl="32" sc="0" el="32" ec="0" bec="0" bev="0" fileid="4" />
              </SequencePoints>
              <BranchPoints />
            </Method>
            <Method visited="false" cyclomaticComplexity="3" nPathComplexity="0" sequenceCoverage="0.0" branchCoverage="0" crapScore="12" isConstructor="false" isStatic="false" isGetter="false" isSetter="false">
              <Summary numSequencePoints="17" visitedSequencePoints="0" numBranchPoints="0" visitedBranchPoints="0" sequenceCoverage="0.0" branchCoverage="0" maxCyclomaticComplexity="3" minCyclomaticComplexity="3" maxCrapScore="12" minCrapScore="12" visitedClasses="0" numClasses="0" visitedMethods="0" numMethods="1" />
              <MetadataToken>100663310</MetadataToken>
              <Name>UnityEngine.Vector3[] Assets.SRC.ProceduralMapGeneration.Assets.SRC.ProceduralMapGeneration.Utilities.GridCreate::SquareGrid2DHorizontal(System.Int32, System.Single)</Name>
              <FileRef uid="4" />
              <SequencePoints>
                <SequencePoint vc="0" uspid="20924" ordinal="0" offset="0" sl="44" sc="0" el="44" ec="0" bec="0" bev="0" fileid="4" />
                <SequencePoint vc="0" uspid="20925" ordinal="0" offset="1" sl="45" sc="0" el="45" ec="0" bec="0" bev="0" fileid="4" />
                <SequencePoint vc="0" uspid="20926" ordinal="0" offset="7" sl="46" sc="0" el="46" ec="0" bec="0" bev="0" fileid="4" />
                <SequencePoint vc="0" uspid="20927" ordinal="0" offset="11" sl="47" sc="0" el="47" ec="0" bec="0" bev="0" fileid="4" />
                <SequencePoint vc="0" uspid="20928" ordinal="0" offset="15" sl="48" sc="0" el="48" ec="0" bec="0" bev="0" fileid="4" />
                <SequencePoint vc="0" uspid="20929" ordinal="0" offset="16" sl="49" sc="0" el="49" ec="0" bec="0" bev="0" fileid="4" />
                <SequencePoint vc="0" uspid="20930" ordinal="0" offset="20" sl="50" sc="0" el="50" ec="0" bec="0" bev="0" fileid="4" />
                <SequencePoint vc="0" uspid="20931" ordinal="0" offset="21" sl="51" sc="0" el="51" ec="0" bec="0" bev="0" fileid="4" />
                <SequencePoint vc="0" uspid="20932" ordinal="0" offset="45" sl="56" sc="0" el="56" ec="0" bec="0" bev="0" fileid="4" />
                <SequencePoint vc="0" uspid="20933" ordinal="0" offset="54" sl="57" sc="0" el="57" ec="0" bec="0" bev="0" fileid="4" />
                <SequencePoint vc="0" uspid="20934" ordinal="0" offset="55" sl="49" sc="0" el="49" ec="0" bec="0" bev="0" fileid="4" />
                <SequencePoint vc="0" uspid="20935" ordinal="0" offset="59" sl="49" sc="0" el="49" ec="0" bec="0" bev="0" fileid="4" />
                <SequencePoint vc="0" uspid="20936" ordinal="0" offset="69" sl="58" sc="0" el="58" ec="0" bec="0" bev="0" fileid="4" />
                <SequencePoint vc="0" uspid="20937" ordinal="0" offset="70" sl="47" sc="0" el="47" ec="0" bec="0" bev="0" fileid="4" />
                <SequencePoint vc="0" uspid="20938" ordinal="0" offset="74" sl="47" sc="0" el="47" ec="0" bec="0" bev="0" fileid="4" />
                <SequencePoint vc="0" uspid="20939" ordinal="0" offset="84" sl="59" sc="0" el="59" ec="0" bec="0" bev="0" fileid="4" />
                <SequencePoint vc="0" uspid="20940" ordinal="0" offset="94" sl="60" sc="0" el="60" ec="0" bec="0" bev="0" fileid="4" />
              </SequencePoints>
              <BranchPoints />
            </Method>
            <Method visited="false" cyclomaticComplexity="4" nPathComplexity="0" sequenceCoverage="0.0" branchCoverage="0" crapScore="20" isConstructor="false" isStatic="false" isGetter="false" isSetter="false">
              <Summary numSequencePoints="21" visitedSequencePoints="0" numBranchPoints="0" visitedBranchPoints="0" sequenceCoverage="0.0" branchCoverage="0" maxCyclomaticComplexity="4" minCyclomaticComplexity="4" maxCrapScore="20" minCrapScore="20" visitedClasses="0" numClasses="0" visitedMethods="0" numMethods="1" />
              <MetadataToken>100663311</MetadataToken>
              <Name>UnityEngine.Vector3[] Assets.SRC.ProceduralMapGeneration.Assets.SRC.ProceduralMapGeneration.Utilities.GridCreate::SquareGrid3D(System.Int32, System.Single)</Name>
              <FileRef uid="4" />
              <SequencePoints>
                <SequencePoint vc="0" uspid="20941" ordinal="0" offset="0" sl="72" sc="9" el="72" ec="9" bec="0" bev="0" fileid="4" />
                <SequencePoint vc="0" uspid="20942" ordinal="0" offset="1" sl="73" sc="13" el="73" ec="13" bec="0" bev="0" fileid="4" />
                <SequencePoint vc="0" uspid="20943" ordinal="0" offset="7" sl="74" sc="18" el="74" ec="18" bec="0" bev="0" fileid="4" />
                <SequencePoint vc="0" uspid="20944" ordinal="0" offset="11" sl="75" sc="13" el="75" ec="13" bec="0" bev="0" fileid="4" />
                <SequencePoint vc="0" uspid="20945" ordinal="0" offset="12" sl="76" sc="22" el="76" ec="22" bec="0" bev="0" fileid="4" />
                <SequencePoint vc="0" uspid="20946" ordinal="0" offset="16" sl="77" sc="17" el="77" ec="17" bec="0" bev="0" fileid="4" />
                <SequencePoint vc="0" uspid="20947" ordinal="0" offset="17" sl="78" sc="26" el="78" ec="26" bec="0" bev="0" fileid="4" />
                <SequencePoint vc="0" uspid="20948" ordinal="0" offset="21" sl="79" sc="21" el="79" ec="21" bec="0" bev="0" fileid="4" />
                <SequencePoint vc="0" uspid="20949" ordinal="0" offset="22" sl="80" sc="25" el="80" ec="25" bec="0" bev="0" fileid="4" />
                <SequencePoint vc="0" uspid="20950" ordinal="0" offset="53" sl="84" sc="25" el="84" ec="25" bec="0" bev="0" fileid="4" />
                <SequencePoint vc="0" uspid="20951" ordinal="0" offset="62" sl="85" sc="21" el="85" ec="21" bec="0" bev="0" fileid="4" />
                <SequencePoint vc="0" uspid="20952" ordinal="0" offset="63" sl="78" sc="51" el="78" ec="51" bec="0" bev="0" fileid="4" />
                <SequencePoint vc="0" uspid="20953" ordinal="0" offset="67" sl="78" sc="37" el="78" ec="37" bec="0" bev="0" fileid="4" />
                <SequencePoint vc="0" uspid="20954" ordinal="0" offset="77" sl="86" sc="17" el="86" ec="17" bec="0" bev="0" fileid="4" />
                <SequencePoint vc="0" uspid="20955" ordinal="0" offset="78" sl="76" sc="47" el="76" ec="47" bec="0" bev="0" fileid="4" />
                <SequencePoint vc="0" uspid="20956" ordinal="0" offset="82" sl="76" sc="33" el="76" ec="33" bec="0" bev="0" fileid="4" />
                <SequencePoint vc="0" uspid="20957" ordinal="0" offset="92" sl="87" sc="13" el="87" ec="13" bec="0" bev="0" fileid="4" />
                <SequencePoint vc="0" uspid="20958" ordinal="0" offset="93" sl="74" sc="43" el="74" ec="43" bec="0" bev="0" fileid="4" />
                <SequencePoint vc="0" uspid="20959" ordinal="0" offset="97" sl="74" sc="29" el="74" ec="29" bec="0" bev="0" fileid="4" />
                <SequencePoint vc="0" uspid="20960" ordinal="0" offset="107" sl="88" sc="13" el="88" ec="13" bec="0" bev="0" fileid="4" />
                <SequencePoint vc="0" uspid="20961" ordinal="0" offset="117" sl="89" sc="9" el="89" ec="9" bec="0" bev="0" fileid="4" />
              </SequencePoints>
              <BranchPoints />
            </Method>
            <Method visited="false" cyclomaticComplexity="2" nPathComplexity="0" sequenceCoverage="0.0" branchCoverage="0" crapScore="6" isConstructor="false" isStatic="false" isGetter="false" isSetter="false">
              <Summary numSequencePoints="13" visitedSequencePoints="0" numBranchPoints="0" visitedBranchPoints="0" sequenceCoverage="0.0" branchCoverage="0" maxCyclomaticComplexity="2" minCyclomaticComplexity="2" maxCrapScore="6" minCrapScore="6" visitedClasses="0" numClasses="0" visitedMethods="0" numMethods="1" />
              <MetadataToken>100663312</MetadataToken>
              <Name>System.Collections.Generic.List[GameObject] Assets.SRC.ProceduralMapGeneration.Assets.SRC.ProceduralMapGeneration.Utilities.GridCreate::PlaceGameObjectsAtGridPositions(UnityEngine.Vector3[], UnityEngine.Transform)</Name>
              <FileRef uid="4" />
              <SequencePoints>
                <SequencePoint vc="0" uspid="20962" ordinal="0" offset="0" sl="101" sc="9" el="101" ec="9" bec="0" bev="0" fileid="4" />
                <SequencePoint vc="0" uspid="20963" ordinal="0" offset="1" sl="102" sc="13" el="102" ec="13" bec="0" bev="0" fileid="4" />
                <SequencePoint vc="0" uspid="20964" ordinal="0" offset="10" sl="103" sc="18" el="103" ec="18" bec="0" bev="0" fileid="4" />
                <SequencePoint vc="0" uspid="20965" ordinal="0" offset="14" sl="104" sc="13" el="104" ec="13" bec="0" bev="0" fileid="4" />
                <SequencePoint vc="0" uspid="20966" ordinal="0" offset="15" sl="105" sc="17" el="105" ec="17" bec="0" bev="0" fileid="4" />
                <SequencePoint vc="0" uspid="20967" ordinal="0" offset="21" sl="106" sc="17" el="106" ec="17" bec="0" bev="0" fileid="4" />
                <SequencePoint vc="0" uspid="20968" ordinal="0" offset="40" sl="107" sc="17" el="107" ec="17" bec="0" bev="0" fileid="4" />
                <SequencePoint vc="0" uspid="20969" ordinal="0" offset="53" sl="108" sc="17" el="108" ec="17" bec="0" bev="0" fileid="4" />
                <SequencePoint vc="0" uspid="20970" ordinal="0" offset="61" sl="109" sc="13" el="109" ec="13" bec="0" bev="0" fileid="4" />
                <SequencePoint vc="0" uspid="20971" ordinal="0" offset="62" sl="103" sc="46" el="103" ec="46" bec="0" bev="0" fileid="4" />
                <SequencePoint vc="0" uspid="20972" ordinal="0" offset="66" sl="103" sc="29" el="103" ec="29" bec="0" bev="0" fileid="4" />
                <SequencePoint vc="0" uspid="20973" ordinal="0" offset="76" sl="110" sc="13" el="110" ec="13" bec="0" bev="0" fileid="4" />
                <SequencePoint vc="0" uspid="20974" ordinal="0" offset="81" sl="111" sc="9" el="111" ec="9" bec="0" bev="0" fileid="4" />
              </SequencePoints>
              <BranchPoints />
            </Method>
          </Methods>
        </Class>
        <Class>
          <Summary numSequencePoints="11" visitedSequencePoints="0" numBranchPoints="0" visitedBranchPoints="0" sequenceCoverage="0.0" branchCoverage="0.0" maxCyclomaticComplexity="1" minCyclomaticComplexity="1" maxCrapScore="2" minCrapScore="2" visitedClasses="0" numClasses="1" visitedMethods="0" numMethods="3" />
          <FullName>Assets.SRC.ProceduralMapGeneration.Assets.SRC.ProceduralMapGeneration.Utilities.MapBuilder</FullName>
          <Methods>
            <Method visited="false" cyclomaticComplexity="1" nPathComplexity="0" sequenceCoverage="0.0" branchCoverage="0" crapScore="2" isConstructor="false" isStatic="false" isGetter="false" isSetter="false">
              <Summary numSequencePoints="6" visitedSequencePoints="0" numBranchPoints="0" visitedBranchPoints="0" sequenceCoverage="0.0" branchCoverage="0" maxCyclomaticComplexity="1" minCyclomaticComplexity="1" maxCrapScore="2" minCrapScore="2" visitedClasses="0" numClasses="0" visitedMethods="0" numMethods="1" />
              <MetadataToken>100663314</MetadataToken>
              <Name>System.Collections.Generic.List[GameObject] Assets.SRC.ProceduralMapGeneration.Assets.SRC.ProceduralMapGeneration.Utilities.MapBuilder::ChooseStartTile(System.Collections.Generic.List[GameObject])</Name>
              <FileRef uid="5" />
              <SequencePoints>
                <SequencePoint vc="0" uspid="20975" ordinal="0" offset="0" sl="21" sc="0" el="21" ec="0" bec="0" bev="0" fileid="5" />
                <SequencePoint vc="0" uspid="20976" ordinal="0" offset="1" sl="22" sc="0" el="22" ec="0" bec="0" bev="0" fileid="5" />
                <SequencePoint vc="0" uspid="20977" ordinal="0" offset="13" sl="23" sc="0" el="23" ec="0" bec="0" bev="0" fileid="5" />
                <SequencePoint vc="0" uspid="20978" ordinal="0" offset="19" sl="24" sc="0" el="24" ec="0" bec="0" bev="0" fileid="5" />
                <SequencePoint vc="0" uspid="20979" ordinal="0" offset="48" sl="25" sc="0" el="25" ec="0" bec="0" bev="0" fileid="5" />
                <SequencePoint vc="0" uspid="20980" ordinal="0" offset="52" sl="26" sc="0" el="26" ec="0" bec="0" bev="0" fileid="5" />
              </SequencePoints>
              <BranchPoints />
            </Method>
            <Method visited="false" cyclomaticComplexity="1" nPathComplexity="0" sequenceCoverage="0.0" branchCoverage="0" crapScore="2" isConstructor="false" isStatic="false" isGetter="false" isSetter="false">
              <Summary numSequencePoints="4" visitedSequencePoints="0" numBranchPoints="0" visitedBranchPoints="0" sequenceCoverage="0.0" branchCoverage="0" maxCyclomaticComplexity="1" minCyclomaticComplexity="1" maxCrapScore="2" minCrapScore="2" visitedClasses="0" numClasses="0" visitedMethods="0" numMethods="1" />
              <MetadataToken>100663315</MetadataToken>
              <Name>System.Collections.Generic.List[GameObject] Assets.SRC.ProceduralMapGeneration.Assets.SRC.ProceduralMapGeneration.Utilities.MapBuilder::CollapseTile(System.Collections.Generic.List[GameObject], UnityEngine.GameObject)</Name>
              <FileRef uid="5" />
              <SequencePoints>
                <SequencePoint vc="0" uspid="20981" ordinal="0" offset="0" sl="38" sc="0" el="38" ec="0" bec="0" bev="0" fileid="5" />
                <SequencePoint vc="0" uspid="20982" ordinal="0" offset="1" sl="39" sc="0" el="39" ec="0" bec="0" bev="0" fileid="5" />
                <SequencePoint vc="0" uspid="20983" ordinal="0" offset="8" sl="40" sc="0" el="40" ec="0" bec="0" bev="0" fileid="5" />
                <SequencePoint vc="0" uspid="20984" ordinal="0" offset="12" sl="41" sc="0" el="41" ec="0" bec="0" bev="0" fileid="5" />
              </SequencePoints>
              <BranchPoints />
            </Method>
            <Method visited="false" cyclomaticComplexity="1" nPathComplexity="0" sequenceCoverage="0.0" branchCoverage="0" crapScore="2" isConstructor="true" isStatic="true" isGetter="false" isSetter="false">
              <Summary numSequencePoints="1" visitedSequencePoints="0" numBranchPoints="0" visitedBranchPoints="0" sequenceCoverage="0.0" branchCoverage="0" maxCyclomaticComplexity="1" minCyclomaticComplexity="1" maxCrapScore="2" minCrapScore="2" visitedClasses="0" numClasses="0" visitedMethods="0" numMethods="1" />
              <MetadataToken>100663317</MetadataToken>
              <Name>static Assets.SRC.ProceduralMapGeneration.Assets.SRC.ProceduralMapGeneration.Utilities.MapBuilder::MapBuilder()</Name>
              <FileRef uid="5" />
              <SequencePoints>
                <SequencePoint vc="0" uspid="20985" ordinal="0" offset="0" sl="10" sc="0" el="10" ec="0" bec="0" bev="0" fileid="5" />
              </SequencePoints>
              <BranchPoints />
            </Method>
          </Methods>
        </Class>
        <Class>
          <Summary numSequencePoints="77" visitedSequencePoints="0" numBranchPoints="0" visitedBranchPoints="0" sequenceCoverage="0.0" branchCoverage="0.0" maxCyclomaticComplexity="18" minCyclomaticComplexity="3" maxCrapScore="342" minCrapScore="12" visitedClasses="0" numClasses="1" visitedMethods="0" numMethods="3" />
          <FullName>Assets.SRC.ProceduralMapGeneration.Assets.SRC.ProceduralMapGeneration.Utilities.MapHandler</FullName>
          <Methods>
            <Method visited="false" cyclomaticComplexity="18" nPathComplexity="0" sequenceCoverage="0.0" branchCoverage="0" crapScore="342" isConstructor="false" isStatic="false" isGetter="false" isSetter="false">
              <Summary numSequencePoints="47" visitedSequencePoints="0" numBranchPoints="0" visitedBranchPoints="0" sequenceCoverage="0.0" branchCoverage="0" maxCyclomaticComplexity="18" minCyclomaticComplexity="18" maxCrapScore="342" minCrapScore="342" visitedClasses="0" numClasses="0" visitedMethods="0" numMethods="1" />
              <MetadataToken>100663318</MetadataToken>
              <Name>System.Collections.Generic.List[GameObject] Assets.SRC.ProceduralMapGeneration.Assets.SRC.ProceduralMapGeneration.Utilities.MapHandler::CreateMapPatern(System.Collections.Generic.List[GameObject])</Name>
              <FileRef uid="6" />
              <SequencePoints>
                <SequencePoint vc="0" uspid="20986" ordinal="0" offset="0" sl="21" sc="0" el="21" ec="0" bec="0" bev="0" fileid="6" />
                <SequencePoint vc="0" uspid="20987" ordinal="0" offset="1" sl="22" sc="0" el="22" ec="0" bec="0" bev="0" fileid="6" />
                <SequencePoint vc="0" uspid="20988" ordinal="0" offset="7" sl="23" sc="0" el="23" ec="0" bec="0" bev="0" fileid="6" />
                <SequencePoint vc="0" uspid="20989" ordinal="0" offset="13" sl="24" sc="0" el="24" ec="0" bec="0" bev="0" fileid="6" />
                <SequencePoint vc="0" uspid="20990" ordinal="0" offset="19" sl="25" sc="0" el="25" ec="0" bec="0" bev="0" fileid="6" />
                <SequencePoint vc="0" uspid="20991" ordinal="0" offset="44" sl="26" sc="0" el="26" ec="0" bec="0" bev="0" fileid="6" />
                <SequencePoint vc="0" uspid="20992" ordinal="0" offset="62" sl="27" sc="0" el="27" ec="0" bec="0" bev="0" fileid="6" />
                <SequencePoint vc="0" uspid="20993" ordinal="0" offset="75" sl="28" sc="0" el="28" ec="0" bec="0" bev="0" fileid="6" />
                <SequencePoint vc="0" uspid="20994" ordinal="0" offset="83" sl="29" sc="0" el="29" ec="0" bec="0" bev="0" fileid="6" />
                <SequencePoint vc="0" uspid="20995" ordinal="0" offset="84" sl="30" sc="0" el="30" ec="0" bec="0" bev="0" fileid="6" />
                <SequencePoint vc="0" uspid="20996" ordinal="0" offset="110" sl="31" sc="0" el="31" ec="0" bec="0" bev="0" fileid="6" />
                <SequencePoint vc="0" uspid="20997" ordinal="0" offset="111" sl="32" sc="0" el="32" ec="0" bec="0" bev="0" fileid="6" />
                <SequencePoint vc="0" uspid="20998" ordinal="0" offset="124" sl="33" sc="0" el="33" ec="0" bec="0" bev="0" fileid="6" />
                <SequencePoint vc="0" uspid="20999" ordinal="0" offset="131" sl="35" sc="0" el="35" ec="0" bec="0" bev="0" fileid="6" />
                <SequencePoint vc="0" uspid="21000" ordinal="0" offset="144" sl="36" sc="0" el="36" ec="0" bec="0" bev="0" fileid="6" />
                <SequencePoint vc="0" uspid="21001" ordinal="0" offset="193" sl="37" sc="0" el="37" ec="0" bec="0" bev="0" fileid="6" />
                <SequencePoint vc="0" uspid="21002" ordinal="0" offset="213" sl="38" sc="0" el="38" ec="0" bec="0" bev="0" fileid="6" />
                <SequencePoint vc="0" uspid="21003" ordinal="0" offset="262" sl="39" sc="0" el="39" ec="0" bec="0" bev="0" fileid="6" />
                <SequencePoint vc="0" uspid="21004" ordinal="0" offset="282" sl="40" sc="0" el="40" ec="0" bec="0" bev="0" fileid="6" />
                <SequencePoint vc="0" uspid="21005" ordinal="0" offset="331" sl="41" sc="0" el="41" ec="0" bec="0" bev="0" fileid="6" />
                <SequencePoint vc="0" uspid="21006" ordinal="0" offset="351" sl="42" sc="0" el="42" ec="0" bec="0" bev="0" fileid="6" />
                <SequencePoint vc="0" uspid="21007" ordinal="0" offset="400" sl="43" sc="0" el="43" ec="0" bec="0" bev="0" fileid="6" />
                <SequencePoint vc="0" uspid="21008" ordinal="0" offset="420" sl="44" sc="0" el="44" ec="0" bec="0" bev="0" fileid="6" />
                <SequencePoint vc="0" uspid="21009" ordinal="0" offset="469" sl="45" sc="0" el="45" ec="0" bec="0" bev="0" fileid="6" />
                <SequencePoint vc="0" uspid="21010" ordinal="0" offset="489" sl="46" sc="0" el="46" ec="0" bec="0" bev="0" fileid="6" />
                <SequencePoint vc="0" uspid="21011" ordinal="0" offset="538" sl="47" sc="0" el="47" ec="0" bec="0" bev="0" fileid="6" />
                <SequencePoint vc="0" uspid="21012" ordinal="0" offset="558" sl="48" sc="0" el="48" ec="0" bec="0" bev="0" fileid="6" />
                <SequencePoint vc="0" uspid="21013" ordinal="0" offset="573" sl="49" sc="0" el="49" ec="0" bec="0" bev="0" fileid="6" />
                <SequencePoint vc="0" uspid="21014" ordinal="0" offset="589" sl="50" sc="0" el="50" ec="0" bec="0" bev="0" fileid="6" />
                <SequencePoint vc="0" uspid="21015" ordinal="0" offset="599" sl="51" sc="0" el="51" ec="0" bec="0" bev="0" fileid="6" />
                <SequencePoint vc="0" uspid="21016" ordinal="0" offset="604" sl="52" sc="0" el="52" ec="0" bec="0" bev="0" fileid="6" />
                <SequencePoint vc="0" uspid="21017" ordinal="0" offset="605" sl="53" sc="0" el="53" ec="0" bec="0" bev="0" fileid="6" />
                <SequencePoint vc="0" uspid="21018" ordinal="0" offset="621" sl="54" sc="0" el="54" ec="0" bec="0" bev="0" fileid="6" />
                <SequencePoint vc="0" uspid="21019" ordinal="0" offset="622" sl="51" sc="0" el="51" ec="0" bec="0" bev="0" fileid="6" />
                <SequencePoint vc="0" uspid="21020" ordinal="0" offset="628" sl="51" sc="0" el="51" ec="0" bec="0" bev="0" fileid="6" />
                <SequencePoint vc="0" uspid="21021" ordinal="0" offset="645" sl="55" sc="0" el="55" ec="0" bec="0" bev="0" fileid="6" />
                <SequencePoint vc="0" uspid="21022" ordinal="0" offset="646" sl="56" sc="0" el="56" ec="0" bec="0" bev="0" fileid="6" />
                <SequencePoint vc="0" uspid="21023" ordinal="0" offset="647" sl="28" sc="0" el="28" ec="0" bec="0" bev="0" fileid="6" />
                <SequencePoint vc="0" uspid="21024" ordinal="0" offset="653" sl="28" sc="0" el="28" ec="0" bec="0" bev="0" fileid="6" />
                <SequencePoint vc="0" uspid="21025" ordinal="0" offset="680" sl="57" sc="0" el="57" ec="0" bec="0" bev="0" fileid="6" />
                <SequencePoint vc="0" uspid="21026" ordinal="0" offset="685" sl="58" sc="0" el="58" ec="0" bec="0" bev="0" fileid="6" />
                <SequencePoint vc="0" uspid="21027" ordinal="0" offset="686" sl="59" sc="0" el="59" ec="0" bec="0" bev="0" fileid="6" />
                <SequencePoint vc="0" uspid="21028" ordinal="0" offset="705" sl="60" sc="0" el="60" ec="0" bec="0" bev="0" fileid="6" />
                <SequencePoint vc="0" uspid="21029" ordinal="0" offset="706" sl="57" sc="0" el="57" ec="0" bec="0" bev="0" fileid="6" />
                <SequencePoint vc="0" uspid="21030" ordinal="0" offset="712" sl="57" sc="0" el="57" ec="0" bec="0" bev="0" fileid="6" />
                <SequencePoint vc="0" uspid="21031" ordinal="0" offset="728" sl="61" sc="0" el="61" ec="0" bec="0" bev="0" fileid="6" />
                <SequencePoint vc="0" uspid="21032" ordinal="0" offset="733" sl="62" sc="0" el="62" ec="0" bec="0" bev="0" fileid="6" />
              </SequencePoints>
              <BranchPoints />
            </Method>
            <Method visited="false" cyclomaticComplexity="3" nPathComplexity="0" sequenceCoverage="0.0" branchCoverage="0" crapScore="12" isConstructor="false" isStatic="false" isGetter="false" isSetter="false">
              <Summary numSequencePoints="17" visitedSequencePoints="0" numBranchPoints="0" visitedBranchPoints="0" sequenceCoverage="0.0" branchCoverage="0" maxCyclomaticComplexity="3" minCyclomaticComplexity="3" maxCrapScore="12" minCrapScore="12" visitedClasses="0" numClasses="0" visitedMethods="0" numMethods="1" />
              <MetadataToken>100663319</MetadataToken>
              <Name>UnityEngine.Vector3[] Assets.SRC.ProceduralMapGeneration.Assets.SRC.ProceduralMapGeneration.Utilities.MapHandler::CreatePath(UnityEngine.Vector3[], System.Single, System.Int32, System.Single)</Name>
              <FileRef uid="6" />
              <SequencePoints>
                <SequencePoint vc="0" uspid="21033" ordinal="0" offset="0" sl="76" sc="0" el="76" ec="0" bec="0" bev="0" fileid="6" />
                <SequencePoint vc="0" uspid="21034" ordinal="0" offset="1" sl="84" sc="0" el="84" ec="0" bec="0" bev="0" fileid="6" />
                <SequencePoint vc="0" uspid="21035" ordinal="0" offset="7" sl="85" sc="0" el="85" ec="0" bec="0" bev="0" fileid="6" />
                <SequencePoint vc="0" uspid="21036" ordinal="0" offset="16" sl="86" sc="0" el="86" ec="0" bec="0" bev="0" fileid="6" />
                <SequencePoint vc="0" uspid="21037" ordinal="0" offset="22" sl="87" sc="0" el="87" ec="0" bec="0" bev="0" fileid="6" />
                <SequencePoint vc="0" uspid="21038" ordinal="0" offset="26" sl="88" sc="0" el="88" ec="0" bec="0" bev="0" fileid="6" />
                <SequencePoint vc="0" uspid="21039" ordinal="0" offset="27" sl="89" sc="0" el="89" ec="0" bec="0" bev="0" fileid="6" />
                <SequencePoint vc="0" uspid="21040" ordinal="0" offset="65" sl="90" sc="0" el="90" ec="0" bec="0" bev="0" fileid="6" />
                <SequencePoint vc="0" uspid="21041" ordinal="0" offset="96" sl="91" sc="0" el="91" ec="0" bec="0" bev="0" fileid="6" />
                <SequencePoint vc="0" uspid="21042" ordinal="0" offset="111" sl="92" sc="0" el="92" ec="0" bec="0" bev="0" fileid="6" />
                <SequencePoint vc="0" uspid="21043" ordinal="0" offset="112" sl="93" sc="0" el="93" ec="0" bec="0" bev="0" fileid="6" />
                <SequencePoint vc="0" uspid="21044" ordinal="0" offset="126" sl="94" sc="0" el="94" ec="0" bec="0" bev="0" fileid="6" />
                <SequencePoint vc="0" uspid="21045" ordinal="0" offset="127" sl="95" sc="0" el="95" ec="0" bec="0" bev="0" fileid="6" />
                <SequencePoint vc="0" uspid="21046" ordinal="0" offset="128" sl="87" sc="0" el="87" ec="0" bec="0" bev="0" fileid="6" />
                <SequencePoint vc="0" uspid="21047" ordinal="0" offset="132" sl="87" sc="0" el="87" ec="0" bec="0" bev="0" fileid="6" />
                <SequencePoint vc="0" uspid="21048" ordinal="0" offset="147" sl="97" sc="0" el="97" ec="0" bec="0" bev="0" fileid="6" />
                <SequencePoint vc="0" uspid="21049" ordinal="0" offset="157" sl="98" sc="0" el="98" ec="0" bec="0" bev="0" fileid="6" />
              </SequencePoints>
              <BranchPoints />
            </Method>
            <Method visited="false" cyclomaticComplexity="3" nPathComplexity="0" sequenceCoverage="0.0" branchCoverage="0" crapScore="12" isConstructor="false" isStatic="false" isGetter="false" isSetter="false">
              <Summary numSequencePoints="13" visitedSequencePoints="0" numBranchPoints="0" visitedBranchPoints="0" sequenceCoverage="0.0" branchCoverage="0" maxCyclomaticComplexity="3" minCyclomaticComplexity="3" maxCrapScore="12" minCrapScore="12" visitedClasses="0" numClasses="0" visitedMethods="0" numMethods="1" />
              <MetadataToken>100663320</MetadataToken>
              <Name>System.Collections.Generic.List[GameObject] Assets.SRC.ProceduralMapGeneration.Assets.SRC.ProceduralMapGeneration.Utilities.MapHandler::CleanMap(System.Int32, System.Collections.Generic.List[GameObject])</Name>
              <FileRef uid="6" />
              <SequencePoints>
                <SequencePoint vc="0" uspid="21050" ordinal="0" offset="0" sl="110" sc="0" el="110" ec="0" bec="0" bev="0" fileid="6" />
                <SequencePoint vc="0" uspid="21051" ordinal="0" offset="1" sl="111" sc="0" el="111" ec="0" bec="0" bev="0" fileid="6" />
                <SequencePoint vc="0" uspid="21052" ordinal="0" offset="5" sl="112" sc="0" el="112" ec="0" bec="0" bev="0" fileid="6" />
                <SequencePoint vc="0" uspid="21053" ordinal="0" offset="6" sl="113" sc="0" el="113" ec="0" bec="0" bev="0" fileid="6" />
                <SequencePoint vc="0" uspid="21054" ordinal="0" offset="37" sl="114" sc="0" el="114" ec="0" bec="0" bev="0" fileid="6" />
                <SequencePoint vc="0" uspid="21055" ordinal="0" offset="38" sl="115" sc="0" el="115" ec="0" bec="0" bev="0" fileid="6" />
                <SequencePoint vc="0" uspid="21056" ordinal="0" offset="52" sl="116" sc="0" el="116" ec="0" bec="0" bev="0" fileid="6" />
                <SequencePoint vc="0" uspid="21057" ordinal="0" offset="53" sl="117" sc="0" el="117" ec="0" bec="0" bev="0" fileid="6" />
                <SequencePoint vc="0" uspid="21058" ordinal="0" offset="54" sl="111" sc="0" el="111" ec="0" bec="0" bev="0" fileid="6" />
                <SequencePoint vc="0" uspid="21059" ordinal="0" offset="58" sl="111" sc="0" el="111" ec="0" bec="0" bev="0" fileid="6" />
                <SequencePoint vc="0" uspid="21060" ordinal="0" offset="71" sl="118" sc="0" el="118" ec="0" bec="0" bev="0" fileid="6" />
                <SequencePoint vc="0" uspid="21061" ordinal="0" offset="77" sl="119" sc="0" el="119" ec="0" bec="0" bev="0" fileid="6" />
                <SequencePoint vc="0" uspid="21062" ordinal="0" offset="90" sl="120" sc="0" el="120" ec="0" bec="0" bev="0" fileid="6" />
              </SequencePoints>
              <BranchPoints />
            </Method>
          </Methods>
        </Class>
        <Class>
          <Summary numSequencePoints="14" visitedSequencePoints="0" numBranchPoints="0" visitedBranchPoints="0" sequenceCoverage="0.0" branchCoverage="0.0" maxCyclomaticComplexity="2" minCyclomaticComplexity="2" maxCrapScore="6" minCrapScore="6" visitedClasses="0" numClasses="1" visitedMethods="0" numMethods="1" />
          <FullName>Assets.SRC.ProceduralMapGeneration.Assets.SRC.ProceduralMapGeneration.Utilities.PopulateTilePositions</FullName>
          <Methods>
            <Method visited="false" cyclomaticComplexity="2" nPathComplexity="0" sequenceCoverage="0.0" branchCoverage="0" crapScore="6" isConstructor="false" isStatic="false" isGetter="false" isSetter="false">
              <Summary numSequencePoints="14" visitedSequencePoints="0" numBranchPoints="0" visitedBranchPoints="0" sequenceCoverage="0.0" branchCoverage="0" maxCyclomaticComplexity="2" minCyclomaticComplexity="2" maxCrapScore="6" minCrapScore="6" visitedClasses="0" numClasses="0" visitedMethods="0" numMethods="1" />
              <MetadataToken>100663322</MetadataToken>
              <Name>System.Collections.Generic.List[GameObject] Assets.SRC.ProceduralMapGeneration.Assets.SRC.ProceduralMapGeneration.Utilities.PopulateTilePositions::SetChildTile(Assets.SRC.ProceduralMapGeneration.Assets.SRC.ProceduralMapGeneration.ScriptableObjects.DirectionalTilesScriptableObject, System.Collections.Generic.List[GameObject])</Name>
              <FileRef uid="7" />
              <SequencePoints>
                <SequencePoint vc="0" uspid="21063" ordinal="0" offset="0" sl="20" sc="9" el="20" ec="9" bec="0" bev="0" fileid="7" />
                <SequencePoint vc="0" uspid="21064" ordinal="0" offset="1" sl="21" sc="13" el="21" ec="13" bec="0" bev="0" fileid="7" />
                <SequencePoint vc="0" uspid="21065" ordinal="0" offset="8" sl="22" sc="18" el="22" ec="18" bec="0" bev="0" fileid="7" />
                <SequencePoint vc="0" uspid="21066" ordinal="0" offset="15" sl="23" sc="13" el="23" ec="13" bec="0" bev="0" fileid="7" />
                <SequencePoint vc="0" uspid="21067" ordinal="0" offset="16" sl="24" sc="17" el="24" ec="17" bec="0" bev="0" fileid="7" />
                <SequencePoint vc="0" uspid="21068" ordinal="0" offset="39" sl="26" sc="17" el="26" ec="17" bec="0" bev="0" fileid="7" />
                <SequencePoint vc="0" uspid="21069" ordinal="0" offset="74" sl="28" sc="17" el="28" ec="17" bec="0" bev="0" fileid="7" />
                <SequencePoint vc="0" uspid="21070" ordinal="0" offset="99" sl="29" sc="17" el="29" ec="17" bec="0" bev="0" fileid="7" />
                <SequencePoint vc="0" uspid="21071" ordinal="0" offset="113" sl="30" sc="17" el="30" ec="17" bec="0" bev="0" fileid="7" />
                <SequencePoint vc="0" uspid="21072" ordinal="0" offset="175" sl="31" sc="13" el="31" ec="13" bec="0" bev="0" fileid="7" />
                <SequencePoint vc="0" uspid="21073" ordinal="0" offset="176" sl="22" sc="54" el="22" ec="54" bec="0" bev="0" fileid="7" />
                <SequencePoint vc="0" uspid="21074" ordinal="0" offset="180" sl="22" sc="29" el="22" ec="29" bec="0" bev="0" fileid="7" />
                <SequencePoint vc="0" uspid="21075" ordinal="0" offset="198" sl="32" sc="13" el="32" ec="13" bec="0" bev="0" fileid="7" />
                <SequencePoint vc="0" uspid="21076" ordinal="0" offset="203" sl="33" sc="9" el="33" ec="9" bec="0" bev="0" fileid="7" />
              </SequencePoints>
              <BranchPoints />
            </Method>
          </Methods>
        </Class>
        <Class>
          <Summary numSequencePoints="12" visitedSequencePoints="0" numBranchPoints="0" visitedBranchPoints="0" sequenceCoverage="0.0" branchCoverage="0.0" maxCyclomaticComplexity="1" minCyclomaticComplexity="1" maxCrapScore="2" minCrapScore="2" visitedClasses="0" numClasses="1" visitedMethods="0" numMethods="12" />
          <FullName>Assets.SRC.ProceduralMapGeneration.Assets.SRC.ProceduralMapGeneration.Structs.DirectionIDStruct</FullName>
          <Methods>
            <Method visited="false" cyclomaticComplexity="1" nPathComplexity="0" sequenceCoverage="0.0" branchCoverage="0" crapScore="2" isConstructor="false" isStatic="false" isGetter="true" isSetter="false">
              <Summary numSequencePoints="1" visitedSequencePoints="0" numBranchPoints="0" visitedBranchPoints="0" sequenceCoverage="0.0" branchCoverage="0" maxCyclomaticComplexity="1" minCyclomaticComplexity="1" maxCrapScore="2" minCrapScore="2" visitedClasses="0" numClasses="0" visitedMethods="0" numMethods="1" />
              <MetadataToken>100663324</MetadataToken>
              <Name>System.Boolean Assets.SRC.ProceduralMapGeneration.Assets.SRC.ProceduralMapGeneration.Structs.DirectionIDStruct::get_NothID()</Name>
              <FileRef uid="8" />
              <SequencePoints>
                <SequencePoint vc="0" uspid="21077" ordinal="0" offset="0" sl="5" sc="30" el="5" ec="30" bec="0" bev="0" fileid="8" />
              </SequencePoints>
              <BranchPoints />
            </Method>
            <Method visited="false" cyclomaticComplexity="1" nPathComplexity="0" sequenceCoverage="0.0" branchCoverage="0" crapScore="2" isConstructor="false" isStatic="false" isGetter="false" isSetter="true">
              <Summary numSequencePoints="1" visitedSequencePoints="0" numBranchPoints="0" visitedBranchPoints="0" sequenceCoverage="0.0" branchCoverage="0" maxCyclomaticComplexity="1" minCyclomaticComplexity="1" maxCrapScore="2" minCrapScore="2" visitedClasses="0" numClasses="0" visitedMethods="0" numMethods="1" />
              <MetadataToken>100663325</MetadataToken>
              <Name>System.Void Assets.SRC.ProceduralMapGeneration.Assets.SRC.ProceduralMapGeneration.Structs.DirectionIDStruct::set_NothID(System.Boolean)</Name>
              <FileRef uid="8" />
              <SequencePoints>
                <SequencePoint vc="0" uspid="21078" ordinal="0" offset="0" sl="5" sc="35" el="5" ec="35" bec="0" bev="0" fileid="8" />
              </SequencePoints>
              <BranchPoints />
            </Method>
            <Method visited="false" cyclomaticComplexity="1" nPathComplexity="0" sequenceCoverage="0.0" branchCoverage="0" crapScore="2" isConstructor="false" isStatic="false" isGetter="true" isSetter="false">
              <Summary numSequencePoints="1" visitedSequencePoints="0" numBranchPoints="0" visitedBranchPoints="0" sequenceCoverage="0.0" branchCoverage="0" maxCyclomaticComplexity="1" minCyclomaticComplexity="1" maxCrapScore="2" minCrapScore="2" visitedClasses="0" numClasses="0" visitedMethods="0" numMethods="1" />
              <MetadataToken>100663326</MetadataToken>
              <Name>System.Boolean Assets.SRC.ProceduralMapGeneration.Assets.SRC.ProceduralMapGeneration.Structs.DirectionIDStruct::get_EastID()</Name>
              <FileRef uid="8" />
              <SequencePoints>
                <SequencePoint vc="0" uspid="21079" ordinal="0" offset="0" sl="6" sc="30" el="6" ec="30" bec="0" bev="0" fileid="8" />
              </SequencePoints>
              <BranchPoints />
            </Method>
            <Method visited="false" cyclomaticComplexity="1" nPathComplexity="0" sequenceCoverage="0.0" branchCoverage="0" crapScore="2" isConstructor="false" isStatic="false" isGetter="false" isSetter="true">
              <Summary numSequencePoints="1" visitedSequencePoints="0" numBranchPoints="0" visitedBranchPoints="0" sequenceCoverage="0.0" branchCoverage="0" maxCyclomaticComplexity="1" minCyclomaticComplexity="1" maxCrapScore="2" minCrapScore="2" visitedClasses="0" numClasses="0" visitedMethods="0" numMethods="1" />
              <MetadataToken>100663327</MetadataToken>
              <Name>System.Void Assets.SRC.ProceduralMapGeneration.Assets.SRC.ProceduralMapGeneration.Structs.DirectionIDStruct::set_EastID(System.Boolean)</Name>
              <FileRef uid="8" />
              <SequencePoints>
                <SequencePoint vc="0" uspid="21080" ordinal="0" offset="0" sl="6" sc="35" el="6" ec="35" bec="0" bev="0" fileid="8" />
              </SequencePoints>
              <BranchPoints />
            </Method>
            <Method visited="false" cyclomaticComplexity="1" nPathComplexity="0" sequenceCoverage="0.0" branchCoverage="0" crapScore="2" isConstructor="false" isStatic="false" isGetter="true" isSetter="false">
              <Summary numSequencePoints="1" visitedSequencePoints="0" numBranchPoints="0" visitedBranchPoints="0" sequenceCoverage="0.0" branchCoverage="0" maxCyclomaticComplexity="1" minCyclomaticComplexity="1" maxCrapScore="2" minCrapScore="2" visitedClasses="0" numClasses="0" visitedMethods="0" numMethods="1" />
              <MetadataToken>100663328</MetadataToken>
              <Name>System.Boolean Assets.SRC.ProceduralMapGeneration.Assets.SRC.ProceduralMapGeneration.Structs.DirectionIDStruct::get_WestID()</Name>
              <FileRef uid="8" />
              <SequencePoints>
                <SequencePoint vc="0" uspid="21081" ordinal="0" offset="0" sl="7" sc="30" el="7" ec="30" bec="0" bev="0" fileid="8" />
              </SequencePoints>
              <BranchPoints />
            </Method>
            <Method visited="false" cyclomaticComplexity="1" nPathComplexity="0" sequenceCoverage="0.0" branchCoverage="0" crapScore="2" isConstructor="false" isStatic="false" isGetter="false" isSetter="true">
              <Summary numSequencePoints="1" visitedSequencePoints="0" numBranchPoints="0" visitedBranchPoints="0" sequenceCoverage="0.0" branchCoverage="0" maxCyclomaticComplexity="1" minCyclomaticComplexity="1" maxCrapScore="2" minCrapScore="2" visitedClasses="0" numClasses="0" visitedMethods="0" numMethods="1" />
              <MetadataToken>100663329</MetadataToken>
              <Name>System.Void Assets.SRC.ProceduralMapGeneration.Assets.SRC.ProceduralMapGeneration.Structs.DirectionIDStruct::set_WestID(System.Boolean)</Name>
              <FileRef uid="8" />
              <SequencePoints>
                <SequencePoint vc="0" uspid="21082" ordinal="0" offset="0" sl="7" sc="35" el="7" ec="35" bec="0" bev="0" fileid="8" />
              </SequencePoints>
              <BranchPoints />
            </Method>
            <Method visited="false" cyclomaticComplexity="1" nPathComplexity="0" sequenceCoverage="0.0" branchCoverage="0" crapScore="2" isConstructor="false" isStatic="false" isGetter="true" isSetter="false">
              <Summary numSequencePoints="1" visitedSequencePoints="0" numBranchPoints="0" visitedBranchPoints="0" sequenceCoverage="0.0" branchCoverage="0" maxCyclomaticComplexity="1" minCyclomaticComplexity="1" maxCrapScore="2" minCrapScore="2" visitedClasses="0" numClasses="0" visitedMethods="0" numMethods="1" />
              <MetadataToken>100663330</MetadataToken>
              <Name>System.Boolean Assets.SRC.ProceduralMapGeneration.Assets.SRC.ProceduralMapGeneration.Structs.DirectionIDStruct::get_SouthID()</Name>
              <FileRef uid="8" />
              <SequencePoints>
                <SequencePoint vc="0" uspid="21083" ordinal="0" offset="0" sl="8" sc="31" el="8" ec="31" bec="0" bev="0" fileid="8" />
              </SequencePoints>
              <BranchPoints />
            </Method>
            <Method visited="false" cyclomaticComplexity="1" nPathComplexity="0" sequenceCoverage="0.0" branchCoverage="0" crapScore="2" isConstructor="false" isStatic="false" isGetter="false" isSetter="true">
              <Summary numSequencePoints="1" visitedSequencePoints="0" numBranchPoints="0" visitedBranchPoints="0" sequenceCoverage="0.0" branchCoverage="0" maxCyclomaticComplexity="1" minCyclomaticComplexity="1" maxCrapScore="2" minCrapScore="2" visitedClasses="0" numClasses="0" visitedMethods="0" numMethods="1" />
              <MetadataToken>100663331</MetadataToken>
              <Name>System.Void Assets.SRC.ProceduralMapGeneration.Assets.SRC.ProceduralMapGeneration.Structs.DirectionIDStruct::set_SouthID(System.Boolean)</Name>
              <FileRef uid="8" />
              <SequencePoints>
                <SequencePoint vc="0" uspid="21084" ordinal="0" offset="0" sl="8" sc="36" el="8" ec="36" bec="0" bev="0" fileid="8" />
              </SequencePoints>
              <BranchPoints />
            </Method>
            <Method visited="false" cyclomaticComplexity="1" nPathComplexity="0" sequenceCoverage="0.0" branchCoverage="0" crapScore="2" isConstructor="false" isStatic="false" isGetter="true" isSetter="false">
              <Summary numSequencePoints="1" visitedSequencePoints="0" numBranchPoints="0" visitedBranchPoints="0" sequenceCoverage="0.0" branchCoverage="0" maxCyclomaticComplexity="1" minCyclomaticComplexity="1" maxCrapScore="2" minCrapScore="2" visitedClasses="0" numClasses="0" visitedMethods="0" numMethods="1" />
              <MetadataToken>100663332</MetadataToken>
              <Name>System.Boolean Assets.SRC.ProceduralMapGeneration.Assets.SRC.ProceduralMapGeneration.Structs.DirectionIDStruct::get_TopID()</Name>
              <FileRef uid="8" />
              <SequencePoints>
                <SequencePoint vc="0" uspid="21085" ordinal="0" offset="0" sl="9" sc="29" el="9" ec="29" bec="0" bev="0" fileid="8" />
              </SequencePoints>
              <BranchPoints />
            </Method>
            <Method visited="false" cyclomaticComplexity="1" nPathComplexity="0" sequenceCoverage="0.0" branchCoverage="0" crapScore="2" isConstructor="false" isStatic="false" isGetter="false" isSetter="true">
              <Summary numSequencePoints="1" visitedSequencePoints="0" numBranchPoints="0" visitedBranchPoints="0" sequenceCoverage="0.0" branchCoverage="0" maxCyclomaticComplexity="1" minCyclomaticComplexity="1" maxCrapScore="2" minCrapScore="2" visitedClasses="0" numClasses="0" visitedMethods="0" numMethods="1" />
              <MetadataToken>100663333</MetadataToken>
              <Name>System.Void Assets.SRC.ProceduralMapGeneration.Assets.SRC.ProceduralMapGeneration.Structs.DirectionIDStruct::set_TopID(System.Boolean)</Name>
              <FileRef uid="8" />
              <SequencePoints>
                <SequencePoint vc="0" uspid="21086" ordinal="0" offset="0" sl="9" sc="34" el="9" ec="34" bec="0" bev="0" fileid="8" />
              </SequencePoints>
              <BranchPoints />
            </Method>
            <Method visited="false" cyclomaticComplexity="1" nPathComplexity="0" sequenceCoverage="0.0" branchCoverage="0" crapScore="2" isConstructor="false" isStatic="false" isGetter="true" isSetter="false">
              <Summary numSequencePoints="1" visitedSequencePoints="0" numBranchPoints="0" visitedBranchPoints="0" sequenceCoverage="0.0" branchCoverage="0" maxCyclomaticComplexity="1" minCyclomaticComplexity="1" maxCrapScore="2" minCrapScore="2" visitedClasses="0" numClasses="0" visitedMethods="0" numMethods="1" />
              <MetadataToken>100663334</MetadataToken>
              <Name>System.Boolean Assets.SRC.ProceduralMapGeneration.Assets.SRC.ProceduralMapGeneration.Structs.DirectionIDStruct::get_BottomID()</Name>
              <FileRef uid="8" />
              <SequencePoints>
                <SequencePoint vc="0" uspid="21087" ordinal="0" offset="0" sl="10" sc="32" el="10" ec="32" bec="0" bev="0" fileid="8" />
              </SequencePoints>
              <BranchPoints />
            </Method>
            <Method visited="false" cyclomaticComplexity="1" nPathComplexity="0" sequenceCoverage="0.0" branchCoverage="0" crapScore="2" isConstructor="false" isStatic="false" isGetter="false" isSetter="true">
              <Summary numSequencePoints="1" visitedSequencePoints="0" numBranchPoints="0" visitedBranchPoints="0" sequenceCoverage="0.0" branchCoverage="0" maxCyclomaticComplexity="1" minCyclomaticComplexity="1" maxCrapScore="2" minCrapScore="2" visitedClasses="0" numClasses="0" visitedMethods="0" numMethods="1" />
              <MetadataToken>100663335</MetadataToken>
              <Name>System.Void Assets.SRC.ProceduralMapGeneration.Assets.SRC.ProceduralMapGeneration.Structs.DirectionIDStruct::set_BottomID(System.Boolean)</Name>
              <FileRef uid="8" />
              <SequencePoints>
                <SequencePoint vc="0" uspid="21088" ordinal="0" offset="0" sl="10" sc="37" el="10" ec="37" bec="0" bev="0" fileid="8" />
              </SequencePoints>
              <BranchPoints />
            </Method>
          </Methods>
        </Class>
        <Class>
          <Summary numSequencePoints="6" visitedSequencePoints="0" numBranchPoints="0" visitedBranchPoints="0" sequenceCoverage="0.0" branchCoverage="0.0" maxCyclomaticComplexity="1" minCyclomaticComplexity="1" maxCrapScore="2" minCrapScore="2" visitedClasses="0" numClasses="1" visitedMethods="0" numMethods="6" />
          <FullName>Assets.SRC.ProceduralMapGeneration.Assets.SRC.ProceduralMapGeneration.Structs.MapBuilderStruct</FullName>
          <Methods>
            <Method visited="false" cyclomaticComplexity="1" nPathComplexity="0" sequenceCoverage="0.0" branchCoverage="0" crapScore="2" isConstructor="false" isStatic="false" isGetter="true" isSetter="false">
              <Summary numSequencePoints="1" visitedSequencePoints="0" numBranchPoints="0" visitedBranchPoints="0" sequenceCoverage="0.0" branchCoverage="0" maxCyclomaticComplexity="1" minCyclomaticComplexity="1" maxCrapScore="2" minCrapScore="2" visitedClasses="0" numClasses="0" visitedMethods="0" numMethods="1" />
              <MetadataToken>100663336</MetadataToken>
              <Name>System.Collections.Generic.List[GameObject] Assets.SRC.ProceduralMapGeneration.Assets.SRC.ProceduralMapGeneration.Structs.MapBuilderStruct::get_grid()</Name>
              <FileRef uid="9" />
              <SequencePoints>
                <SequencePoint vc="0" uspid="21089" ordinal="0" offset="0" sl="8" sc="40" el="8" ec="40" bec="0" bev="0" fileid="9" />
              </SequencePoints>
              <BranchPoints />
            </Method>
            <Method visited="false" cyclomaticComplexity="1" nPathComplexity="0" sequenceCoverage="0.0" branchCoverage="0" crapScore="2" isConstructor="false" isStatic="false" isGetter="false" isSetter="true">
              <Summary numSequencePoints="1" visitedSequencePoints="0" numBranchPoints="0" visitedBranchPoints="0" sequenceCoverage="0.0" branchCoverage="0" maxCyclomaticComplexity="1" minCyclomaticComplexity="1" maxCrapScore="2" minCrapScore="2" visitedClasses="0" numClasses="0" visitedMethods="0" numMethods="1" />
              <MetadataToken>100663337</MetadataToken>
              <Name>System.Void Assets.SRC.ProceduralMapGeneration.Assets.SRC.ProceduralMapGeneration.Structs.MapBuilderStruct::set_grid(System.Collections.Generic.List[GameObject])</Name>
              <FileRef uid="9" />
              <SequencePoints>
                <SequencePoint vc="0" uspid="21090" ordinal="0" offset="0" sl="8" sc="45" el="8" ec="45" bec="0" bev="0" fileid="9" />
              </SequencePoints>
              <BranchPoints />
            </Method>
            <Method visited="false" cyclomaticComplexity="1" nPathComplexity="0" sequenceCoverage="0.0" branchCoverage="0" crapScore="2" isConstructor="false" isStatic="false" isGetter="true" isSetter="false">
              <Summary numSequencePoints="1" visitedSequencePoints="0" numBranchPoints="0" visitedBranchPoints="0" sequenceCoverage="0.0" branchCoverage="0" maxCyclomaticComplexity="1" minCyclomaticComplexity="1" maxCrapScore="2" minCrapScore="2" visitedClasses="0" numClasses="0" visitedMethods="0" numMethods="1" />
              <MetadataToken>100663338</MetadataToken>
              <Name>UnityEngine.GameObject Assets.SRC.ProceduralMapGeneration.Assets.SRC.ProceduralMapGeneration.Structs.MapBuilderStruct::get_startObject()</Name>
              <FileRef uid="9" />
              <SequencePoints>
                <SequencePoint vc="0" uspid="21091" ordinal="0" offset="0" sl="9" sc="41" el="9" ec="41" bec="0" bev="0" fileid="9" />
              </SequencePoints>
              <BranchPoints />
            </Method>
            <Method visited="false" cyclomaticComplexity="1" nPathComplexity="0" sequenceCoverage="0.0" branchCoverage="0" crapScore="2" isConstructor="false" isStatic="false" isGetter="false" isSetter="true">
              <Summary numSequencePoints="1" visitedSequencePoints="0" numBranchPoints="0" visitedBranchPoints="0" sequenceCoverage="0.0" branchCoverage="0" maxCyclomaticComplexity="1" minCyclomaticComplexity="1" maxCrapScore="2" minCrapScore="2" visitedClasses="0" numClasses="0" visitedMethods="0" numMethods="1" />
              <MetadataToken>100663339</MetadataToken>
              <Name>System.Void Assets.SRC.ProceduralMapGeneration.Assets.SRC.ProceduralMapGeneration.Structs.MapBuilderStruct::set_startObject(UnityEngine.GameObject)</Name>
              <FileRef uid="9" />
              <SequencePoints>
[...]
                <SequencePoint vc="0" uspid="21226" ordinal="0" offset="297" sl="64" sc="25" el="64" ec="25" bec="0" bev="0" fileid="15" />
                <SequencePoint vc="0" uspid="21227" ordinal="0" offset="330" sl="65" sc="25" el="65" ec="25" bec="0" bev="0" fileid="15" />
                <SequencePoint vc="0" uspid="21228" ordinal="0" offset="345" sl="66" sc="21" el="66" ec="21" bec="0" bev="0" fileid="15" />
                <SequencePoint vc="0" uspid="21229" ordinal="0" offset="346" sl="68" sc="21" el="68" ec="21" bec="0" bev="0" fileid="15" />
                <SequencePoint vc="0" uspid="21230" ordinal="0" offset="450" sl="72" sc="21" el="72" ec="21" bec="0" bev="0" fileid="15" />
                <SequencePoint vc="0" uspid="21231" ordinal="0" offset="451" sl="73" sc="25" el="73" ec="25" bec="0" bev="0" fileid="15" />
                <SequencePoint vc="0" uspid="21232" ordinal="0" offset="484" sl="74" sc="25" el="74" ec="25" bec="0" bev="0" fileid="15" />
                <SequencePoint vc="0" uspid="21233" ordinal="0" offset="499" sl="75" sc="21" el="75" ec="21" bec="0" bev="0" fileid="15" />
                <SequencePoint vc="0" uspid="21234" ordinal="0" offset="500" sl="77" sc="21" el="77" ec="21" bec="0" bev="0" fileid="15" />
                <SequencePoint vc="0" uspid="21235" ordinal="0" offset="604" sl="81" sc="21" el="81" ec="21" bec="0" bev="0" fileid="15" />
                <SequencePoint vc="0" uspid="21236" ordinal="0" offset="605" sl="82" sc="25" el="82" ec="25" bec="0" bev="0" fileid="15" />
                <SequencePoint vc="0" uspid="21237" ordinal="0" offset="638" sl="83" sc="25" el="83" ec="25" bec="0" bev="0" fileid="15" />
                <SequencePoint vc="0" uspid="21238" ordinal="0" offset="653" sl="84" sc="21" el="84" ec="21" bec="0" bev="0" fileid="15" />
                <SequencePoint vc="0" uspid="21239" ordinal="0" offset="654" sl="86" sc="21" el="86" ec="21" bec="0" bev="0" fileid="15" />
                <SequencePoint vc="0" uspid="21240" ordinal="0" offset="758" sl="90" sc="21" el="90" ec="21" bec="0" bev="0" fileid="15" />
                <SequencePoint vc="0" uspid="21241" ordinal="0" offset="759" sl="91" sc="25" el="91" ec="25" bec="0" bev="0" fileid="15" />
                <SequencePoint vc="0" uspid="21242" ordinal="0" offset="792" sl="92" sc="25" el="92" ec="25" bec="0" bev="0" fileid="15" />
                <SequencePoint vc="0" uspid="21243" ordinal="0" offset="807" sl="93" sc="21" el="93" ec="21" bec="0" bev="0" fileid="15" />
                <SequencePoint vc="0" uspid="21244" ordinal="0" offset="808" sl="95" sc="21" el="95" ec="21" bec="0" bev="0" fileid="15" />
                <SequencePoint vc="0" uspid="21245" ordinal="0" offset="912" sl="99" sc="21" el="99" ec="21" bec="0" bev="0" fileid="15" />
                <SequencePoint vc="0" uspid="21246" ordinal="0" offset="913" sl="100" sc="25" el="100" ec="25" bec="0" bev="0" fileid="15" />
                <SequencePoint vc="0" uspid="21247" ordinal="0" offset="946" sl="101" sc="25" el="101" ec="25" bec="0" bev="0" fileid="15" />
                <SequencePoint vc="0" uspid="21248" ordinal="0" offset="961" sl="102" sc="21" el="102" ec="21" bec="0" bev="0" fileid="15" />
                <SequencePoint vc="0" uspid="21249" ordinal="0" offset="962" sl="103" sc="17" el="103" ec="17" bec="0" bev="0" fileid="15" />
                <SequencePoint vc="0" uspid="21250" ordinal="0" offset="963" sl="47" sc="50" el="47" ec="50" bec="0" bev="0" fileid="15" />
                <SequencePoint vc="0" uspid="21251" ordinal="0" offset="969" sl="47" sc="33" el="47" ec="33" bec="0" bev="0" fileid="15" />
                <SequencePoint vc="0" uspid="21252" ordinal="0" offset="988" sl="104" sc="17" el="104" ec="17" bec="0" bev="0" fileid="15" />
                <SequencePoint vc="0" uspid="21253" ordinal="0" offset="995" sl="105" sc="17" el="105" ec="17" bec="0" bev="0" fileid="15" />
                <SequencePoint vc="0" uspid="21254" ordinal="0" offset="1003" sl="106" sc="13" el="106" ec="13" bec="0" bev="0" fileid="15" />
                <SequencePoint vc="0" uspid="21255" ordinal="0" offset="1004" sl="43" sc="46" el="43" ec="46" bec="0" bev="0" fileid="15" />
                <SequencePoint vc="0" uspid="21256" ordinal="0" offset="1008" sl="43" sc="29" el="43" ec="29" bec="0" bev="0" fileid="15" />
                <SequencePoint vc="0" uspid="21257" ordinal="0" offset="1026" sl="107" sc="13" el="107" ec="13" bec="0" bev="0" fileid="15" />
                <SequencePoint vc="0" uspid="21258" ordinal="0" offset="1041" sl="108" sc="9" el="108" ec="9" bec="0" bev="0" fileid="15" />
              </SequencePoints>
              <BranchPoints />
            </Method>
            <Method visited="false" cyclomaticComplexity="1" nPathComplexity="0" sequenceCoverage="0.0" branchCoverage="0" crapScore="2" isConstructor="true" isStatic="false" isGetter="false" isSetter="false">
              <Summary numSequencePoints="2" visitedSequencePoints="0" numBranchPoints="0" visitedBranchPoints="0" sequenceCoverage="0.0" branchCoverage="0" maxCyclomaticComplexity="1" minCyclomaticComplexity="1" maxCrapScore="2" minCrapScore="2" visitedClasses="0" numClasses="0" visitedMethods="0" numMethods="1" />
              <MetadataToken>100663352</MetadataToken>
              <Name>Assets.SRC.ProceduralMapGeneration.Assets.SRC.ProceduralMapGeneration.Assets.SRC.ProceduralMapGeneration.PathFinding.NewPathFinding::NewPathFinding()</Name>
              <FileRef uid="16" />
              <SequencePoints>
                <SequencePoint vc="0" uspid="21259" ordinal="0" offset="0" sl="21" sc="9" el="21" ec="9" bec="0" bev="0" fileid="16" />
                <SequencePoint vc="0" uspid="21260" ordinal="0" offset="11" sl="22" sc="9" el="22" ec="9" bec="0" bev="0" fileid="16" />
              </SequencePoints>
              <BranchPoints />
            </Method>
          </Methods>
        </Class>
        <Class>
          <Summary numSequencePoints="42" visitedSequencePoints="0" numBranchPoints="0" visitedBranchPoints="0" sequenceCoverage="0.0" branchCoverage="0.0" maxCyclomaticComplexity="6" minCyclomaticComplexity="1" maxCrapScore="42" minCrapScore="2" visitedClasses="0" numClasses="1" visitedMethods="0" numMethods="2" />
          <FullName>Assets.SRC.ProceduralMapGeneration.Assets.SRC.ProceduralMapGeneration.Assets.SRC.ProceduralMapGeneration.PathFinding.PathMapBuilder</FullName>
          <Methods>
            <Method visited="false" cyclomaticComplexity="6" nPathComplexity="0" sequenceCoverage="0.0" branchCoverage="0" crapScore="42" isConstructor="false" isStatic="false" isGetter="false" isSetter="false">
              <Summary numSequencePoints="37" visitedSequencePoints="0" numBranchPoints="0" visitedBranchPoints="0" sequenceCoverage="0.0" branchCoverage="0" maxCyclomaticComplexity="6" minCyclomaticComplexity="6" maxCrapScore="42" minCrapScore="42" visitedClasses="0" numClasses="0" visitedMethods="0" numMethods="1" />
              <MetadataToken>100663353</MetadataToken>
              <Name>System.Void Assets.SRC.ProceduralMapGeneration.Assets.SRC.ProceduralMapGeneration.Assets.SRC.ProceduralMapGeneration.PathFinding.PathMapBuilder::CreateMap(System.Int32, System.Single, UnityEngine.Transform, Assets.SRC.ProceduralMapGeneration.Assets.SRC.ProceduralMapGeneration.ScriptableObjects.DirectionalTilesScriptableObject, System.Int32)</Name>
              <FileRef uid="17" />
              <SequencePoints>
                <SequencePoint vc="0" uspid="21261" ordinal="0" offset="0" sl="27" sc="9" el="27" ec="9" bec="0" bev="0" fileid="17" />
                <SequencePoint vc="0" uspid="21262" ordinal="0" offset="1" sl="28" sc="13" el="28" ec="13" bec="0" bev="0" fileid="17" />
                <SequencePoint vc="0" uspid="21263" ordinal="0" offset="13" sl="29" sc="13" el="29" ec="13" bec="0" bev="0" fileid="17" />
                <SequencePoint vc="0" uspid="21264" ordinal="0" offset="27" sl="30" sc="13" el="30" ec="13" bec="0" bev="0" fileid="17" />
                <SequencePoint vc="0" uspid="21265" ordinal="0" offset="41" sl="31" sc="13" el="31" ec="13" bec="0" bev="0" fileid="17" />
                <SequencePoint vc="0" uspid="21266" ordinal="0" offset="47" sl="32" sc="13" el="32" ec="13" bec="0" bev="0" fileid="17" />
                <SequencePoint vc="0" uspid="21267" ordinal="0" offset="53" sl="33" sc="18" el="33" ec="18" bec="0" bev="0" fileid="17" />
                <SequencePoint vc="0" uspid="21268" ordinal="0" offset="58" sl="34" sc="13" el="34" ec="13" bec="0" bev="0" fileid="17" />
                <SequencePoint vc="0" uspid="21269" ordinal="0" offset="59" sl="35" sc="17" el="35" ec="17" bec="0" bev="0" fileid="17" />
                <SequencePoint vc="0" uspid="21270" ordinal="0" offset="74" sl="36" sc="13" el="36" ec="13" bec="0" bev="0" fileid="17" />
                <SequencePoint vc="0" uspid="21271" ordinal="0" offset="75" sl="33" sc="49" el="33" ec="49" bec="0" bev="0" fileid="17" />
                <SequencePoint vc="0" uspid="21272" ordinal="0" offset="81" sl="33" sc="29" el="33" ec="29" bec="0" bev="0" fileid="17" />
                <SequencePoint vc="0" uspid="21273" ordinal="0" offset="94" sl="37" sc="13" el="37" ec="13" bec="0" bev="0" fileid="17" />
                <SequencePoint vc="0" uspid="21274" ordinal="0" offset="105" sl="38" sc="13" el="38" ec="13" bec="0" bev="0" fileid="17" />
                <SequencePoint vc="0" uspid="21275" ordinal="0" offset="113" sl="39" sc="13" el="39" ec="13" bec="0" bev="0" fileid="17" />
                <SequencePoint vc="0" uspid="21276" ordinal="0" offset="128" sl="41" sc="13" el="41" ec="13" bec="0" bev="0" fileid="17" />
                <SequencePoint vc="0" uspid="21277" ordinal="0" offset="129" sl="42" sc="17" el="42" ec="17" bec="0" bev="0" fileid="17" />
                <SequencePoint vc="0" uspid="21278" ordinal="0" offset="135" sl="43" sc="17" el="43" ec="17" bec="0" bev="0" fileid="17" />
                <SequencePoint vc="0" uspid="21279" ordinal="0" offset="176" sl="44" sc="17" el="44" ec="17" bec="0" bev="0" fileid="17" />
                <SequencePoint vc="0" uspid="21280" ordinal="0" offset="195" sl="45" sc="17" el="45" ec="17" bec="0" bev="0" fileid="17" />
                <SequencePoint vc="0" uspid="21281" ordinal="0" offset="233" sl="46" sc="22" el="46" ec="22" bec="0" bev="0" fileid="17" />
                <SequencePoint vc="0" uspid="21282" ordinal="0" offset="243" sl="47" sc="17" el="47" ec="17" bec="0" bev="0" fileid="17" />
                <SequencePoint vc="0" uspid="21283" ordinal="0" offset="244" sl="48" sc="21" el="48" ec="21" bec="0" bev="0" fileid="17" />
                <SequencePoint vc="0" uspid="21284" ordinal="0" offset="272" sl="51" sc="21" el="51" ec="21" bec="0" bev="0" fileid="17" />
                <SequencePoint vc="0" uspid="21285" ordinal="0" offset="273" sl="52" sc="25" el="52" ec="25" bec="0" bev="0" fileid="17" />
                <SequencePoint vc="0" uspid="21286" ordinal="0" offset="304" sl="53" sc="21" el="53" ec="21" bec="0" bev="0" fileid="17" />
                <SequencePoint vc="0" uspid="21287" ordinal="0" offset="305" sl="54" sc="17" el="54" ec="17" bec="0" bev="0" fileid="17" />
                <SequencePoint vc="0" uspid="21288" ordinal="0" offset="306" sl="46" sc="50" el="46" ec="50" bec="0" bev="0" fileid="17" />
                <SequencePoint vc="0" uspid="21289" ordinal="0" offset="326" sl="46" sc="33" el="46" ec="33" bec="0" bev="0" fileid="17" />
                <SequencePoint vc="0" uspid="21290" ordinal="0" offset="355" sl="55" sc="13" el="55" ec="13" bec="0" bev="0" fileid="17" />
                <SequencePoint vc="0" uspid="21291" ordinal="0" offset="356" sl="40" sc="13" el="40" ec="13" bec="0" bev="0" fileid="17" />
                <SequencePoint vc="0" uspid="21292" ordinal="0" offset="375" sl="57" sc="13" el="57" ec="13" bec="0" bev="0" fileid="17" />
                <SequencePoint vc="0" uspid="21293" ordinal="0" offset="394" sl="58" sc="13" el="58" ec="13" bec="0" bev="0" fileid="17" />
                <SequencePoint vc="0" uspid="21294" ordinal="0" offset="418" sl="59" sc="13" el="59" ec="13" bec="0" bev="0" fileid="17" />
                <SequencePoint vc="0" uspid="21295" ordinal="0" offset="442" sl="60" sc="13" el="60" ec="13" bec="0" bev="0" fileid="17" />
                <SequencePoint vc="0" uspid="21296" ordinal="0" offset="465" sl="61" sc="13" el="61" ec="13" bec="0" bev="0" fileid="17" />
                <SequencePoint vc="0" uspid="21297" ordinal="0" offset="485" sl="62" sc="9" el="62" ec="9" bec="0" bev="0" fileid="17" />
              </SequencePoints>
              <BranchPoints />
            </Method>
            <Method visited="false" cyclomaticComplexity="1" nPathComplexity="0" sequenceCoverage="0.0" branchCoverage="0" crapScore="2" isConstructor="true" isStatic="false" isGetter="false" isSetter="false">
              <Summary numSequencePoints="5" visitedSequencePoints="0" numBranchPoints="0" visitedBranchPoints="0" sequenceCoverage="0.0" branchCoverage="0" maxCyclomaticComplexity="1" minCyclomaticComplexity="1" maxCrapScore="2" minCrapScore="2" visitedClasses="0" numClasses="0" visitedMethods="0" numMethods="1" />
              <MetadataToken>100663354</MetadataToken>
              <Name>Assets.SRC.ProceduralMapGeneration.Assets.SRC.ProceduralMapGeneration.Assets.SRC.ProceduralMapGeneration.PathFinding.PathMapBuilder::PathMapBuilder()</Name>
              <FileRef uid="17" />
              <SequencePoints>
                <SequencePoint vc="0" uspid="21298" ordinal="0" offset="0" sl="11" sc="9" el="11" ec="9" bec="0" bev="0" fileid="17" />
                <SequencePoint vc="0" uspid="21299" ordinal="0" offset="11" sl="13" sc="9" el="13" ec="9" bec="0" bev="0" fileid="17" />
                <SequencePoint vc="0" uspid="21300" ordinal="0" offset="22" sl="14" sc="9" el="14" ec="9" bec="0" bev="0" fileid="17" />
                <SequencePoint vc="0" uspid="21301" ordinal="0" offset="33" sl="15" sc="9" el="15" ec="9" bec="0" bev="0" fileid="17" />
                <SequencePoint vc="0" uspid="21302" ordinal="0" offset="44" sl="16" sc="9" el="16" ec="9" bec="0" bev="0" fileid="17" />
              </SequencePoints>
              <BranchPoints />
            </Method>
          </Methods>
        </Class>
        <Class>
          <Summary numSequencePoints="17" visitedSequencePoints="0" numBranchPoints="0" visitedBranchPoints="0" sequenceCoverage="0.0" branchCoverage="0.0" maxCyclomaticComplexity="3" minCyclomaticComplexity="3" maxCrapScore="12" minCrapScore="12" visitedClasses="0" numClasses="1" visitedMethods="0" numMethods="1" />
          <FullName>Assets.SRC.ProceduralMapGeneration.Assets.SRC.ProceduralMapGeneration.Noise.PerlinNoiseGenerator</FullName>
          <Methods>
            <Method visited="false" cyclomaticComplexity="3" nPathComplexity="0" sequenceCoverage="0.0" branchCoverage="0" crapScore="12" isConstructor="false" isStatic="false" isGetter="false" isSetter="false">
              <Summary numSequencePoints="17" visitedSequencePoints="0" numBranchPoints="0" visitedBranchPoints="0" sequenceCoverage="0.0" branchCoverage="0" maxCyclomaticComplexity="3" minCyclomaticComplexity="3" maxCrapScore="12" minCrapScore="12" visitedClasses="0" numClasses="0" visitedMethods="0" numMethods="1" />
              <MetadataToken>100663355</MetadataToken>
              <Name>UnityEngine.Texture2D Assets.SRC.ProceduralMapGeneration.Assets.SRC.ProceduralMapGeneration.Noise.PerlinNoiseGenerator::GeneratePerlinNoise2DTexture(System.Int32, System.Single)</Name>
              <FileRef uid="18" />
              <SequencePoints>
                <SequencePoint vc="0" uspid="21303" ordinal="0" offset="0" sl="14" sc="9" el="14" ec="9" bec="0" bev="0" fileid="18" />
                <SequencePoint vc="0" uspid="21304" ordinal="0" offset="1" sl="15" sc="13" el="15" ec="13" bec="0" bev="0" fileid="18" />
                <SequencePoint vc="0" uspid="21305" ordinal="0" offset="9" sl="16" sc="18" el="16" ec="18" bec="0" bev="0" fileid="18" />
                <SequencePoint vc="0" uspid="21306" ordinal="0" offset="13" sl="17" sc="13" el="17" ec="13" bec="0" bev="0" fileid="18" />
                <SequencePoint vc="0" uspid="21307" ordinal="0" offset="14" sl="18" sc="22" el="18" ec="22" bec="0" bev="0" fileid="18" />
                <SequencePoint vc="0" uspid="21308" ordinal="0" offset="18" sl="19" sc="17" el="19" ec="17" bec="0" bev="0" fileid="18" />
                <SequencePoint vc="0" uspid="21309" ordinal="0" offset="19" sl="20" sc="21" el="20" ec="21" bec="0" bev="0" fileid="18" />
                <SequencePoint vc="0" uspid="21310" ordinal="0" offset="33" sl="21" sc="21" el="21" ec="21" bec="0" bev="0" fileid="18" />
                <SequencePoint vc="0" uspid="21311" ordinal="0" offset="50" sl="22" sc="17" el="22" ec="17" bec="0" bev="0" fileid="18" />
                <SequencePoint vc="0" uspid="21312" ordinal="0" offset="51" sl="18" sc="43" el="18" ec="43" bec="0" bev="0" fileid="18" />
                <SequencePoint vc="0" uspid="21313" ordinal="0" offset="55" sl="18" sc="33" el="18" ec="33" bec="0" bev="0" fileid="18" />
                <SequencePoint vc="0" uspid="21314" ordinal="0" offset="65" sl="23" sc="13" el="23" ec="13" bec="0" bev="0" fileid="18" />
                <SequencePoint vc="0" uspid="21315" ordinal="0" offset="66" sl="16" sc="39" el="16" ec="39" bec="0" bev="0" fileid="18" />
                <SequencePoint vc="0" uspid="21316" ordinal="0" offset="70" sl="16" sc="29" el="16" ec="29" bec="0" bev="0" fileid="18" />
                <SequencePoint vc="0" uspid="21317" ordinal="0" offset="80" sl="25" sc="13" el="25" ec="13" bec="0" bev="0" fileid="18" />
                <SequencePoint vc="0" uspid="21318" ordinal="0" offset="87" sl="26" sc="13" el="26" ec="13" bec="0" bev="0" fileid="18" />
                <SequencePoint vc="0" uspid="21319" ordinal="0" offset="92" sl="27" sc="9" el="27" ec="9" bec="0" bev="0" fileid="18" />
              </SequencePoints>
              <BranchPoints />
            </Method>
          </Methods>
        </Class>
        <Class>
          <Summary numSequencePoints="1" visitedSequencePoints="0" numBranchPoints="0" visitedBranchPoints="0" sequenceCoverage="0.0" branchCoverage="0.0" maxCyclomaticComplexity="3" minCyclomaticComplexity="3" maxCrapScore="12" minCrapScore="12" visitedClasses="0" numClasses="1" visitedMethods="0" numMethods="1" />
          <FullName>Assets.SRC.ProceduralMapGeneration.Assets.SRC.ProceduralMapGeneration.Assets.SRC.ProceduralMapGeneration.PathFinding.PathMapBuilder/&lt;&gt;c__DisplayClass5_1</FullName>
          <Methods>
            <Method visited="false" cyclomaticComplexity="3" nPathComplexity="0" sequenceCoverage="0.0" branchCoverage="0" crapScore="12" isConstructor="false" isStatic="false" isGetter="false" isSetter="false">
              <Summary numSequencePoints="1" visitedSequencePoints="0" numBranchPoints="0" visitedBranchPoints="0" sequenceCoverage="0.0" branchCoverage="0" maxCyclomaticComplexity="3" minCyclomaticComplexity="3" maxCrapScore="12" minCrapScore="12" visitedClasses="0" numClasses="0" visitedMethods="0" numMethods="1" />
              <MetadataToken>100663365</MetadataToken>
              <Name>System.Boolean Assets.SRC.ProceduralMapGeneration.Assets.SRC.ProceduralMapGeneration.Assets.SRC.ProceduralMapGeneration.PathFinding.PathMapBuilder/&lt;&gt;c__DisplayClass5_1::&lt;CreateMap&gt;b__0(UnityEngine.Vector3)</Name>
              <FileRef uid="17" />
              <SequencePoints>
                <SequencePoint vc="0" uspid="21320" ordinal="0" offset="0" sl="48" sc="44" el="48" ec="44" bec="0" bev="0" fileid="17" />
              </SequencePoints>
              <BranchPoints />
            </Method>
          </Methods>
        </Class>
      </Classes>
    </Module>
  </Modules>
</CoverageSession>