<?xml version="1.0" encoding="utf-8"?>
<CoverageSession xmlns:xsd="http://www.w3.org/2001/XMLSchema" xmlns:xsi="http://www.w3.org/2001/XMLSchema-instance" Version="0.0.0.0">
  <Summary numSequencePoints="90" visitedSequencePoints="90" numBranchPoints="0" visitedBranchPoints="0" sequenceCoverage="100.0" branchCoverage="0.0" maxCyclomaticComplexity="10" minCyclomaticComplexity="1" maxCrapScore="10" minCrapScore="1" visitedClasses="3" numClasses="3" visitedMethods="4" numMethods="4" />
  <Modules>
    <Module>
      <Summary numSequencePoints="81" visitedSequencePoints="81" numBranchPoints="0" visitedBranchPoints="0" sequenceCoverage="100.0" branchCoverage="0.0" maxCyclomaticComplexity="10" minCyclomaticComplexity="2" maxCrapScore="10" minCrapScore="2" visitedClasses="2" numClasses="2" visitedMethods="3" numMethods="3" />
      <ModuleTime>0001-01-01T00:00:00</ModuleTime>
      <ModuleName>ProceduralMapGenerationAssembly</ModuleName>
      <Files>
        <File uid="1" fullPath="C:/git/Unity.DungeonCrawler/DungeonCrawler/Assets/SRC/ProceduralMapGeneration/Utilities/ChunkHandler.cs" />
        <File uid="2" fullPath="C:/git/Unity.DungeonCrawler/DungeonCrawler/Assets/SRC/ProceduralMapGeneration/Utilities/GridCreate.cs" />
        <File uid="3" fullPath="C:/git/Unity.DungeonCrawler/DungeonCrawler/Assets/SRC/ProceduralMapGeneration/Utilities/PopulateTilePositions.cs" />
        <File uid="4" fullPath="C:/git/Unity.DungeonCrawler/DungeonCrawler/Assets/SRC/ProceduralMapGeneration/Structs/DirectionIDStruct.cs" />
        <File uid="5" fullPath="C:/git/Unity.DungeonCrawler/DungeonCrawler/Assets/SRC/ProceduralMapGeneration/Structs/MapBuilderStruct.cs" />
        <File uid="6" fullPath="C:/git/Unity.DungeonCrawler/DungeonCrawler/Assets/SRC/ProceduralMapGeneration/ScriptableObjects/DirectionalTilesScriptableObject.cs" />
        <File uid="7" fullPath="C:/git/Unity.DungeonCrawler/DungeonCrawler/Assets/SRC/ProceduralMapGeneration/Noise/PerlinNoiseGenerator.cs" />
        <File uid="8" fullPath="C:/git/Unity.DungeonCrawler/DungeonCrawler/Assets/SRC/ProceduralMapGeneration/PathFinding/NewPathFinding.cs" />
        <File uid="9" fullPath="C:/git/Unity.DungeonCrawler/DungeonCrawler/Assets/SRC/ProceduralMapGeneration/PathFinding/PathMapBuilder.cs" />
      </Files>
      <Classes>
        <Class>
          <Summary numSequencePoints="47" visitedSequencePoints="47" numBranchPoints="0" visitedBranchPoints="0" sequenceCoverage="100.0" branchCoverage="0.0" maxCyclomaticComplexity="10" minCyclomaticComplexity="10" maxCrapScore="10" minCrapScore="10" visitedClasses="1" numClasses="1" visitedMethods="1" numMethods="1" />
          <FullName>Assets.SRC.ProceduralMapGeneration.Assets.SRC.ProceduralMapGeneration.Utilities.ChunkHandler</FullName>
          <Methods>
            <Method visited="true" cyclomaticComplexity="10" nPathComplexity="0" sequenceCoverage="100.0" branchCoverage="0" crapScore="10" isConstructor="false" isStatic="false" isGetter="false" isSetter="false">
              <Summary numSequencePoints="47" visitedSequencePoints="47" numBranchPoints="0" visitedBranchPoints="0" sequenceCoverage="100.0" branchCoverage="0" maxCyclomaticComplexity="10" minCyclomaticComplexity="10" maxCrapScore="10" minCrapScore="10" visitedClasses="0" numClasses="0" visitedMethods="1" numMethods="1" />
              <MetadataToken>100663301</MetadataToken>
              <Name>System.Collections.Generic.List[GameObject] Assets.SRC.ProceduralMapGeneration.Assets.SRC.ProceduralMapGeneration.Utilities.ChunkHandler::FindChunkNeigbors(System.Single, System.Collections.Generic.List[GameObject])</Name>
              <FileRef uid="1" />
              <SequencePoints>
                <SequencePoint vc="3" uspid="29728" ordinal="0" offset="0" sl="22" sc="9" el="22" ec="9" bec="0" bev="0" fileid="1">
                  <TrackedMethodRefs>
                    <TrackedMethodRef uid="0" vc="3" />
                  </TrackedMethodRefs>
                </SequencePoint>
                <SequencePoint vc="3" uspid="29729" ordinal="0" offset="1" sl="23" sc="13" el="23" ec="13" bec="0" bev="0" fileid="1">
                  <TrackedMethodRefs>
                    <TrackedMethodRef uid="0" vc="3" />
                  </TrackedMethodRefs>
                </SequencePoint>
                <SequencePoint vc="3" uspid="29730" ordinal="0" offset="7" sl="24" sc="13" el="24" ec="13" bec="0" bev="0" fileid="1">
                  <TrackedMethodRefs>
                    <TrackedMethodRef uid="0" vc="3" />
                  </TrackedMethodRefs>
                </SequencePoint>
                <SequencePoint vc="3" uspid="29731" ordinal="0" offset="13" sl="26" sc="18" el="26" ec="18" bec="0" bev="0" fileid="1">
                  <TrackedMethodRefs>
                    <TrackedMethodRef uid="0" vc="3" />
                  </TrackedMethodRefs>
                </SequencePoint>
                <SequencePoint vc="648" uspid="29732" ordinal="0" offset="17" sl="27" sc="13" el="27" ec="13" bec="0" bev="0" fileid="1">
                  <TrackedMethodRefs>
                    <TrackedMethodRef uid="0" vc="648" />
                  </TrackedMethodRefs>
                </SequencePoint>
                <SequencePoint vc="648" uspid="29733" ordinal="0" offset="18" sl="28" sc="17" el="28" ec="17" bec="0" bev="0" fileid="1">
                  <TrackedMethodRefs>
                    <TrackedMethodRef uid="0" vc="648" />
                  </TrackedMethodRefs>
                </SequencePoint>
                <SequencePoint vc="648" uspid="29734" ordinal="0" offset="49" sl="29" sc="13" el="29" ec="13" bec="0" bev="0" fileid="1">
                  <TrackedMethodRefs>
                    <TrackedMethodRef uid="0" vc="648" />
                  </TrackedMethodRefs>
                </SequencePoint>
                <SequencePoint vc="648" uspid="29735" ordinal="0" offset="50" sl="26" sc="45" el="26" ec="45" bec="0" bev="0" fileid="1">
                  <TrackedMethodRefs>
                    <TrackedMethodRef uid="0" vc="648" />
                  </TrackedMethodRefs>
                </SequencePoint>
                <SequencePoint vc="651" uspid="29736" ordinal="0" offset="54" sl="26" sc="29" el="26" ec="29" bec="0" bev="0" fileid="1">
                  <TrackedMethodRefs>
                    <TrackedMethodRef uid="0" vc="651" />
                  </TrackedMethodRefs>
                </SequencePoint>
                <SequencePoint vc="3" uspid="29737" ordinal="0" offset="67" sl="31" sc="18" el="31" ec="18" bec="0" bev="0" fileid="1">
                  <TrackedMethodRefs>
                    <TrackedMethodRef uid="0" vc="3" />
                  </TrackedMethodRefs>
                </SequencePoint>
                <SequencePoint vc="648" uspid="29738" ordinal="0" offset="75" sl="32" sc="13" el="32" ec="13" bec="0" bev="0" fileid="1">
                  <TrackedMethodRefs>
                    <TrackedMethodRef uid="0" vc="648" />
                  </TrackedMethodRefs>
                </SequencePoint>
                <SequencePoint vc="648" uspid="29739" ordinal="0" offset="76" sl="33" sc="17" el="33" ec="17" bec="0" bev="0" fileid="1">
                  <TrackedMethodRefs>
                    <TrackedMethodRef uid="0" vc="648" />
                  </TrackedMethodRefs>
                </SequencePoint>
                <SequencePoint vc="648" uspid="29740" ordinal="0" offset="98" sl="34" sc="17" el="34" ec="17" bec="0" bev="0" fileid="1">
                  <TrackedMethodRefs>
                    <TrackedMethodRef uid="0" vc="648" />
                  </TrackedMethodRefs>
                </SequencePoint>
                <SequencePoint vc="648" uspid="29741" ordinal="0" offset="99" sl="35" sc="21" el="35" ec="21" bec="0" bev="0" fileid="1">
                  <TrackedMethodRefs>
                    <TrackedMethodRef uid="0" vc="648" />
                  </TrackedMethodRefs>
                </SequencePoint>
                <SequencePoint vc="648" uspid="29742" ordinal="0" offset="126" sl="37" sc="21" el="37" ec="21" bec="0" bev="0" fileid="1">
                  <TrackedMethodRefs>
                    <TrackedMethodRef uid="0" vc="648" />
                  </TrackedMethodRefs>
                </SequencePoint>
                <SequencePoint vc="648" uspid="29743" ordinal="0" offset="141" sl="39" sc="21" el="39" ec="21" bec="0" bev="0" fileid="1">
                  <TrackedMethodRefs>
                    <TrackedMethodRef uid="0" vc="648" />
                  </TrackedMethodRefs>
                </SequencePoint>
                <SequencePoint vc="648" uspid="29744" ordinal="0" offset="161" sl="41" sc="21" el="41" ec="21" bec="0" bev="0" fileid="1">
                  <TrackedMethodRefs>
                    <TrackedMethodRef uid="0" vc="648" />
                  </TrackedMethodRefs>
                </SequencePoint>
                <SequencePoint vc="540" uspid="29745" ordinal="0" offset="183" sl="42" sc="21" el="42" ec="21" bec="0" bev="0" fileid="1">
                  <TrackedMethodRefs>
                    <TrackedMethodRef uid="0" vc="540" />
                  </TrackedMethodRefs>
                </SequencePoint>
                <SequencePoint vc="540" uspid="29746" ordinal="0" offset="184" sl="43" sc="25" el="43" ec="25" bec="0" bev="0" fileid="1">
                  <TrackedMethodRefs>
                    <TrackedMethodRef uid="0" vc="540" />
                  </TrackedMethodRefs>
                </SequencePoint>
                <SequencePoint vc="540" uspid="29747" ordinal="0" offset="198" sl="44" sc="21" el="44" ec="21" bec="0" bev="0" fileid="1">
                  <TrackedMethodRefs>
                    <TrackedMethodRef uid="0" vc="540" />
                  </TrackedMethodRefs>
                </SequencePoint>
                <SequencePoint vc="648" uspid="29748" ordinal="0" offset="199" sl="45" sc="21" el="45" ec="21" bec="0" bev="0" fileid="1">
                  <TrackedMethodRefs>
                    <TrackedMethodRef uid="0" vc="648" />
                  </TrackedMethodRefs>
                </SequencePoint>
                <SequencePoint vc="540" uspid="29749" ordinal="0" offset="221" sl="46" sc="21" el="46" ec="21" bec="0" bev="0" fileid="1">
                  <TrackedMethodRefs>
                    <TrackedMethodRef uid="0" vc="540" />
                  </TrackedMethodRefs>
                </SequencePoint>
                <SequencePoint vc="540" uspid="29750" ordinal="0" offset="222" sl="47" sc="25" el="47" ec="25" bec="0" bev="0" fileid="1">
                  <TrackedMethodRefs>
                    <TrackedMethodRef uid="0" vc="540" />
                  </TrackedMethodRefs>
                </SequencePoint>
                <SequencePoint vc="540" uspid="29751" ordinal="0" offset="236" sl="48" sc="21" el="48" ec="21" bec="0" bev="0" fileid="1">
                  <TrackedMethodRefs>
                    <TrackedMethodRef uid="0" vc="540" />
                  </TrackedMethodRefs>
                </SequencePoint>
                <SequencePoint vc="648" uspid="29752" ordinal="0" offset="237" sl="49" sc="21" el="49" ec="21" bec="0" bev="0" fileid="1">
                  <TrackedMethodRefs>
                    <TrackedMethodRef uid="0" vc="648" />
                  </TrackedMethodRefs>
                </SequencePoint>
                <SequencePoint vc="540" uspid="29753" ordinal="0" offset="259" sl="50" sc="21" el="50" ec="21" bec="0" bev="0" fileid="1">
                  <TrackedMethodRefs>
                    <TrackedMethodRef uid="0" vc="540" />
                  </TrackedMethodRefs>
                </SequencePoint>
                <SequencePoint vc="540" uspid="29754" ordinal="0" offset="260" sl="51" sc="25" el="51" ec="25" bec="0" bev="0" fileid="1">
                  <TrackedMethodRefs>
                    <TrackedMethodRef uid="0" vc="540" />
                  </TrackedMethodRefs>
                </SequencePoint>
                <SequencePoint vc="540" uspid="29755" ordinal="0" offset="274" sl="52" sc="21" el="52" ec="21" bec="0" bev="0" fileid="1">
                  <TrackedMethodRefs>
                    <TrackedMethodRef uid="0" vc="540" />
                  </TrackedMethodRefs>
                </SequencePoint>
                <SequencePoint vc="648" uspid="29756" ordinal="0" offset="275" sl="53" sc="21" el="53" ec="21" bec="0" bev="0" fileid="1">
                  <TrackedMethodRefs>
                    <TrackedMethodRef uid="0" vc="648" />
                  </TrackedMethodRefs>
                </SequencePoint>
                <SequencePoint vc="540" uspid="29757" ordinal="0" offset="297" sl="54" sc="21" el="54" ec="21" bec="0" bev="0" fileid="1">
                  <TrackedMethodRefs>
                    <TrackedMethodRef uid="0" vc="540" />
                  </TrackedMethodRefs>
                </SequencePoint>
                <SequencePoint vc="540" uspid="29758" ordinal="0" offset="298" sl="55" sc="25" el="55" ec="25" bec="0" bev="0" fileid="1">
                  <TrackedMethodRefs>
                    <TrackedMethodRef uid="0" vc="540" />
                  </TrackedMethodRefs>
                </SequencePoint>
                <SequencePoint vc="540" uspid="29759" ordinal="0" offset="312" sl="56" sc="21" el="56" ec="21" bec="0" bev="0" fileid="1">
                  <TrackedMethodRefs>
                    <TrackedMethodRef uid="0" vc="540" />
                  </TrackedMethodRefs>
                </SequencePoint>
                <SequencePoint vc="648" uspid="29760" ordinal="0" offset="313" sl="57" sc="21" el="57" ec="21" bec="0" bev="0" fileid="1">
                  <TrackedMethodRefs>
                    <TrackedMethodRef uid="0" vc="648" />
                  </TrackedMethodRefs>
                </SequencePoint>
                <SequencePoint vc="540" uspid="29761" ordinal="0" offset="335" sl="58" sc="21" el="58" ec="21" bec="0" bev="0" fileid="1">
                  <TrackedMethodRefs>
                    <TrackedMethodRef uid="0" vc="540" />
                  </TrackedMethodRefs>
                </SequencePoint>
                <SequencePoint vc="540" uspid="29762" ordinal="0" offset="336" sl="59" sc="25" el="59" ec="25" bec="0" bev="0" fileid="1">
                  <TrackedMethodRefs>
                    <TrackedMethodRef uid="0" vc="540" />
                  </TrackedMethodRefs>
                </SequencePoint>
                <SequencePoint vc="540" uspid="29763" ordinal="0" offset="350" sl="60" sc="21" el="60" ec="21" bec="0" bev="0" fileid="1">
                  <TrackedMethodRefs>
                    <TrackedMethodRef uid="0" vc="540" />
                  </TrackedMethodRefs>
                </SequencePoint>
                <SequencePoint vc="648" uspid="29764" ordinal="0" offset="351" sl="61" sc="21" el="61" ec="21" bec="0" bev="0" fileid="1">
                  <TrackedMethodRefs>
                    <TrackedMethodRef uid="0" vc="648" />
                  </TrackedMethodRefs>
                </SequencePoint>
                <SequencePoint vc="540" uspid="29765" ordinal="0" offset="373" sl="62" sc="21" el="62" ec="21" bec="0" bev="0" fileid="1">
                  <TrackedMethodRefs>
                    <TrackedMethodRef uid="0" vc="540" />
                  </TrackedMethodRefs>
                </SequencePoint>
                <SequencePoint vc="540" uspid="29766" ordinal="0" offset="374" sl="63" sc="25" el="63" ec="25" bec="0" bev="0" fileid="1">
                  <TrackedMethodRefs>
                    <TrackedMethodRef uid="0" vc="540" />
                  </TrackedMethodRefs>
                </SequencePoint>
                <SequencePoint vc="540" uspid="29767" ordinal="0" offset="388" sl="64" sc="21" el="64" ec="21" bec="0" bev="0" fileid="1">
                  <TrackedMethodRefs>
                    <TrackedMethodRef uid="0" vc="540" />
                  </TrackedMethodRefs>
                </SequencePoint>
                <SequencePoint vc="648" uspid="29768" ordinal="0" offset="389" sl="66" sc="21" el="66" ec="21" bec="0" bev="0" fileid="1">
                  <TrackedMethodRefs>
                    <TrackedMethodRef uid="0" vc="648" />
                  </TrackedMethodRefs>
                </SequencePoint>
                <SequencePoint vc="648" uspid="29769" ordinal="0" offset="414" sl="67" sc="17" el="67" ec="17" bec="0" bev="0" fileid="1">
                  <TrackedMethodRefs>
                    <TrackedMethodRef uid="0" vc="648" />
                  </TrackedMethodRefs>
                </SequencePoint>
                <SequencePoint vc="648" uspid="29770" ordinal="0" offset="415" sl="68" sc="13" el="68" ec="13" bec="0" bev="0" fileid="1">
                  <TrackedMethodRefs>
                    <TrackedMethodRef uid="0" vc="648" />
                  </TrackedMethodRefs>
                </SequencePoint>
                <SequencePoint vc="648" uspid="29771" ordinal="0" offset="416" sl="31" sc="45" el="31" ec="45" bec="0" bev="0" fileid="1">
                  <TrackedMethodRefs>
                    <TrackedMethodRef uid="0" vc="648" />
                  </TrackedMethodRefs>
                </SequencePoint>
                <SequencePoint vc="651" uspid="29772" ordinal="0" offset="422" sl="31" sc="29" el="31" ec="29" bec="0" bev="0" fileid="1">
                  <TrackedMethodRefs>
                    <TrackedMethodRef uid="0" vc="651" />
                  </TrackedMethodRefs>
                </SequencePoint>
                <SequencePoint vc="3" uspid="29773" ordinal="0" offset="441" sl="69" sc="13" el="69" ec="13" bec="0" bev="0" fileid="1">
                  <TrackedMethodRefs>
                    <TrackedMethodRef uid="0" vc="3" />
                  </TrackedMethodRefs>
                </SequencePoint>
                <SequencePoint vc="3" uspid="29774" ordinal="0" offset="446" sl="70" sc="9" el="70" ec="9" bec="0" bev="0" fileid="1">
                  <TrackedMethodRefs>
                    <TrackedMethodRef uid="0" vc="3" />
                  </TrackedMethodRefs>
                </SequencePoint>
              </SequencePoints>
              <BranchPoints />
            </Method>
          </Methods>
        </Class>
        <Class>
          <Summary numSequencePoints="34" visitedSequencePoints="34" numBranchPoints="0" visitedBranchPoints="0" sequenceCoverage="100.0" branchCoverage="0.0" maxCyclomaticComplexity="4" minCyclomaticComplexity="2" maxCrapScore="4" minCrapScore="2" visitedClasses="1" numClasses="1" visitedMethods="2" numMethods="2" />
          <FullName>Assets.SRC.ProceduralMapGeneration.Assets.SRC.ProceduralMapGeneration.Utilities.GridCreate</FullName>
          <Methods>
            <Method visited="true" cyclomaticComplexity="4" nPathComplexity="0" sequenceCoverage="100.0" branchCoverage="0" crapScore="4" isConstructor="false" isStatic="false" isGetter="false" isSetter="false">
              <Summary numSequencePoints="21" visitedSequencePoints="21" numBranchPoints="0" visitedBranchPoints="0" sequenceCoverage="100.0" branchCoverage="0" maxCyclomaticComplexity="4" minCyclomaticComplexity="4" maxCrapScore="4" minCrapScore="4" visitedClasses="0" numClasses="0" visitedMethods="1" numMethods="1" />
              <MetadataToken>100663306</MetadataToken>
              <Name>UnityEngine.Vector3[] Assets.SRC.ProceduralMapGeneration.Assets.SRC.ProceduralMapGeneration.Utilities.GridCreate::SquareGrid3D(System.Int32, System.Single)</Name>
              <FileRef uid="2" />
              <SequencePoints>
                <SequencePoint vc="3" uspid="29830" ordinal="0" offset="0" sl="72" sc="9" el="72" ec="9" bec="0" bev="0" fileid="2">
                  <TrackedMethodRefs>
                    <TrackedMethodRef uid="0" vc="3" />
                  </TrackedMethodRefs>
                </SequencePoint>
                <SequencePoint vc="3" uspid="29831" ordinal="0" offset="1" sl="73" sc="13" el="73" ec="13" bec="0" bev="0" fileid="2">
                  <TrackedMethodRefs>
                    <TrackedMethodRef uid="0" vc="3" />
                  </TrackedMethodRefs>
                </SequencePoint>
                <SequencePoint vc="3" uspid="29832" ordinal="0" offset="7" sl="74" sc="18" el="74" ec="18" bec="0" bev="0" fileid="2">
                  <TrackedMethodRefs>
                    <TrackedMethodRef uid="0" vc="3" />
                  </TrackedMethodRefs>
                </SequencePoint>
                <SequencePoint vc="18" uspid="29833" ordinal="0" offset="11" sl="75" sc="13" el="75" ec="13" bec="0" bev="0" fileid="2">
                  <TrackedMethodRefs>
                    <TrackedMethodRef uid="0" vc="18" />
                  </TrackedMethodRefs>
                </SequencePoint>
                <SequencePoint vc="18" uspid="29834" ordinal="0" offset="12" sl="76" sc="22" el="76" ec="22" bec="0" bev="0" fileid="2">
                  <TrackedMethodRefs>
                    <TrackedMethodRef uid="0" vc="18" />
                  </TrackedMethodRefs>
                </SequencePoint>
                <SequencePoint vc="108" uspid="29835" ordinal="0" offset="16" sl="77" sc="17" el="77" ec="17" bec="0" bev="0" fileid="2">
                  <TrackedMethodRefs>
                    <TrackedMethodRef uid="0" vc="108" />
                  </TrackedMethodRefs>
                </SequencePoint>
                <SequencePoint vc="108" uspid="29836" ordinal="0" offset="17" sl="78" sc="26" el="78" ec="26" bec="0" bev="0" fileid="2">
                  <TrackedMethodRefs>
                    <TrackedMethodRef uid="0" vc="108" />
                  </TrackedMethodRefs>
                </SequencePoint>
                <SequencePoint vc="648" uspid="29837" ordinal="0" offset="21" sl="79" sc="21" el="79" ec="21" bec="0" bev="0" fileid="2">
                  <TrackedMethodRefs>
                    <TrackedMethodRef uid="0" vc="648" />
                  </TrackedMethodRefs>
                </SequencePoint>
                <SequencePoint vc="648" uspid="29838" ordinal="0" offset="22" sl="80" sc="25" el="80" ec="25" bec="0" bev="0" fileid="2">
                  <TrackedMethodRefs>
                    <TrackedMethodRef uid="0" vc="648" />
                  </TrackedMethodRefs>
                </SequencePoint>
                <SequencePoint vc="648" uspid="29839" ordinal="0" offset="53" sl="84" sc="25" el="84" ec="25" bec="0" bev="0" fileid="2">
                  <TrackedMethodRefs>
                    <TrackedMethodRef uid="0" vc="648" />
                  </TrackedMethodRefs>
                </SequencePoint>
                <SequencePoint vc="648" uspid="29840" ordinal="0" offset="62" sl="85" sc="21" el="85" ec="21" bec="0" bev="0" fileid="2">
                  <TrackedMethodRefs>
                    <TrackedMethodRef uid="0" vc="648" />
                  </TrackedMethodRefs>
                </SequencePoint>
                <SequencePoint vc="648" uspid="29841" ordinal="0" offset="63" sl="78" sc="51" el="78" ec="51" bec="0" bev="0" fileid="2">
                  <TrackedMethodRefs>
                    <TrackedMethodRef uid="0" vc="648" />
                  </TrackedMethodRefs>
                </SequencePoint>
                <SequencePoint vc="756" uspid="29842" ordinal="0" offset="67" sl="78" sc="37" el="78" ec="37" bec="0" bev="0" fileid="2">
                  <TrackedMethodRefs>
                    <TrackedMethodRef uid="0" vc="756" />
                  </TrackedMethodRefs>
                </SequencePoint>
                <SequencePoint vc="108" uspid="29843" ordinal="0" offset="77" sl="86" sc="17" el="86" ec="17" bec="0" bev="0" fileid="2">
                  <TrackedMethodRefs>
                    <TrackedMethodRef uid="0" vc="108" />
                  </TrackedMethodRefs>
                </SequencePoint>
                <SequencePoint vc="108" uspid="29844" ordinal="0" offset="78" sl="76" sc="47" el="76" ec="47" bec="0" bev="0" fileid="2">
                  <TrackedMethodRefs>
                    <TrackedMethodRef uid="0" vc="108" />
                  </TrackedMethodRefs>
                </SequencePoint>
                <SequencePoint vc="126" uspid="29845" ordinal="0" offset="82" sl="76" sc="33" el="76" ec="33" bec="0" bev="0" fileid="2">
                  <TrackedMethodRefs>
                    <TrackedMethodRef uid="0" vc="126" />
                  </TrackedMethodRefs>
                </SequencePoint>
                <SequencePoint vc="18" uspid="29846" ordinal="0" offset="92" sl="87" sc="13" el="87" ec="13" bec="0" bev="0" fileid="2">
                  <TrackedMethodRefs>
                    <TrackedMethodRef uid="0" vc="18" />
                  </TrackedMethodRefs>
                </SequencePoint>
                <SequencePoint vc="18" uspid="29847" ordinal="0" offset="93" sl="74" sc="43" el="74" ec="43" bec="0" bev="0" fileid="2">
                  <TrackedMethodRefs>
                    <TrackedMethodRef uid="0" vc="18" />
                  </TrackedMethodRefs>
                </SequencePoint>
                <SequencePoint vc="21" uspid="29848" ordinal="0" offset="97" sl="74" sc="29" el="74" ec="29" bec="0" bev="0" fileid="2">
                  <TrackedMethodRefs>
                    <TrackedMethodRef uid="0" vc="21" />
                  </TrackedMethodRefs>
                </SequencePoint>
                <SequencePoint vc="3" uspid="29849" ordinal="0" offset="107" sl="88" sc="13" el="88" ec="13" bec="0" bev="0" fileid="2">
                  <TrackedMethodRefs>
                    <TrackedMethodRef uid="0" vc="3" />
                  </TrackedMethodRefs>
                </SequencePoint>
                <SequencePoint vc="3" uspid="29850" ordinal="0" offset="117" sl="89" sc="9" el="89" ec="9" bec="0" bev="0" fileid="2">
                  <TrackedMethodRefs>
                    <TrackedMethodRef uid="0" vc="3" />
                  </TrackedMethodRefs>
                </SequencePoint>
              </SequencePoints>
              <BranchPoints />
            </Method>
            <Method visited="true" cyclomaticComplexity="2" nPathComplexity="0" sequenceCoverage="100.0" branchCoverage="0" crapScore="2" isConstructor="false" isStatic="false" isGetter="false" isSetter="false">
              <Summary numSequencePoints="13" visitedSequencePoints="13" numBranchPoints="0" visitedBranchPoints="0" sequenceCoverage="100.0" branchCoverage="0" maxCyclomaticComplexity="2" minCyclomaticComplexity="2" maxCrapScore="2" minCrapScore="2" visitedClasses="0" numClasses="0" visitedMethods="1" numMethods="1" />
              <MetadataToken>100663307</MetadataToken>
              <Name>System.Collections.Generic.List[GameObject] Assets.SRC.ProceduralMapGeneration.Assets.SRC.ProceduralMapGeneration.Utilities.GridCreate::PlaceGameObjectsAtGridPositions(UnityEngine.Vector3[], UnityEngine.Transform)</Name>
              <FileRef uid="2" />
              <SequencePoints>
                <SequencePoint vc="3" uspid="29851" ordinal="0" offset="0" sl="101" sc="9" el="101" ec="9" bec="0" bev="0" fileid="2">
                  <TrackedMethodRefs>
                    <TrackedMethodRef uid="0" vc="3" />
                  </TrackedMethodRefs>
                </SequencePoint>
                <SequencePoint vc="3" uspid="29852" ordinal="0" offset="1" sl="102" sc="13" el="102" ec="13" bec="0" bev="0" fileid="2">
                  <TrackedMethodRefs>
                    <TrackedMethodRef uid="0" vc="3" />
                  </TrackedMethodRefs>
                </SequencePoint>
                <SequencePoint vc="3" uspid="29853" ordinal="0" offset="10" sl="103" sc="18" el="103" ec="18" bec="0" bev="0" fileid="2">
                  <TrackedMethodRefs>
                    <TrackedMethodRef uid="0" vc="3" />
                  </TrackedMethodRefs>
                </SequencePoint>
                <SequencePoint vc="648" uspid="29854" ordinal="0" offset="14" sl="104" sc="13" el="104" ec="13" bec="0" bev="0" fileid="2">
                  <TrackedMethodRefs>
                    <TrackedMethodRef uid="0" vc="648" />
                  </TrackedMethodRefs>
                </SequencePoint>
                <SequencePoint vc="648" uspid="29855" ordinal="0" offset="15" sl="105" sc="17" el="105" ec="17" bec="0" bev="0" fileid="2">
                  <TrackedMethodRefs>
                    <TrackedMethodRef uid="0" vc="648" />
                  </TrackedMethodRefs>
                </SequencePoint>
                <SequencePoint vc="648" uspid="29856" ordinal="0" offset="21" sl="106" sc="17" el="106" ec="17" bec="0" bev="0" fileid="2">
                  <TrackedMethodRefs>
                    <TrackedMethodRef uid="0" vc="648" />
                  </TrackedMethodRefs>
                </SequencePoint>
                <SequencePoint vc="648" uspid="29857" ordinal="0" offset="40" sl="107" sc="17" el="107" ec="17" bec="0" bev="0" fileid="2">
                  <TrackedMethodRefs>
                    <TrackedMethodRef uid="0" vc="648" />
                  </TrackedMethodRefs>
                </SequencePoint>
                <SequencePoint vc="648" uspid="29858" ordinal="0" offset="53" sl="108" sc="17" el="108" ec="17" bec="0" bev="0" fileid="2">
                  <TrackedMethodRefs>
                    <TrackedMethodRef uid="0" vc="648" />
                  </TrackedMethodRefs>
                </SequencePoint>
                <SequencePoint vc="648" uspid="29859" ordinal="0" offset="61" sl="109" sc="13" el="109" ec="13" bec="0" bev="0" fileid="2">
                  <TrackedMethodRefs>
                    <TrackedMethodRef uid="0" vc="648" />
                  </TrackedMethodRefs>
                </SequencePoint>
                <SequencePoint vc="648" uspid="29860" ordinal="0" offset="62" sl="103" sc="46" el="103" ec="46" bec="0" bev="0" fileid="2">
                  <TrackedMethodRefs>
                    <TrackedMethodRef uid="0" vc="648" />
                  </TrackedMethodRefs>
                </SequencePoint>
                <SequencePoint vc="651" uspid="29861" ordinal="0" offset="66" sl="103" sc="29" el="103" ec="29" bec="0" bev="0" fileid="2">
                  <TrackedMethodRefs>
                    <TrackedMethodRef uid="0" vc="651" />
                  </TrackedMethodRefs>
                </SequencePoint>
                <SequencePoint vc="3" uspid="29862" ordinal="0" offset="76" sl="110" sc="13" el="110" ec="13" bec="0" bev="0" fileid="2">
                  <TrackedMethodRefs>
                    <TrackedMethodRef uid="0" vc="3" />
                  </TrackedMethodRefs>
                </SequencePoint>
                <SequencePoint vc="3" uspid="29863" ordinal="0" offset="81" sl="111" sc="9" el="111" ec="9" bec="0" bev="0" fileid="2">
                  <TrackedMethodRefs>
                    <TrackedMethodRef uid="0" vc="3" />
                  </TrackedMethodRefs>
                </SequencePoint>
              </SequencePoints>
              <BranchPoints />
            </Method>
          </Methods>
        </Class>
      </Classes>
      <TrackedMethods>
        <TrackedMethod uid="0" token="100663305" name="System.Void Assets.SRC.ProceduralMapGeneration.Utilities.Tests.GridCreate_Tests::Validate_FindChunkNeigbors(System.Int32, System.Single)" strategy="Test" />
      </TrackedMethods>
    </Module>
    <Module>
      <Summary numSequencePoints="9" visitedSequencePoints="9" numBranchPoints="0" visitedBranchPoints="0" sequenceCoverage="100.0" branchCoverage="0.0" maxCyclomaticComplexity="1" minCyclomaticComplexity="1" maxCrapScore="1" minCrapScore="1" visitedClasses="1" numClasses="1" visitedMethods="1" numMethods="1" />
      <ModuleTime>0001-01-01T00:00:00</ModuleTime>
      <ModuleName>SharedAssembly</ModuleName>
      <Files>
        <File uid="10" fullPath="C:/git/Unity.DungeonCrawler/DungeonCrawler/Assets/SRC/Shared/Utilities/GenericUtilities.cs" />
        <File uid="11" fullPath="C:/git/Unity.DungeonCrawler/DungeonCrawler/Assets/SRC/Shared/Utilities/VectorMath.cs" />
        <File uid="12" fullPath="C:/git/Unity.DungeonCrawler/DungeonCrawler/Assets/SRC/Shared/Exceptions/CustomExceptions.cs" />
      </Files>
      <Classes>
        <Class>
          <Summary numSequencePoints="9" visitedSequencePoints="9" numBranchPoints="0" visitedBranchPoints="0" sequenceCoverage="100.0" branchCoverage="0.0" maxCyclomaticComplexity="1" minCyclomaticComplexity="1" maxCrapScore="1" minCrapScore="1" visitedClasses="1" numClasses="1" visitedMethods="1" numMethods="1" />
          <FullName>Assets.SRC.ProceduralMapGeneration.Assets.SRC.Shared.Assets.SRC.Shared.Utilities.GenericUtilities</FullName>
          <Methods>
            <Method visited="true" cyclomaticComplexity="1" nPathComplexity="0" sequenceCoverage="100.0" branchCoverage="0" crapScore="1" isConstructor="false" isStatic="false" isGetter="false" isSetter="false">
              <Summary numSequencePoints="9" visitedSequencePoints="9" numBranchPoints="0" visitedBranchPoints="0" sequenceCoverage="100.0" branchCoverage="0" maxCyclomaticComplexity="1" minCyclomaticComplexity="1" maxCrapScore="1" minCrapScore="1" visitedClasses="0" numClasses="0" visitedMethods="1" numMethods="1" />
              <MetadataToken>100663297</MetadataToken>
              <Name>UnityEngine.Vector3[] Assets.SRC.ProceduralMapGeneration.Assets.SRC.Shared.Assets.SRC.Shared.Utilities.GenericUtilities::NeighborsPosition(System.Single, UnityEngine.Vector3)</Name>
              <FileRef uid="10" />
              <SequencePoints>
                <SequencePoint vc="648" uspid="30088" ordinal="0" offset="0" sl="17" sc="9" el="17" ec="9" bec="0" bev="0" fileid="10">
                  <TrackedMethodRefs>
                    <TrackedMethodRef uid="1" vc="648" />
                  </TrackedMethodRefs>
                </SequencePoint>
                <SequencePoint vc="648" uspid="30089" ordinal="0" offset="1" sl="26" sc="13" el="26" ec="13" bec="0" bev="0" fileid="10">
                  <TrackedMethodRefs>
                    <TrackedMethodRef uid="1" vc="648" />
                  </TrackedMethodRefs>
                </SequencePoint>
                <SequencePoint vc="648" uspid="30090" ordinal="0" offset="19" sl="27" sc="13" el="27" ec="13" bec="0" bev="0" fileid="10">
                  <TrackedMethodRefs>
                    <TrackedMethodRef uid="1" vc="648" />
                  </TrackedMethodRefs>
                </SequencePoint>
                <SequencePoint vc="648" uspid="30091" ordinal="0" offset="37" sl="28" sc="13" el="28" ec="13" bec="0" bev="0" fileid="10">
                  <TrackedMethodRefs>
                    <TrackedMethodRef uid="1" vc="648" />
                  </TrackedMethodRefs>
                </SequencePoint>
                <SequencePoint vc="648" uspid="30092" ordinal="0" offset="55" sl="29" sc="13" el="29" ec="13" bec="0" bev="0" fileid="10">
                  <TrackedMethodRefs>
                    <TrackedMethodRef uid="1" vc="648" />
                  </TrackedMethodRefs>
                </SequencePoint>
                <SequencePoint vc="648" uspid="30093" ordinal="0" offset="73" sl="30" sc="13" el="30" ec="13" bec="0" bev="0" fileid="10">
                  <TrackedMethodRefs>
                    <TrackedMethodRef uid="1" vc="648" />
                  </TrackedMethodRefs>
                </SequencePoint>
                <SequencePoint vc="648" uspid="30094" ordinal="0" offset="92" sl="31" sc="13" el="31" ec="13" bec="0" bev="0" fileid="10">
                  <TrackedMethodRefs>
                    <TrackedMethodRef uid="1" vc="648" />
                  </TrackedMethodRefs>
                </SequencePoint>
                <SequencePoint vc="648" uspid="30095" ordinal="0" offset="111" sl="33" sc="13" el="33" ec="13" bec="0" bev="0" fileid="10">
                  <TrackedMethodRefs>
                    <TrackedMethodRef uid="1" vc="648" />
                  </TrackedMethodRefs>
                </SequencePoint>
                <SequencePoint vc="648" uspid="30096" ordinal="0" offset="171" sl="34" sc="9" el="34" ec="9" bec="0" bev="0" fileid="10">
                  <TrackedMethodRefs>
                    <TrackedMethodRef uid="1" vc="648" />
                  </TrackedMethodRefs>
                </SequencePoint>
              </SequencePoints>
              <BranchPoints />
            </Method>
          </Methods>
        </Class>
      </Classes>
      <TrackedMethods>
        <TrackedMethod uid="1" token="100663305" name="System.Void Assets.SRC.ProceduralMapGeneration.Utilities.Tests.GridCreate_Tests::Validate_FindChunkNeigbors(System.Int32, System.Single)" strategy="Test" />
      </TrackedMethods>
    </Module>
  </Modules>
</CoverageSession>